###############################################################################
#                                                                             #
# IAR C/C++ Compiler V8.10.1.10194/W32 for 8051         02/Sep/2019  17:11:32 #
# Copyright 2004-2011 IAR Systems AB.                                         #
#                                                                             #
#    Core               =  plain                                              #
#    Code model         =  banked                                             #
#    Data model         =  large                                              #
#    Calling convention =  xdata reentrant                                    #
#    Constant location  =  data_rom                                           #
#    Dptr setup         =  1,16                                               #
#    Source file        =  C:\Users\Administrator\Desktop\ZStack-CC2530-r200_ #
#                          1\Components\mt\MT.c                               #
#    Command line       =  -f C:\Users\Administrator\Desktop\ZStack-CC2530-r2 #
#                          00_1\Projects\SappWsn\..\zstack\Tools\CC2530DB\f8w #
#                          Coord.cfg (-DCPU32MHZ -DROOT=__near_func           #
#                          -DMAC_CFG_APP_PENDING_QUEUE=TRUE                   #
#                          -DMAC_CFG_TX_DATA_MAX=5 -DMAC_CFG_TX_MAX=8         #
#                          -DMAC_CFG_RX_MAX=5 -DZDO_COORDINATOR -DRTR_NWK)    #
#                          -f C:\Users\Administrator\Desktop\ZStack-CC2530-r2 #
#                          00_1\Projects\SappWsn\..\zstack\Tools\CC2530DB\f8w #
#                          Config.cfg (-DZIGBEEPRO -DSECURE=0                 #
#                          -DZG_SECURE_DYNAMIC=0 -DREFLECTOR                  #
#                          -DDEFAULT_CHANLIST=0x00000800                      #
#                          -DZDAPP_CONFIG_PAN_ID=0x94127                      #
#                          -DNWK_START_DELAY=100 -DEXTENDED_JOINING_RANDOM_MA #
#                          SK=0x007F -DBEACON_REQUEST_DELAY=100               #
#                          -DBEACON_REQ_DELAY_MASK=0x00FF                     #
#                          -DLINK_STATUS_JITTER_MASK=0x007F                   #
#                          -DROUTE_EXPIRY_TIME=30 -DAPSC_ACK_WAIT_DURATION_PO #
#                          LLED=3000 -DNWK_INDIRECT_MSG_TIMEOUT=7             #
#                          -DMAX_RREQ_ENTRIES=8 -DAPSC_MAX_FRAME_RETRIES=3    #
#                          -DNWK_MAX_DATA_RETRIES=2                           #
#                          -DMAX_POLL_FAILURE_RETRIES=2 -DMAX_BCAST=9         #
#                          -DAPS_MAX_GROUPS=16 -DMAX_RTG_ENTRIES=40           #
#                          -DNWK_MAX_BINDING_ENTRIES=4                        #
#                          -DMAX_BINDING_CLUSTER_IDS=4 "-DDEFAULT_KEY={0x01,  #
#                          0x03, 0x05, 0x07, 0x09, 0x0B, 0x0D, 0x0F, 0x00,    #
#                          0x02, 0x04, 0x06, 0x08, 0x0A, 0x0C, 0x0D}"         #
#                          -DMAC_MAX_FRAME_SIZE=116                           #
#                          -DZDNWKMGR_MIN_TRANSMISSIONS=20 "-DCONST=const     #
#                          __code" -DGENERIC=__generic                        #
#                          -DRFD_RCVC_ALWAYS_ON=FALSE -DPOLL_RATE=1000        #
#                          -DQUEUED_POLL_RATE=100 -DRESPONSE_POLL_RATE=100)   #
#                          -DREJOIN_POLL_RATE=440 C:\Users\Administrator\Desk #
#                          top\ZStack-CC2530-r200_1\Components\mt\MT.c -D     #
#                          ZTOOL_P1 -D MT_TASK -D MT_SYS_FUNC -D MT_ZDO_FUNC  #
#                          -D SAPP_ZSTACK -lC C:\Users\Administrator\Desktop\ #
#                          ZStack-CC2530-r200_1\Projects\SappWsn\CoordinatorE #
#                          B\List\ -lA C:\Users\Administrator\Desktop\ZStack- #
#                          CC2530-r200_1\Projects\SappWsn\CoordinatorEB\List\ #
#                           --diag_suppress Pe001,Pa010 -o                    #
#                          C:\Users\Administrator\Desktop\ZStack-CC2530-r200_ #
#                          1\Projects\SappWsn\CoordinatorEB\Obj\ -e           #
#                          --no_code_motion --debug --core=plain --dptr=16,1  #
#                          --data_model=large --code_model=banked             #
#                          --calling_convention=xdata_reentrant               #
#                          --place_constants=data_rom --nr_virtual_regs 16    #
#                          -I C:\Users\Administrator\Desktop\ZStack-CC2530-r2 #
#                          00_1\Projects\SappWsn\ -I                          #
#                          C:\Users\Administrator\Desktop\ZStack-CC2530-r200_ #
#                          1\Projects\SappWsn\Source\ -I                      #
#                          C:\Users\Administrator\Desktop\ZStack-CC2530-r200_ #
#                          1\Projects\SappWsn\..\zstack\ZMain\TI2530DB\ -I    #
#                          C:\Users\Administrator\Desktop\ZStack-CC2530-r200_ #
#                          1\Projects\SappWsn\..\..\Components\hal\include\   #
#                          -I C:\Users\Administrator\Desktop\ZStack-CC2530-r2 #
#                          00_1\Projects\SappWsn\..\..\Components\hal\target\ #
#                          CC2530EB\ -I C:\Users\Administrator\Desktop\ZStack #
#                          -CC2530-r200_1\Projects\SappWsn\..\..\Components\m #
#                          ac\include\ -I C:\Users\Administrator\Desktop\ZSta #
#                          ck-CC2530-r200_1\Projects\SappWsn\..\..\Components #
#                          \mac\high_level\ -I C:\Users\Administrator\Desktop #
#                          \ZStack-CC2530-r200_1\Projects\SappWsn\..\..\Compo #
#                          nents\mac\low_level\srf04\ -I                      #
#                          C:\Users\Administrator\Desktop\ZStack-CC2530-r200_ #
#                          1\Projects\SappWsn\..\..\Components\mac\low_level\ #
#                          srf04\single_chip\ -I C:\Users\Administrator\Deskt #
#                          op\ZStack-CC2530-r200_1\Projects\SappWsn\..\..\Com #
#                          ponents\mt\ -I C:\Users\Administrator\Desktop\ZSta #
#                          ck-CC2530-r200_1\Projects\SappWsn\..\..\Components #
#                          \osal\include\ -I C:\Users\Administrator\Desktop\Z #
#                          Stack-CC2530-r200_1\Projects\SappWsn\..\..\Compone #
#                          nts\services\saddr\ -I C:\Users\Administrator\Desk #
#                          top\ZStack-CC2530-r200_1\Projects\SappWsn\..\..\Co #
#                          mponents\services\sdata\ -I                        #
#                          C:\Users\Administrator\Desktop\ZStack-CC2530-r200_ #
#                          1\Projects\SappWsn\..\..\Components\stack\af\ -I   #
#                          C:\Users\Administrator\Desktop\ZStack-CC2530-r200_ #
#                          1\Projects\SappWsn\..\..\Components\stack\nwk\ -I  #
#                          C:\Users\Administrator\Desktop\ZStack-CC2530-r200_ #
#                          1\Projects\SappWsn\..\..\Components\stack\sapi\    #
#                          -I C:\Users\Administrator\Desktop\ZStack-CC2530-r2 #
#                          00_1\Projects\SappWsn\..\..\Components\stack\sec\  #
#                          -I C:\Users\Administrator\Desktop\ZStack-CC2530-r2 #
#                          00_1\Projects\SappWsn\..\..\Components\stack\sys\  #
#                          -I C:\Users\Administrator\Desktop\ZStack-CC2530-r2 #
#                          00_1\Projects\SappWsn\..\..\Components\stack\zdo\  #
#                          -I C:\Users\Administrator\Desktop\ZStack-CC2530-r2 #
#                          00_1\Projects\SappWsn\..\..\Components\zmac\ -I    #
#                          C:\Users\Administrator\Desktop\ZStack-CC2530-r200_ #
#                          1\Projects\SappWsn\..\..\Components\zmac\f8w\      #
#                          -Ohz --require_prototypes                          #
#    List file          =  C:\Users\Administrator\Desktop\ZStack-CC2530-r200_ #
#                          1\Projects\SappWsn\CoordinatorEB\List\MT.lst       #
#    Object file        =  C:\Users\Administrator\Desktop\ZStack-CC2530-r200_ #
#                          1\Projects\SappWsn\CoordinatorEB\Obj\MT.r51        #
#                                                                             #
#                                                                             #
###############################################################################

C:\Users\Administrator\Desktop\ZStack-CC2530-r200_1\Components\mt\MT.c
      1          /***************************************************************************************************
      2            Filename:       MT.c
      3            Revised:        $Date: 2011-06-07 12:12:44 -0700 (Tue, 07 Jun 2011) $
      4            Revision:       $Revision: 26238 $
      5          
      6            Description:    MonitorTest Event Loop functions.
      7                            Everything in the MonitorTest Task (except the serial driver).
      8          
      9          
     10            Copyright 2007-2011 Texas Instruments Incorporated. All rights reserved.
     11          
     12            IMPORTANT: Your use of this Software is limited to those specific rights
     13            granted under the terms of a software license agreement between the user
     14            who downloaded the software, his/her employer (which must be your employer)
     15            and Texas Instruments Incorporated (the "License").  You may not use this
     16            Software unless you agree to abide by the terms of the License. The License
     17            limits your use, and you acknowledge, that the Software may not be modified,
     18            copied or distributed unless embedded on a Texas Instruments microcontroller
     19            or used solely and exclusively in conjunction with a Texas Instruments radio
     20            frequency transceiver, which is integrated into your product.  Other than for
     21            the foregoing purpose, you may not use, reproduce, copy, prepare derivative
     22            works of, modify, distribute, perform, display or sell this Software and/or
     23            its documentation for any purpose.
     24          
     25            YOU FURTHER ACKNOWLEDGE AND AGREE THAT THE SOFTWARE AND DOCUMENTATION ARE
     26            PROVIDED “AS IS?WITHOUT WARRANTY OF ANY KIND, EITHER EXPRESS OR IMPLIED,
     27            INCLUDING WITHOUT LIMITATION, ANY WARRANTY OF MERCHANTABILITY, TITLE,
     28            NON-INFRINGEMENT AND FITNESS FOR A PARTICULAR PURPOSE. IN NO EVENT SHALL
     29            TEXAS INSTRUMENTS OR ITS LICENSORS BE LIABLE OR OBLIGATED UNDER CONTRACT,
     30            NEGLIGENCE, STRICT LIABILITY, CONTRIBUTION, BREACH OF WARRANTY, OR OTHER
     31            LEGAL EQUITABLE THEORY ANY DIRECT OR INDIRECT DAMAGES OR EXPENSES
     32            INCLUDING BUT NOT LIMITED TO ANY INCIDENTAL, SPECIAL, INDIRECT, PUNITIVE
     33            OR CONSEQUENTIAL DAMAGES, LOST PROFITS OR LOST DATA, COST OF PROCUREMENT
     34            OF SUBSTITUTE GOODS, TECHNOLOGY, SERVICES, OR ANY CLAIMS BY THIRD PARTIES
     35            (INCLUDING BUT NOT LIMITED TO ANY DEFENSE THEREOF), OR OTHER SIMILAR COSTS.
     36          
     37            Should you have any questions regarding your right to use this Software,
     38            contact Texas Instruments Incorporated at www.TI.com.
     39          
     40           **************************************************************************************************/
     41          
     42          /**************************************************************************************************
     43           * INCLUDES
     44           **************************************************************************************************/
     45          
     46          #include "ZComDef.h"
     47          #include "MT.h"
     48          #include "MT_APP.h"
     49          #include "MT_DEBUG.h"
     50          #include "MT_UTIL.h"
     51          #include "MT_SYS.h"
     52          
     53          #include "OnBoard.h"
     54          #include "OSAL.h"
     55          #include "OSAL_Memory.h"
     56          #include "OSAL_Nv.h"
     57          
     58          #include "DebugTrace.h"
     59          #include "ZMAC.h"
     60          
     61          #if !defined ( NONWK )
     62            #include "NLMEDE.h"
     63            #include "nwk_bufs.h"
     64            #include "ZDObject.h"
     65            #include "ssp.h"
     66            #include "nwk_util.h"
     67            #include "AF.h"
     68            #include "MT_SAPI.h"
     69          #endif
     70          
     71          #if defined( MT_MAC_FUNC ) || defined( MT_MAC_CB_FUNC )
     72            #include "MT_MAC.h"
     73          #endif
     74          #if defined( MT_NWK_FUNC ) || defined( MT_NWK_CB_FUNC )
     75            #include "MT_NWK.h"
     76            #include "nwk.h"
     77            #include "nwk_bufs.h"
     78          #endif
     79          #if defined( MT_AF_FUNC ) || defined( MT_AF_CB_FUNC )
     80            #include "MT_AF.h"
     81          #endif
     82          #if defined( MT_USER_TEST_FUNC )
     83            #include "AF.h"
     84          #endif
     85          #if defined( MT_ZDO_FUNC )
     86            #include "MT_ZDO.h"
     87          #endif
     88          #if defined (MT_SAPI_FUNC)
     89          	#include "MT_SAPI.h"
     90          #endif
     91          #if defined (MT_OTA_FUNC)
     92            #include "MT_OTA.h"
     93          #endif
     94          
     95          #if defined( APP_TP )
     96           #include "TestProfile.h"
     97          #endif
     98          #if defined( APP_TP2 )
     99           #include "TestProfile2.h"
    100          #endif
    101          
    102          #if defined(APP_TGEN)
    103            #include "TrafficGenApp.h"
    104          #endif
    105          #if defined(APP_DEBUG)
    106          	#include "DebugApp.h"
    107          #endif
    108          #if defined (NWK_TEST)
    109          	#include "HWTTApp.h"
    110          #endif
    111          
    112          /* HAL */
    113          #include "hal_uart.h"
    114          #include "hal_led.h"
    115          #include "hal_key.h"
    116          #include "MT_UART.h"
    117          
    118          /**************************************************************************************************
    119           * CONSTANTS
    120           **************************************************************************************************/
    121          

   \                                 In  segment XDATA_I, align 1, keep-with-next
    122          mtProcessMsg_t mtProcessIncoming[] =
   \                     mtProcessIncoming:
   \   000000                DS 22
   \   000016                REQUIRE `?<Initializer for mtProcessIncoming>`
   \   000016                REQUIRE __INIT_XDATA_I
    123          {
    124            NULL,
    125          
    126          #if defined (MT_SYS_FUNC)
    127            MT_SysCommandProcessing,
    128          #else
    129            NULL,
    130          #endif
    131          
    132          #if defined (MT_MAC_FUNC)
    133            MT_MacCommandProcessing,
    134          #else
    135            NULL,
    136          #endif
    137          
    138          #if defined (MT_NWK_FUNC)
    139            MT_NwkCommandProcessing,
    140          #else
    141            NULL,
    142          #endif
    143          
    144          #if defined (MT_AF_FUNC)
    145            MT_AfCommandProcessing,
    146          #else
    147            NULL,
    148          #endif
    149          
    150          #if defined (MT_ZDO_FUNC)
    151            MT_ZdoCommandProcessing,
    152          #else
    153            NULL,
    154          #endif
    155          
    156          #if defined (MT_SAPI_FUNC)
    157            MT_SapiCommandProcessing,
    158          #else
    159            NULL,
    160          #endif
    161          
    162          #if defined (MT_UTIL_FUNC)
    163            MT_UtilCommandProcessing,
    164          #else
    165            NULL,
    166          #endif
    167          
    168          #if defined (MT_DEBUG_FUNC)
    169            MT_DebugCommandProcessing,
    170          #else
    171            NULL,
    172          #endif
    173          
    174          #if defined (MT_APP_FUNC)
    175            MT_AppCommandProcessing,
    176          #else
    177            NULL,
    178          #endif
    179          
    180          #if defined (MT_OTA_FUNC)
    181            MT_OtaCommandProcessing,
    182          #else
    183            NULL,
    184          #endif
    185          };
    186          
    187          /**************************************************************************************************
    188           * GLOBAL VARIABLES
    189           **************************************************************************************************/
    190          

   \                                 In  segment XDATA_Z, align 1, keep-with-next
    191          byte debugThreshold;
   \                     debugThreshold:
   \   000000                DS 1
   \   000001                REQUIRE __INIT_XDATA_Z

   \                                 In  segment XDATA_Z, align 1, keep-with-next
    192          byte debugCompId;
   \                     debugCompId:
   \   000000                DS 1
   \   000001                REQUIRE __INIT_XDATA_Z
    193          
    194          /**************************************************************************************************
    195           * LOCAL FUNCTIONS
    196           **************************************************************************************************/
    197          
    198          void MT_MsgQueueInit( void );
    199          void MT_ResetMsgQueue( void );
    200          byte MT_QueueMsg( byte *msg , byte len );
    201          void MT_ProcessQueue( void );
    202          
    203          #if defined ( MT_USER_TEST_FUNC )
    204          void MT_ProcessAppUserCmd( byte *pData );
    205          #endif
    206          
    207          /**************************************************************************************************
    208           * @fn         MT_Init
    209           *
    210           * @brief      This function is the secondary initialization that resolves conflicts during
    211           *             osalInitTasks(). For example, since MT is the highest priority task, and
    212           *             specifically because the MT task is initialized before the ZDApp task, if MT_Init()
    213           *             registers anything with ZDO_RegisterForZdoCB(), it is wiped out when ZDApp task
    214           *             initialization invokes ZDApp_InitZdoCBFunc().
    215           *             There may be other existing or future such races, so try to do all possible
    216           *             MT initialization here vice in MT_TaskInit().
    217           *
    218           * input parameters
    219           *
    220           * None.
    221           *
    222           * output parameters
    223           *
    224           * None.
    225           *
    226           * @return      None.
    227           **************************************************************************************************
    228           */

   \                                 In  segment BANKED_CODE, align 1, keep-with-next
    229          void MT_Init(void)
   \                     MT_Init:
    230          {
   \   000000   C082         PUSH    DPL
   \   000002   C083         PUSH    DPH
   \   000004                ; Saved register size: 2
   \   000004                ; Auto size: 0
    231          #if defined (MT_ZDO_FUNC)
    232            MT_ZdoInit();
   \   000004                ; Setup parameters for call to function MT_ZdoInit
   \   000004   12....       LCALL   ??MT_ZdoInit?relay
    233          #endif
    234            MT_SysResetInd();
   \   000007                ; Setup parameters for call to function MT_SysResetInd
   \   000007   12....       LCALL   ??MT_SysResetInd?relay
    235          }
   \   00000A                REQUIRE ?Subroutine0
   \   00000A                ; // Fall through to label ?Subroutine0

   \                                 In  segment BANKED_CODE, align 1, keep-with-next
   \                     ?Subroutine0:
   \   000000   D083         POP     DPH
   \   000002   D082         POP     DPL
   \   000004   02....       LJMP    ?BRET
    236          
    237          /***************************************************************************************************
    238           * @fn      MT_BuildSPIMsg
    239           *
    240           * @brief
    241           *
    242           *   Format an SPI message.
    243           *
    244           * @param   UINT16 cmd - command id
    245           * @param   byte *msg - pointer to message buffer
    246           * @param   byte dataLen - length of data field
    247           * @param   byte *pData - pointer to data field
    248           *
    249           * @return  void
    250           ***************************************************************************************************/

   \                                 In  segment BANKED_CODE, align 1, keep-with-next
    251          void MT_BuildSPIMsg( uint8 cmdType, uint8 cmdId, byte *msg, byte dataLen, byte *pData )
   \                     MT_BuildSPIMsg:
    252          {
   \   000000   74F0         MOV     A,#-0x10
   \   000002   12....       LCALL   ?BANKED_ENTER_XDATA
   \   000005                ; Saved register size: 16
   \   000005                ; Auto size: 0
   \   000005   EC           MOV     A,R4
   \   000006   FE           MOV     R6,A
   \   000007   ED           MOV     A,R5
   \   000008   FF           MOV     R7,A
   \   000009   7410         MOV     A,#0x10
   \   00000B   12....       LCALL   ?XSTACK_DISP0_8
   \   00000E   E0           MOVX    A,@DPTR
   \   00000F   F5..         MOV     ?V0 + 0,A
   \   000011   A3           INC     DPTR
   \   000012   E0           MOVX    A,@DPTR
   \   000013   F5..         MOV     ?V0 + 1,A
    253            /* Fill in the CMD and Data Length */
    254            *msg++ = dataLen;
   \   000015   8E82         MOV     DPL,R6
   \   000017   8F83         MOV     DPH,R7
   \   000019   EB           MOV     A,R3
   \   00001A   F0           MOVX    @DPTR,A
   \   00001B   A3           INC     DPTR
    255            *msg++ = cmdType;
   \   00001C   E9           MOV     A,R1
   \   00001D   F0           MOVX    @DPTR,A
   \   00001E   A3           INC     DPTR
    256            *msg++ = cmdId;
   \   00001F   EA           MOV     A,R2
   \   000020   F0           MOVX    @DPTR,A
   \   000021   A3           INC     DPTR
   \   000022   AE82         MOV     R6,DPL
   \   000024   AF83         MOV     R7,DPH
    257          
    258            /* Fill in the data */
    259            if ( pData )
   \   000026   E5..         MOV     A,?V0 + 0
   \   000028   45..         ORL     A,?V0 + 1
   \   00002A   6020         JZ      ??MT_BuildSPIMsg_0
    260            {
    261              osal_memcpy( msg, pData, dataLen );
   \   00002C                ; Setup parameters for call to function osal_memcpy
   \   00002C   85....       MOV     ?V0 + 4,?V0 + 0
   \   00002F   85....       MOV     ?V0 + 5,?V0 + 1
   \   000032   75..00       MOV     ?V0 + 6,#0x0
   \   000035   78..         MOV     R0,#?V0 + 4
   \   000037   12....       LCALL   ?PUSH_XSTACK_I_THREE
   \   00003A   8B..         MOV     ?V0 + 0,R3
   \   00003C   AC..         MOV     R4,?V0 + 0
   \   00003E   7D00         MOV     R5,#0x0
   \   000040   EE           MOV     A,R6
   \   000041   FA           MOV     R2,A
   \   000042   EF           MOV     A,R7
   \   000043   FB           MOV     R3,A
   \   000044   12....       LCALL   ??osal_memcpy?relay
   \   000047   7403         MOV     A,#0x3
   \   000049   12....       LCALL   ?DEALLOC_XSTACK8
    262            }
    263          }
   \                     ??MT_BuildSPIMsg_0:
   \   00004C                REQUIRE ?Subroutine1
   \   00004C                ; // Fall through to label ?Subroutine1

   \                                 In  segment BANKED_CODE, align 1, keep-with-next
   \                     ?Subroutine1:
   \   000000   7F08         MOV     R7,#0x8
   \   000002   02....       LJMP    ?BANKED_LEAVE_XDATA
    264          
    265          /***************************************************************************************************
    266           * @fn      MT_BuildAndSendZToolResponse
    267           *
    268           * @brief   Build and send a ZTOOL msg
    269           * @param   uint8 cmdType - include type and subsystem
    270           *          uint8 cmdId - command ID
    271           *          byte dataLen
    272           *          byte *pData
    273           *
    274           * @return  void
    275           ***************************************************************************************************/

   \                                 In  segment BANKED_CODE, align 1, keep-with-next
    276          void MT_BuildAndSendZToolResponse(uint8 cmdType, uint8 cmdId, uint8 dataLen, uint8 *pData)
   \                     MT_BuildAndSendZToolResponse:
    277          {
   \   000000   74F0         MOV     A,#-0x10
   \   000002   12....       LCALL   ?BANKED_ENTER_XDATA
   \   000005                ; Saved register size: 16
   \   000005                ; Auto size: 0
   \   000005   89..         MOV     ?V0 + 1,R1
   \   000007   8A..         MOV     ?V0 + 4,R2
   \   000009   8B..         MOV     ?V0 + 0,R3
   \   00000B   8C..         MOV     ?V0 + 2,R4
   \   00000D   8D..         MOV     ?V0 + 3,R5
    278            uint8 *msg_ptr;
    279          
    280            /* Allocate memory including SOP and FCS */
    281            msg_ptr = MT_TransportAlloc((mtRpcCmdType_t)(cmdType & 0xE0), dataLen);
   \   00000F                ; Setup parameters for call to function MT_TransportAlloc
   \   00000F   AA..         MOV     R2,?V0 + 0
   \   000011   74E0         MOV     A,#-0x20
   \   000013   55..         ANL     A,?V0 + 1
   \   000015   F9           MOV     R1,A
   \   000016   12....       LCALL   ??MT_TransportAlloc?relay
   \   000019   8A..         MOV     ?V0 + 6,R2
   \   00001B   8B..         MOV     ?V0 + 7,R3
   \   00001D   AE..         MOV     R6,?V0 + 6
   \   00001F   AF..         MOV     R7,?V0 + 7
    282          
    283            if (msg_ptr)
   \   000021   EE           MOV     A,R6
   \   000022   4F           ORL     A,R7
   \   000023   601E         JZ      ??MT_BuildAndSendZToolResponse_0
    284            {
    285              /* Build the message */
    286              MT_BuildSPIMsg(cmdType, cmdId, msg_ptr, dataLen, pData);
   \   000025                ; Setup parameters for call to function MT_BuildSPIMsg
   \   000025   78..         MOV     R0,#?V0 + 2
   \   000027   12....       LCALL   ?PUSH_XSTACK_I_TWO
   \   00002A   AB..         MOV     R3,?V0 + 0
   \   00002C   EE           MOV     A,R6
   \   00002D   FC           MOV     R4,A
   \   00002E   EF           MOV     A,R7
   \   00002F   FD           MOV     R5,A
   \   000030   AA..         MOV     R2,?V0 + 4
   \   000032   A9..         MOV     R1,?V0 + 1
   \   000034   12....       LCALL   ??MT_BuildSPIMsg?relay
   \   000037   7402         MOV     A,#0x2
   \   000039   12....       LCALL   ?DEALLOC_XSTACK8
    287              /* Send out the msg */
    288              MT_TransportSend(msg_ptr);
   \   00003C                ; Setup parameters for call to function MT_TransportSend
   \   00003C   EE           MOV     A,R6
   \   00003D   FA           MOV     R2,A
   \   00003E   EF           MOV     A,R7
   \   00003F   FB           MOV     R3,A
   \   000040   12....       LCALL   ??MT_TransportSend?relay
    289            }
    290          }
   \                     ??MT_BuildAndSendZToolResponse_0:
   \   000043   80..         SJMP    ?Subroutine1
    291          
    292          /***************************************************************************************************
    293           * @fn      MT_ProcessIncoming
    294           *
    295           * @brief  Process Incoming Message.
    296           *
    297           * @param   byte *pBuf - pointer to event message
    298           *
    299           * @return  void
    300           ***************************************************************************************************/

   \                                 In  segment BANKED_CODE, align 1, keep-with-next
    301          void MT_ProcessIncoming(uint8 *pBuf)
   \                     MT_ProcessIncoming:
    302          {
   \   000000   C082         PUSH    DPL
   \   000002   C083         PUSH    DPH
   \   000004                ; Saved register size: 2
   \   000004                ; Auto size: 3
   \   000004   74FD         MOV     A,#-0x3
   \   000006   12....       LCALL   ?ALLOC_XSTACK8
    303            mtProcessMsg_t func;
    304            uint8 rsp[MT_RPC_FRAME_HDR_SZ];
    305          
    306            /* pre-build response message:  | status | cmd0 | cmd1 | */
    307            rsp[1] = pBuf[MT_RPC_POS_CMD0];
   \   000009   8A82         MOV     DPL,R2
   \   00000B   8B83         MOV     DPH,R3
   \   00000D   A3           INC     DPTR
   \   00000E   E0           MOVX    A,@DPTR
   \   00000F   C0E0         PUSH    A
   \   000011   7401         MOV     A,#0x1
   \   000013   12....       LCALL   ?XSTACK_DISP0_8
   \   000016   D0E0         POP     A
   \   000018   F0           MOVX    @DPTR,A
    308            rsp[2] = pBuf[MT_RPC_POS_CMD1];
   \   000019   8A82         MOV     DPL,R2
   \   00001B   8B83         MOV     DPH,R3
   \   00001D   A3           INC     DPTR
   \   00001E   A3           INC     DPTR
   \   00001F   E0           MOVX    A,@DPTR
   \   000020   C0E0         PUSH    A
   \   000022   7402         MOV     A,#0x2
   \   000024   12....       LCALL   ?XSTACK_DISP0_8
   \   000027   D0E0         POP     A
   \   000029   F0           MOVX    @DPTR,A
    309          
    310            /* check length */
    311            if (pBuf[MT_RPC_POS_LEN] > MT_RPC_DATA_MAX)
   \   00002A   8A82         MOV     DPL,R2
   \   00002C   8B83         MOV     DPH,R3
   \   00002E   E0           MOVX    A,@DPTR
   \   00002F   C3           CLR     C
   \   000030   94FB         SUBB    A,#-0x5
   \   000032   400A         JC      ??MT_ProcessIncoming_0
    312            {
    313              rsp[0] = MT_RPC_ERR_LENGTH;
   \   000034   85..82       MOV     DPL,?XSP + 0
   \   000037   85..83       MOV     DPH,?XSP + 1
   \   00003A   7404         MOV     A,#0x4
   \   00003C   8044         SJMP    ??MT_ProcessIncoming_1
    314            }
    315            /* check subsystem range */
    316            else if ((rsp[1] & MT_RPC_SUBSYSTEM_MASK) < MT_RPC_SYS_MAX)
   \                     ??MT_ProcessIncoming_0:
   \   00003E   7401         MOV     A,#0x1
   \   000040   12....       LCALL   ?XSTACK_DISP0_8
   \   000043   E0           MOVX    A,@DPTR
   \   000044   541F         ANL     A,#0x1f
   \   000046   C3           CLR     C
   \   000047   940B         SUBB    A,#0xb
   \   000049   502F         JNC     ??MT_ProcessIncoming_2
    317            {
    318              /* look up processing function */
    319              func = mtProcessIncoming[rsp[1] & MT_RPC_SUBSYSTEM_MASK];
   \   00004B   E0           MOVX    A,@DPTR
   \   00004C   541F         ANL     A,#0x1f
   \   00004E   C3           CLR     C
   \   00004F   33           RLC     A
   \   000050   F8           MOV     R0,A
   \   000051   74..         MOV     A,#mtProcessIncoming & 0xff
   \   000053   28           ADD     A,R0
   \   000054   F582         MOV     DPL,A
   \   000056   74..         MOV     A,#(mtProcessIncoming >> 8) & 0xff
   \   000058   3400         ADDC    A,#0x0
   \   00005A   F583         MOV     DPH,A
   \   00005C   E0           MOVX    A,@DPTR
   \   00005D   F8           MOV     R0,A
   \   00005E   A3           INC     DPTR
   \   00005F   E0           MOVX    A,@DPTR
   \   000060   F9           MOV     R1,A
   \   000061   8882         MOV     DPL,R0
   \   000063   8983         MOV     DPH,R1
    320              if (func)
   \   000065   E582         MOV     A,DPL
   \   000067   4583         ORL     A,DPH
   \   000069   600F         JZ      ??MT_ProcessIncoming_2
    321              {
    322                /* execute processing function */
    323                rsp[0] = (*func)(pBuf);
   \   00006B                ; Setup parameters for indirect call
   \   00006B   12....       LCALL   ?CALL_IND
   \   00006E   E9           MOV     A,R1
   \   00006F   85..82       MOV     DPL,?XSP + 0
   \   000072   85..83       MOV     DPH,?XSP + 1
   \   000075   F0           MOVX    @DPTR,A
    324              }
    325              else
    326              {
    327                rsp[0] = MT_RPC_ERR_SUBSYSTEM;
    328              }
    329            }
    330            else
    331            {
    332              rsp[0] = MT_RPC_ERR_SUBSYSTEM;
    333            }
    334          
    335            /* if error and this was an SREQ, send error message */
    336            if ((rsp[0] != MT_RPC_SUCCESS) && ((rsp[1] & MT_RPC_CMD_TYPE_MASK) == MT_RPC_CMD_SREQ))
   \   000076   700B         JNZ     ??MT_ProcessIncoming_3
   \   000078   8028         SJMP    ??MT_ProcessIncoming_4
   \                     ??MT_ProcessIncoming_2:
   \   00007A   85..82       MOV     DPL,?XSP + 0
   \   00007D   85..83       MOV     DPH,?XSP + 1
   \   000080   7401         MOV     A,#0x1
   \                     ??MT_ProcessIncoming_1:
   \   000082   F0           MOVX    @DPTR,A
   \                     ??MT_ProcessIncoming_3:
   \   000083   7401         MOV     A,#0x1
   \   000085   12....       LCALL   ?XSTACK_DISP0_8
   \   000088   E0           MOVX    A,@DPTR
   \   000089   54E0         ANL     A,#0xe0
   \   00008B   6420         XRL     A,#0x20
   \   00008D   7013         JNZ     ??MT_ProcessIncoming_4
    337            {
    338              MT_BuildAndSendZToolResponse(((uint8)MT_RPC_CMD_SRSP | (uint8)MT_RPC_SYS_RES0), 0,
    339                                                                            MT_RPC_FRAME_HDR_SZ, rsp);
   \   00008F                ; Setup parameters for call to function MT_BuildAndSendZToolResponse
   \   00008F   85..82       MOV     DPL,?XSP + 0
   \   000092   85..83       MOV     DPH,?XSP + 1
   \   000095   AC82         MOV     R4,DPL
   \   000097   AD83         MOV     R5,DPH
   \   000099   7B03         MOV     R3,#0x3
   \   00009B   7A00         MOV     R2,#0x0
   \   00009D   7960         MOV     R1,#0x60
   \   00009F   12....       LCALL   ??MT_BuildAndSendZToolResponse?relay
    340            }
    341          }
   \                     ??MT_ProcessIncoming_4:
   \   0000A2   7403         MOV     A,#0x3
   \   0000A4   12....       LCALL   ?DEALLOC_XSTACK8
   \   0000A7   02....       LJMP    ?Subroutine0 & 0xFFFF
    342          
    343          /***************************************************************************************************
    344           * @fn      MTProcessAppRspMsg
    345           *
    346           * @brief   Process the User App Response Message
    347           *
    348           * @param   data - output serial buffer.  The first byte must be the
    349           *          endpoint that send this message.
    350           * @param   len - data length
    351           *
    352           * @return  none
    353           ***************************************************************************************************/

   \                                 In  segment BANKED_CODE, align 1, keep-with-next
    354          void MTProcessAppRspMsg( byte *pData, byte len )
   \                     MTProcessAppRspMsg:
    355          {
   \   000000   74F7         MOV     A,#-0x9
   \   000002   12....       LCALL   ?BANKED_ENTER_XDATA
   \   000005                ; Saved register size: 9
   \   000005                ; Auto size: 0
   \   000005   EA           MOV     A,R2
   \   000006   FC           MOV     R4,A
   \   000007   EB           MOV     A,R3
   \   000008   FD           MOV     R5,A
   \   000009   E9           MOV     A,R1
    356            /* Send out Reset Response message */
    357            MT_BuildAndSendZToolResponse( ((uint8)MT_RPC_CMD_SRSP | (uint8)MT_RPC_SYS_APP), MT_APP_RSP, len, pData );
   \   00000A                ; Setup parameters for call to function MT_BuildAndSendZToolResponse
   \   00000A   FB           MOV     R3,A
   \   00000B   7A80         MOV     R2,#-0x80
   \   00000D   7969         MOV     R1,#0x69
   \   00000F   12....       LCALL   ??MT_BuildAndSendZToolResponse?relay
    358          }
   \   000012                REQUIRE ?Subroutine2
   \   000012                ; // Fall through to label ?Subroutine2

   \                                 In  segment BANKED_CODE, align 1, keep-with-next
   \                     ?Subroutine2:
   \   000000   7F01         MOV     R7,#0x1
   \   000002   02....       LJMP    ?BANKED_LEAVE_XDATA
    359          
    360          
    361          /***************************************************************************************************
    362           * @fn      MT_ReverseBytes
    363           *
    364           * @brief
    365           *
    366           *   Reverses bytes within an array
    367           *
    368           * @param   data - ptr to data buffer to reverse
    369           * @param    len - number of bytes in buffer
    370           *
    371           * @return  void
    372           ***************************************************************************************************/

   \                                 In  segment BANKED_CODE, align 1, keep-with-next
    373          void MT_ReverseBytes( byte *pData, byte len )
   \                     MT_ReverseBytes:
    374          {
   \   000000   74F4         MOV     A,#-0xc
   \   000002   12....       LCALL   ?BANKED_ENTER_XDATA
   \   000005                ; Saved register size: 12
   \   000005                ; Auto size: 0
   \   000005   E9           MOV     A,R1
   \   000006   FE           MOV     R6,A
    375            byte i,j;
    376            byte temp;
    377          
    378            for ( i = 0, j = len-1; len > 1; len-=2 )
   \   000007   75..00       MOV     ?V0 + 2,#0x0
   \   00000A   74FF         MOV     A,#-0x1
   \   00000C   2E           ADD     A,R6
   \   00000D   FF           MOV     R7,A
   \   00000E   8032         SJMP    ??MT_ReverseBytes_0
    379            {
    380              temp = pData[i];
   \                     ??MT_ReverseBytes_1:
   \   000010   85....       MOV     ?V0 + 0,?V0 + 2
   \   000013   EA           MOV     A,R2
   \   000014   25..         ADD     A,?V0 + 0
   \   000016   F8           MOV     R0,A
   \   000017   EB           MOV     A,R3
   \   000018   3400         ADDC    A,#0x0
   \   00001A   F9           MOV     R1,A
   \   00001B   8882         MOV     DPL,R0
   \   00001D   8983         MOV     DPH,R1
   \   00001F   E0           MOVX    A,@DPTR
   \   000020   F5..         MOV     ?V0 + 3,A
    381              pData[i++] = pData[j];
   \   000022   8F..         MOV     ?V0 + 0,R7
   \   000024   EA           MOV     A,R2
   \   000025   25..         ADD     A,?V0 + 0
   \   000027   FC           MOV     R4,A
   \   000028   EB           MOV     A,R3
   \   000029   3400         ADDC    A,#0x0
   \   00002B   FD           MOV     R5,A
   \   00002C   8C82         MOV     DPL,R4
   \   00002E   8D83         MOV     DPH,R5
   \   000030   E0           MOVX    A,@DPTR
   \   000031   8882         MOV     DPL,R0
   \   000033   8983         MOV     DPH,R1
   \   000035   F0           MOVX    @DPTR,A
   \   000036   05..         INC     ?V0 + 2
    382              pData[j--] = temp;
   \   000038   8C82         MOV     DPL,R4
   \   00003A   8D83         MOV     DPH,R5
   \   00003C   E5..         MOV     A,?V0 + 3
   \   00003E   F0           MOVX    @DPTR,A
   \   00003F   1F           DEC     R7
    383            }
   \   000040   1E           DEC     R6
   \   000041   1E           DEC     R6
   \                     ??MT_ReverseBytes_0:
   \   000042   EE           MOV     A,R6
   \   000043   C3           CLR     C
   \   000044   9402         SUBB    A,#0x2
   \   000046   50C8         JNC     ??MT_ReverseBytes_1
    384          }
   \   000048   7F04         MOV     R7,#0x4
   \   00004A   02....       LJMP    ?BANKED_LEAVE_XDATA
    385          
    386          
    387          /***************************************************************************************************
    388           * @fn      MT_Word2Buf
    389           *
    390           * @brief   Copy a uint16 array to a byte array, little endian.
    391           *
    392           * @param   pBuf - byte array
    393           * @param   pWord - uint16 array
    394           * @param   len - length of uint16 array
    395           *
    396           * @return  pointer to end of byte array
    397           ***************************************************************************************************/

   \                                 In  segment BANKED_CODE, align 1, keep-with-next
    398          uint8 *MT_Word2Buf( uint8 *pBuf, uint16 *pWord, uint8 len )
   \                     MT_Word2Buf:
    399          {
   \   000000   74F7         MOV     A,#-0x9
   \   000002   12....       LCALL   ?BANKED_ENTER_XDATA
   \   000005                ; Saved register size: 9
   \   000005                ; Auto size: 0
   \   000005   8027         SJMP    ??MT_Word2Buf_0
    400            while ( len-- > 0 )
    401            {
    402              *pBuf++ = LO_UINT16( *pWord );
   \                     ??MT_Word2Buf_1:
   \   000007   8C82         MOV     DPL,R4
   \   000009   8D83         MOV     DPH,R5
   \   00000B   E0           MOVX    A,@DPTR
   \   00000C   8A82         MOV     DPL,R2
   \   00000E   8B83         MOV     DPH,R3
   \   000010   F0           MOVX    @DPTR,A
   \   000011   A3           INC     DPTR
   \   000012   AA82         MOV     R2,DPL
   \   000014   AB83         MOV     R3,DPH
    403              *pBuf++ = HI_UINT16( *pWord );
   \   000016   8C82         MOV     DPL,R4
   \   000018   8D83         MOV     DPH,R5
   \   00001A   A3           INC     DPTR
   \   00001B   E0           MOVX    A,@DPTR
   \   00001C   8A82         MOV     DPL,R2
   \   00001E   8B83         MOV     DPH,R3
   \   000020   F0           MOVX    @DPTR,A
   \   000021   A3           INC     DPTR
   \   000022   0A           INC     R2
   \   000023   AB83         MOV     R3,DPH
    404              pWord++;
   \   000025   EC           MOV     A,R4
   \   000026   2402         ADD     A,#0x2
   \   000028   0C           INC     R4
   \   000029   0C           INC     R4
   \   00002A   ED           MOV     A,R5
   \   00002B   3400         ADDC    A,#0x0
   \   00002D   FD           MOV     R5,A
    405            }
   \                     ??MT_Word2Buf_0:
   \   00002E   E9           MOV     A,R1
   \   00002F   F8           MOV     R0,A
   \   000030   74FF         MOV     A,#-0x1
   \   000032   28           ADD     A,R0
   \   000033   19           DEC     R1
   \   000034   04           INC     A
   \   000035   70D0         JNZ     ??MT_Word2Buf_1
    406          
    407            return pBuf;
   \   000037   02....       LJMP    ?Subroutine2 & 0xFFFF
    408          }
    409          #if !defined(NONWK)
    410          /***************************************************************************************************
    411           * @fn      MT_BuildEndpointDesc
    412           *
    413           * @brief   Build endpoint descriptor and simple descriptor structure from incoming buffer
    414           *
    415           * @param   pBuf - byte array
    416           *
    417           * @return  epDesc - pointer to the endpoint descriptor
    418           ***************************************************************************************************/

   \                                 In  segment BANKED_CODE, align 1, keep-with-next
    419          uint8 MT_BuildEndpointDesc( uint8 *pBuf, void *param )
   \                     MT_BuildEndpointDesc:
    420          {
   \   000000   74F3         MOV     A,#-0xd
   \   000002   12....       LCALL   ?BANKED_ENTER_XDATA
   \   000005                ; Saved register size: 13
   \   000005                ; Auto size: 0
   \   000005   EA           MOV     A,R2
   \   000006   FE           MOV     R6,A
   \   000007   EB           MOV     A,R3
   \   000008   FF           MOV     R7,A
   \   000009   8C..         MOV     ?V0 + 0,R4
   \   00000B   8D..         MOV     ?V0 + 1,R5
    421            uint8 i;
    422            uint8 ret = ZSuccess;
   \   00000D   75..00       MOV     ?V0 + 4,#0x0
    423            endPointDesc_t *epDesc;
    424          
    425            epDesc = (endPointDesc_t *)param;
    426            /* check if this endpoint is already registered */
    427            if ( afFindEndPointDesc( *pBuf ) != NULL )
   \   000010                ; Setup parameters for call to function afFindEndPointDesc
   \   000010   8E82         MOV     DPL,R6
   \   000012   8F83         MOV     DPH,R7
   \   000014   E0           MOVX    A,@DPTR
   \   000015   F9           MOV     R1,A
   \   000016   12....       LCALL   ??afFindEndPointDesc?relay
   \   000019   8B..         MOV     ?V0 + 3,R3
   \   00001B   EA           MOV     A,R2
   \   00001C   45..         ORL     A,?V0 + 3
   \   00001E   6006         JZ      ??MT_BuildEndpointDesc_0
    428            {
    429              ret = ZApsDuplicateEntry;
   \   000020   75..B8       MOV     ?V0 + 4,#-0x48
   \   000023   02....       LJMP    ??MT_BuildEndpointDesc_1 & 0xFFFF
    430            }
    431            else if ( epDesc )
   \                     ??MT_BuildEndpointDesc_0:
   \   000026   E5..         MOV     A,?V0 + 0
   \   000028   45..         ORL     A,?V0 + 1
   \   00002A   7003         JNZ     $+5
   \   00002C   02....       LJMP    ??MT_BuildEndpointDesc_1 & 0xFFFF
    432            {
    433              epDesc->endPoint = *pBuf;
   \   00002F   8E82         MOV     DPL,R6
   \   000031   8F83         MOV     DPH,R7
   \   000033   E0           MOVX    A,@DPTR
   \   000034   85..82       MOV     DPL,?V0 + 0
   \   000037   85..83       MOV     DPH,?V0 + 1
   \   00003A   F0           MOVX    @DPTR,A
    434          
    435              /* Ignore the latency reqs */
    436              epDesc->latencyReq = noLatencyReqs;
   \   00003B   A3           INC     DPTR
   \   00003C   A3           INC     DPTR
   \   00003D   A3           INC     DPTR
   \   00003E   A3           INC     DPTR
   \   00003F   A3           INC     DPTR
   \   000040   E4           CLR     A
   \   000041   F0           MOVX    @DPTR,A
    437          
    438              /* allocate memory for the simple descriptor */
    439              epDesc->simpleDesc = (SimpleDescriptionFormat_t *) osal_mem_alloc(sizeof(SimpleDescriptionFormat_t));
   \   000042   E5..         MOV     A,?V0 + 0
   \   000044   2403         ADD     A,#0x3
   \   000046   F5..         MOV     ?V0 + 2,A
   \   000048   E5..         MOV     A,?V0 + 1
   \   00004A   3400         ADDC    A,#0x0
   \   00004C   F5..         MOV     ?V0 + 3,A
   \   00004E                ; Setup parameters for call to function osal_mem_alloc
   \   00004E   7A0C         MOV     R2,#0xc
   \   000050   7B00         MOV     R3,#0x0
   \   000052   12....       LCALL   ??osal_mem_alloc?relay
   \   000055   85..82       MOV     DPL,?V0 + 2
   \   000058   85..83       MOV     DPH,?V0 + 3
   \   00005B   12....       LCALL   ?Subroutine15 & 0xFFFF
    440              if (epDesc->simpleDesc)
   \                     ??CrossCallReturnLabel_16:
   \   00005E   12....       LCALL   ?Subroutine19 & 0xFFFF
   \                     ??CrossCallReturnLabel_22:
   \   000061   7003         JNZ     $+5
   \   000063   02....       LJMP    ??MT_BuildEndpointDesc_2 & 0xFFFF
    441              {
    442                /* Endpoint */
    443                epDesc->simpleDesc->EndPoint = *pBuf++;
   \   000066   8E82         MOV     DPL,R6
   \   000068   8F83         MOV     DPH,R7
   \   00006A   E0           MOVX    A,@DPTR
   \   00006B   C0E0         PUSH    A
   \   00006D   85..82       MOV     DPL,?V0 + 2
   \   000070   85..83       MOV     DPH,?V0 + 3
   \   000073   A3           INC     DPTR
   \   000074   E0           MOVX    A,@DPTR
   \   000075   F583         MOV     DPH,A
   \   000077   8882         MOV     DPL,R0
   \   000079   D0E0         POP     A
   \   00007B   12....       LCALL   ?Subroutine16 & 0xFFFF
    444          
    445                /* AppProfId */
    446                epDesc->simpleDesc->AppProfId = BUILD_UINT16(pBuf[0], pBuf[1]);
   \                     ??CrossCallReturnLabel_18:
   \   00007E   12....       LCALL   ?Subroutine5 & 0xFFFF
   \                     ??CrossCallReturnLabel_2:
   \   000081   12....       LCALL   ?Subroutine14 & 0xFFFF
    447                pBuf += sizeof(uint16);
    448          
    449                /* AppDeviceId */
    450                epDesc->simpleDesc->AppDeviceId = BUILD_UINT16(pBuf[0],pBuf[1]);
   \                     ??CrossCallReturnLabel_14:
   \   000084   12....       LCALL   ?Subroutine5 & 0xFFFF
   \                     ??CrossCallReturnLabel_3:
   \   000087   A3           INC     DPTR
   \   000088   A3           INC     DPTR
   \   000089   12....       LCALL   ?Subroutine14 & 0xFFFF
    451                pBuf += sizeof(uint16);
    452          
    453                /* AppDevVer */
    454                epDesc->simpleDesc->AppDevVer = (*pBuf++) & AF_APP_DEV_VER_MASK ;
   \                     ??CrossCallReturnLabel_15:
   \   00008C   E0           MOVX    A,@DPTR
   \   00008D   540F         ANL     A,#0xf
   \   00008F   F9           MOV     R1,A
   \   000090   A3           INC     DPTR
   \   000091   0E           INC     R6
   \   000092   AF83         MOV     R7,DPH
   \   000094   12....       LCALL   ?Subroutine12 & 0xFFFF
   \                     ??CrossCallReturnLabel_10:
   \   000097   E0           MOVX    A,@DPTR
   \   000098   54F0         ANL     A,#0xf0
   \   00009A   49           ORL     A,R1
   \   00009B   C0E0         PUSH    A
   \   00009D   85..82       MOV     DPL,?V0 + 2
   \   0000A0   85..83       MOV     DPH,?V0 + 3
   \   0000A3   12....       LCALL   ?Subroutine13 & 0xFFFF
   \                     ??CrossCallReturnLabel_12:
   \   0000A6   D0E0         POP     A
   \   0000A8   12....       LCALL   ?Subroutine17 & 0xFFFF
    455          
    456                /* LatencyReq */
    457                pBuf++;
    458          
    459                /* AppNumInClusters */
    460                epDesc->simpleDesc->AppNumInClusters = *pBuf++;
   \                     ??CrossCallReturnLabel_20:
   \   0000AB   E0           MOVX    A,@DPTR
   \   0000AC   C0E0         PUSH    A
   \   0000AE   12....       LCALL   ?Subroutine12 & 0xFFFF
   \                     ??CrossCallReturnLabel_11:
   \   0000B1   A3           INC     DPTR
   \   0000B2   D0E0         POP     A
   \   0000B4   12....       LCALL   ?Subroutine17 & 0xFFFF
    461                if (epDesc->simpleDesc->AppNumInClusters)
   \                     ??CrossCallReturnLabel_21:
   \   0000B7   85..82       MOV     DPL,?V0 + 2
   \   0000BA   85..83       MOV     DPH,?V0 + 3
   \   0000BD   12....       LCALL   ?Subroutine8 & 0xFFFF
   \                     ??CrossCallReturnLabel_39:
   \   0000C0   603C         JZ      ??MT_BuildEndpointDesc_3
    462                {
    463                  epDesc->simpleDesc->pAppInClusterList = (uint16 *)
    464                            osal_mem_alloc((epDesc->simpleDesc->AppNumInClusters)*sizeof(uint16));
   \   0000C2                ; Setup parameters for call to function osal_mem_alloc
   \   0000C2   85..82       MOV     DPL,?V0 + 2
   \   0000C5   85..83       MOV     DPH,?V0 + 3
   \   0000C8   12....       LCALL   ??Subroutine27_0 & 0xFFFF
   \                     ??CrossCallReturnLabel_38:
   \   0000CB   C3           CLR     C
   \   0000CC   33           RLC     A
   \   0000CD   FA           MOV     R2,A
   \   0000CE   E4           CLR     A
   \   0000CF   33           RLC     A
   \   0000D0   FB           MOV     R3,A
   \   0000D1   12....       LCALL   ??osal_mem_alloc?relay
   \   0000D4   12....       LCALL   ?Subroutine10 & 0xFFFF
   \                     ??CrossCallReturnLabel_33:
   \   0000D7   12....       LCALL   ?Subroutine15 & 0xFFFF
    465                  if ( epDesc->simpleDesc->pAppInClusterList )
   \                     ??CrossCallReturnLabel_17:
   \   0000DA   12....       LCALL   ?Subroutine7 & 0xFFFF
   \                     ??CrossCallReturnLabel_6:
   \   0000DD   601C         JZ      ??MT_BuildEndpointDesc_4
    466                  {
    467                    for (i=0; i<(epDesc->simpleDesc->AppNumInClusters); i++)
   \   0000DF   7B00         MOV     R3,#0x0
   \                     ??MT_BuildEndpointDesc_5:
   \   0000E1   85..82       MOV     DPL,?V0 + 0
   \   0000E4   85..83       MOV     DPH,?V0 + 1
   \   0000E7   A3           INC     DPTR
   \   0000E8   A3           INC     DPTR
   \   0000E9   A3           INC     DPTR
   \   0000EA   12....       LCALL   ?Subroutine8 & 0xFFFF
   \                     ??CrossCallReturnLabel_40:
   \   0000ED   F8           MOV     R0,A
   \   0000EE   EB           MOV     A,R3
   \   0000EF   C3           CLR     C
   \   0000F0   98           SUBB    A,R0
   \   0000F1   500B         JNC     ??MT_BuildEndpointDesc_3
    468                    {
    469                      epDesc->simpleDesc->pAppInClusterList[i] = BUILD_UINT16(*pBuf, *(pBuf+1));
   \   0000F3   12....       LCALL   ?Subroutine3 & 0xFFFF
    470                      pBuf += 2;
    471                    }
    472                  }
   \                     ??CrossCallReturnLabel_0:
   \   0000F6   12....       LCALL   ?Subroutine6 & 0xFFFF
   \                     ??CrossCallReturnLabel_4:
   \   0000F9   80E6         SJMP    ??MT_BuildEndpointDesc_5
    473                  else
    474                  {
    475                    ret = ZMemError;
   \                     ??MT_BuildEndpointDesc_4:
   \   0000FB   75..10       MOV     ?V0 + 4,#0x10
    476                  }
    477                }
    478          
    479                /* AppNumOutClusters */
    480                epDesc->simpleDesc->AppNumOutClusters = *pBuf++;
   \                     ??MT_BuildEndpointDesc_3:
   \   0000FE   8E82         MOV     DPL,R6
   \   000100   8F83         MOV     DPH,R7
   \   000102   E0           MOVX    A,@DPTR
   \   000103   C0E0         PUSH    A
   \   000105   12....       LCALL   ?Subroutine10 & 0xFFFF
   \                     ??CrossCallReturnLabel_34:
   \   000108   A3           INC     DPTR
   \   000109   A3           INC     DPTR
   \   00010A   D0E0         POP     A
   \   00010C   12....       LCALL   ?Subroutine16 & 0xFFFF
    481                if (epDesc->simpleDesc->AppNumOutClusters)
   \                     ??CrossCallReturnLabel_19:
   \   00010F   85..82       MOV     DPL,?V0 + 2
   \   000112   85..83       MOV     DPH,?V0 + 3
   \   000115   12....       LCALL   ??Subroutine28_0 & 0xFFFF
   \                     ??CrossCallReturnLabel_42:
   \   000118   603D         JZ      ??MT_BuildEndpointDesc_6
    482                {
    483                  epDesc->simpleDesc->pAppOutClusterList = (uint16 *)
    484                                    osal_mem_alloc((epDesc->simpleDesc->AppNumOutClusters)*sizeof(uint16));
   \   00011A                ; Setup parameters for call to function osal_mem_alloc
   \   00011A   85..82       MOV     DPL,?V0 + 2
   \   00011D   85..83       MOV     DPH,?V0 + 3
   \   000120   12....       LCALL   ??Subroutine29_0 & 0xFFFF
   \                     ??CrossCallReturnLabel_41:
   \   000123   C3           CLR     C
   \   000124   33           RLC     A
   \   000125   FA           MOV     R2,A
   \   000126   E4           CLR     A
   \   000127   33           RLC     A
   \   000128   FB           MOV     R3,A
   \   000129   12....       LCALL   ??osal_mem_alloc?relay
   \   00012C   12....       LCALL   ?Subroutine9 & 0xFFFF
   \                     ??CrossCallReturnLabel_8:
   \   00012F   EA           MOV     A,R2
   \   000130   F0           MOVX    @DPTR,A
   \   000131   A3           INC     DPTR
   \   000132   EB           MOV     A,R3
   \   000133   F0           MOVX    @DPTR,A
    485                  if (epDesc->simpleDesc->pAppOutClusterList)
   \   000134   12....       LCALL   ?Subroutine9 & 0xFFFF
   \                     ??CrossCallReturnLabel_9:
   \   000137   12....       LCALL   ?Subroutine19 & 0xFFFF
   \                     ??CrossCallReturnLabel_23:
   \   00013A   6016         JZ      ??MT_BuildEndpointDesc_7
    486                  {
    487                    for (i=0; i<(epDesc->simpleDesc->AppNumOutClusters); i++)
   \   00013C   7B00         MOV     R3,#0x0
   \                     ??MT_BuildEndpointDesc_8:
   \   00013E   12....       LCALL   ?Subroutine4 & 0xFFFF
   \                     ??CrossCallReturnLabel_43:
   \   000141   F8           MOV     R0,A
   \   000142   EB           MOV     A,R3
   \   000143   C3           CLR     C
   \   000144   98           SUBB    A,R0
   \   000145   5010         JNC     ??MT_BuildEndpointDesc_6
    488                    {
    489                      epDesc->simpleDesc->pAppOutClusterList[i] = BUILD_UINT16(*pBuf, *(pBuf+1));
   \   000147   12....       LCALL   ?Subroutine3 & 0xFFFF
    490                      pBuf += 2;
    491                    }
    492                  }
   \                     ??CrossCallReturnLabel_1:
   \   00014A   A3           INC     DPTR
   \   00014B   A3           INC     DPTR
   \   00014C   A3           INC     DPTR
   \   00014D   12....       LCALL   ?Subroutine6 & 0xFFFF
   \                     ??CrossCallReturnLabel_5:
   \   000150   80EC         SJMP    ??MT_BuildEndpointDesc_8
    493                  else
    494                  {
    495                    ret = ZMemError;
   \                     ??MT_BuildEndpointDesc_7:
   \   000152   75..10       MOV     ?V0 + 4,#0x10
   \   000155   8006         SJMP    ??MT_BuildEndpointDesc_9
    496                  }
    497                }
    498          
    499                /* if any list cannot be allocated...free all */
    500                if ( ret == ZMemError )
   \                     ??MT_BuildEndpointDesc_6:
   \   000157   7410         MOV     A,#0x10
   \   000159   65..         XRL     A,?V0 + 4
   \   00015B   7041         JNZ     ??MT_BuildEndpointDesc_1
    501                {
    502                  if (epDesc->simpleDesc->pAppInClusterList)
   \                     ??MT_BuildEndpointDesc_9:
   \   00015D   85..82       MOV     DPL,?V0 + 0
   \   000160   85..83       MOV     DPH,?V0 + 1
   \   000163   A3           INC     DPTR
   \   000164   A3           INC     DPTR
   \   000165   A3           INC     DPTR
   \   000166   12....       LCALL   ?Subroutine7 & 0xFFFF
   \                     ??CrossCallReturnLabel_7:
   \   000169   600F         JZ      ??CrossCallReturnLabel_31
    503                  {
    504                    osal_mem_free(epDesc->simpleDesc->pAppInClusterList);
   \   00016B                ; Setup parameters for call to function osal_mem_free
   \   00016B   85..82       MOV     DPL,?V0 + 0
   \   00016E   85..83       MOV     DPH,?V0 + 1
   \   000171   A3           INC     DPTR
   \   000172   A3           INC     DPTR
   \   000173   A3           INC     DPTR
   \   000174   12....       LCALL   ??Subroutine26_0 & 0xFFFF
    505                  }
   \                     ??CrossCallReturnLabel_32:
   \   000177   12....       LCALL   ??Subroutine25_0 & 0xFFFF
    506          
    507                  if (epDesc->simpleDesc->AppNumOutClusters)
   \                     ??CrossCallReturnLabel_31:
   \   00017A   12....       LCALL   ?Subroutine4 & 0xFFFF
   \                     ??CrossCallReturnLabel_44:
   \   00017D   6011         JZ      ??CrossCallReturnLabel_29
    508                  {
    509                    osal_mem_free(epDesc->simpleDesc->pAppOutClusterList);
   \   00017F                ; Setup parameters for call to function osal_mem_free
   \   00017F   85..82       MOV     DPL,?V0 + 0
   \   000182   85..83       MOV     DPH,?V0 + 1
   \   000185   A3           INC     DPTR
   \   000186   A3           INC     DPTR
   \   000187   A3           INC     DPTR
   \   000188   12....       LCALL   ?Subroutine13 & 0xFFFF
    510                  }
   \                     ??CrossCallReturnLabel_13:
   \   00018B   A3           INC     DPTR
   \   00018C   A3           INC     DPTR
   \   00018D   12....       LCALL   ?Subroutine11 & 0xFFFF
    511          
    512                  osal_mem_free(epDesc->simpleDesc);
   \                     ??CrossCallReturnLabel_29:
   \   000190                ; Setup parameters for call to function osal_mem_free
   \   000190   85..82       MOV     DPL,?V0 + 0
   \   000193   85..83       MOV     DPH,?V0 + 1
   \   000196   12....       LCALL   ?Subroutine11 & 0xFFFF
    513                }
    514              }
   \                     ??CrossCallReturnLabel_30:
   \   000199   8003         SJMP    ??MT_BuildEndpointDesc_1
    515              else
    516              {
    517                ret = ZMemError;
   \                     ??MT_BuildEndpointDesc_2:
   \   00019B   75..10       MOV     ?V0 + 4,#0x10
    518              }
    519            }
    520          
    521            return ret;
   \                     ??MT_BuildEndpointDesc_1:
   \   00019E   A9..         MOV     R1,?V0 + 4
   \   0001A0   7F05         MOV     R7,#0x5
   \   0001A2   02....       LJMP    ?BANKED_LEAVE_XDATA
    522          }

   \                                 In  segment BANKED_CODE, align 1, keep-with-next
   \                     ?Subroutine17:
   \   000000   F0           MOVX    @DPTR,A
   \   000001   8E82         MOV     DPL,R6
   \   000003   8F83         MOV     DPH,R7
   \   000005   A3           INC     DPTR
   \   000006   0E           INC     R6
   \   000007   AF83         MOV     R7,DPH
   \   000009   22           RET

   \                                 In  segment BANKED_CODE, align 1, keep-with-next
   \                     ?Subroutine16:
   \   000000   F0           MOVX    @DPTR,A
   \   000001   8E82         MOV     DPL,R6
   \   000003   8F83         MOV     DPH,R7
   \   000005   A3           INC     DPTR
   \   000006   AE82         MOV     R6,DPL
   \   000008   AF83         MOV     R7,DPH
   \   00000A   22           RET

   \                                 In  segment BANKED_CODE, align 1, keep-with-next
   \                     ?Subroutine15:
   \   000000   EA           MOV     A,R2
   \   000001   F0           MOVX    @DPTR,A
   \   000002   A3           INC     DPTR
   \   000003   EB           MOV     A,R3
   \   000004   F0           MOVX    @DPTR,A
   \   000005   85..82       MOV     DPL,?V0 + 2
   \   000008   85..83       MOV     DPH,?V0 + 3
   \   00000B   22           RET

   \                                 In  segment BANKED_CODE, align 1, keep-with-next
   \                     ?Subroutine14:
   \   000000   EA           MOV     A,R2
   \   000001   F0           MOVX    @DPTR,A
   \   000002   A3           INC     DPTR
   \   000003   EB           MOV     A,R3
   \   000004   12....       LCALL   ?Subroutine22 & 0xFFFF
   \                     ??CrossCallReturnLabel_27:
   \   000007   8E82         MOV     DPL,R6
   \   000009   8F83         MOV     DPH,R7
   \   00000B   22           RET

   \                                 In  segment BANKED_CODE, align 1, keep-with-next
   \                     ?Subroutine13:
   \   000000   12....       LCALL   ?Subroutine21 & 0xFFFF
   \                     ??CrossCallReturnLabel_26:
   \   000003   22           RET

   \                                 In  segment BANKED_CODE, align 1, keep-with-next
   \                     ?Subroutine12:
   \   000000   85..82       MOV     DPL,?V0 + 2
   \   000003   85..83       MOV     DPH,?V0 + 3
   \   000006   E0           MOVX    A,@DPTR
   \   000007   F8           MOV     R0,A
   \   000008   12....       LCALL   ?Subroutine21 & 0xFFFF
   \                     ??CrossCallReturnLabel_25:
   \   00000B   22           RET

   \                                 In  segment BANKED_CODE, align 1, keep-with-next
   \                     ?Subroutine21:
   \   000000   12....       LCALL   ?Subroutine24 & 0xFFFF
   \                     ??CrossCallReturnLabel_49:
   \   000003   22           RET

   \                                 In  segment BANKED_CODE, align 1, keep-with-next
   \                     ?Subroutine24:
   \   000000   A3           INC     DPTR
   \   000001   E0           MOVX    A,@DPTR
   \   000002   F583         MOV     DPH,A
   \   000004   8882         MOV     DPL,R0
   \   000006   A3           INC     DPTR
   \   000007   A3           INC     DPTR
   \   000008   A3           INC     DPTR
   \   000009   A3           INC     DPTR
   \   00000A   A3           INC     DPTR
   \   00000B   22           RET

   \                                 In  segment BANKED_CODE, align 1, keep-with-next
   \                     ?Subroutine11:
   \   000000   A3           INC     DPTR
   \   000001   A3           INC     DPTR
   \   000002   A3           INC     DPTR
   \   000003                REQUIRE ??Subroutine25_0
   \   000003                ; // Fall through to label ??Subroutine25_0

   \                                 In  segment BANKED_CODE, align 1, keep-with-next
   \                     ??Subroutine25_0:
   \   000000   E0           MOVX    A,@DPTR
   \   000001   FA           MOV     R2,A
   \   000002   A3           INC     DPTR
   \   000003   E0           MOVX    A,@DPTR
   \   000004   FB           MOV     R3,A
   \   000005   12....       LCALL   ??osal_mem_free?relay
   \   000008   22           RET

   \                                 In  segment BANKED_CODE, align 1, keep-with-next
   \                     ?Subroutine10:
   \   000000   85..82       MOV     DPL,?V0 + 2
   \   000003   85..83       MOV     DPH,?V0 + 3
   \   000006                REQUIRE ??Subroutine26_0
   \   000006                ; // Fall through to label ??Subroutine26_0

   \                                 In  segment BANKED_CODE, align 1, keep-with-next
   \                     ??Subroutine26_0:
   \   000000   12....       LCALL   ?Subroutine18 & 0xFFFF
   \                     ??CrossCallReturnLabel_37:
   \   000003   22           RET

   \                                 In  segment BANKED_CODE, align 1, keep-with-next
   \                     ?Subroutine18:
   \   000000   E0           MOVX    A,@DPTR
   \   000001   F8           MOV     R0,A
   \   000002   12....       LCALL   ?Subroutine23 & 0xFFFF
   \                     ??CrossCallReturnLabel_47:
   \   000005   A3           INC     DPTR
   \   000006   22           RET

   \                                 In  segment BANKED_CODE, align 1, keep-with-next
   \                     ?Subroutine9:
   \   000000   85..82       MOV     DPL,?V0 + 2
   \   000003   85..83       MOV     DPH,?V0 + 3
   \   000006   12....       LCALL   ?Subroutine18 & 0xFFFF
   \                     ??CrossCallReturnLabel_36:
   \   000009   A3           INC     DPTR
   \   00000A   A3           INC     DPTR
   \   00000B   A3           INC     DPTR
   \   00000C   22           RET

   \                                 In  segment BANKED_CODE, align 1, keep-with-next
   \                     ?Subroutine8:
   \   000000   E0           MOVX    A,@DPTR
   \   000001   F8           MOV     R0,A
   \   000002                REQUIRE ??Subroutine27_0
   \   000002                ; // Fall through to label ??Subroutine27_0

   \                                 In  segment BANKED_CODE, align 1, keep-with-next
   \                     ??Subroutine27_0:
   \   000000   12....       LCALL   ?Subroutine20 & 0xFFFF
   \                     ??CrossCallReturnLabel_45:
   \   000003   E0           MOVX    A,@DPTR
   \   000004   22           RET

   \                                 In  segment BANKED_CODE, align 1, keep-with-next
   \                     ?Subroutine7:
   \   000000   12....       LCALL   ?Subroutine18 & 0xFFFF
   \                     ??CrossCallReturnLabel_35:
   \   000003   12....       LCALL   ?Subroutine19 & 0xFFFF
   \                     ??CrossCallReturnLabel_24:
   \   000006   22           RET

   \                                 In  segment BANKED_CODE, align 1, keep-with-next
   \                     ?Subroutine19:
   \   000000   E0           MOVX    A,@DPTR
   \   000001   F8           MOV     R0,A
   \   000002   A3           INC     DPTR
   \   000003   E0           MOVX    A,@DPTR
   \   000004   F9           MOV     R1,A
   \   000005   E8           MOV     A,R0
   \   000006   49           ORL     A,R1
   \   000007   22           RET

   \                                 In  segment BANKED_CODE, align 1, keep-with-next
   \                     ?Subroutine6:
   \   000000   E0           MOVX    A,@DPTR
   \   000001   28           ADD     A,R0
   \   000002   FA           MOV     R2,A
   \   000003   A3           INC     DPTR
   \   000004   E0           MOVX    A,@DPTR
   \   000005   39           ADDC    A,R1
   \   000006   8A82         MOV     DPL,R2
   \   000008   F583         MOV     DPH,A
   \   00000A   EC           MOV     A,R4
   \   00000B   F0           MOVX    @DPTR,A
   \   00000C   A3           INC     DPTR
   \   00000D   ED           MOV     A,R5
   \   00000E   12....       LCALL   ?Subroutine22 & 0xFFFF
   \                     ??CrossCallReturnLabel_28:
   \   000011   0B           INC     R3
   \   000012   22           RET

   \                                 In  segment BANKED_CODE, align 1, keep-with-next
   \                     ?Subroutine22:
   \   000000   F0           MOVX    @DPTR,A
   \   000001   EE           MOV     A,R6
   \   000002   2402         ADD     A,#0x2
   \   000004   0E           INC     R6
   \   000005   0E           INC     R6
   \   000006   EF           MOV     A,R7
   \   000007   3400         ADDC    A,#0x0
   \   000009   FF           MOV     R7,A
   \   00000A   22           RET

   \                                 In  segment BANKED_CODE, align 1, keep-with-next
   \                     ?Subroutine5:
   \   000000   E0           MOVX    A,@DPTR
   \   000001   FA           MOV     R2,A
   \   000002   A3           INC     DPTR
   \   000003   E0           MOVX    A,@DPTR
   \   000004   F9           MOV     R1,A
   \   000005   EA           MOV     A,R2
   \   000006   2400         ADD     A,#0x0
   \   000008   E4           CLR     A
   \   000009   39           ADDC    A,R1
   \   00000A   FB           MOV     R3,A
   \   00000B   85..82       MOV     DPL,?V0 + 2
   \   00000E   85..83       MOV     DPH,?V0 + 3
   \   000011   E0           MOVX    A,@DPTR
   \   000012   F8           MOV     R0,A
   \   000013   A3           INC     DPTR
   \   000014   E0           MOVX    A,@DPTR
   \   000015   F583         MOV     DPH,A
   \   000017   8882         MOV     DPL,R0
   \   000019   A3           INC     DPTR
   \   00001A   22           RET

   \                                 In  segment BANKED_CODE, align 1, keep-with-next
   \                     ?Subroutine4:
   \   000000   85..82       MOV     DPL,?V0 + 0
   \   000003   85..83       MOV     DPH,?V0 + 1
   \   000006   A3           INC     DPTR
   \   000007   A3           INC     DPTR
   \   000008   A3           INC     DPTR
   \   000009                REQUIRE ??Subroutine28_0
   \   000009                ; // Fall through to label ??Subroutine28_0

   \                                 In  segment BANKED_CODE, align 1, keep-with-next
   \                     ??Subroutine28_0:
   \   000000   E0           MOVX    A,@DPTR
   \   000001   F8           MOV     R0,A
   \   000002                REQUIRE ??Subroutine29_0
   \   000002                ; // Fall through to label ??Subroutine29_0

   \                                 In  segment BANKED_CODE, align 1, keep-with-next
   \                     ??Subroutine29_0:
   \   000000   12....       LCALL   ?Subroutine20 & 0xFFFF
   \                     ??CrossCallReturnLabel_46:
   \   000003   A3           INC     DPTR
   \   000004   A3           INC     DPTR
   \   000005   A3           INC     DPTR
   \   000006   E0           MOVX    A,@DPTR
   \   000007   22           RET

   \                                 In  segment BANKED_CODE, align 1, keep-with-next
   \                     ?Subroutine20:
   \   000000   12....       LCALL   ?Subroutine23 & 0xFFFF
   \                     ??CrossCallReturnLabel_48:
   \   000003   22           RET

   \                                 In  segment BANKED_CODE, align 1, keep-with-next
   \                     ?Subroutine23:
   \   000000   12....       LCALL   ?Subroutine24 & 0xFFFF
   \                     ??CrossCallReturnLabel_50:
   \   000003   A3           INC     DPTR
   \   000004   22           RET

   \                                 In  segment BANKED_CODE, align 1, keep-with-next
   \                     ?Subroutine3:
   \   000000   8E82         MOV     DPL,R6
   \   000002   8F83         MOV     DPH,R7
   \   000004   E0           MOVX    A,@DPTR
   \   000005   FC           MOV     R4,A
   \   000006   A3           INC     DPTR
   \   000007   E0           MOVX    A,@DPTR
   \   000008   F9           MOV     R1,A
   \   000009   EC           MOV     A,R4
   \   00000A   2400         ADD     A,#0x0
   \   00000C   E4           CLR     A
   \   00000D   39           ADDC    A,R1
   \   00000E   FD           MOV     R5,A
   \   00000F   EB           MOV     A,R3
   \   000010   33           RLC     A
   \   000011   F8           MOV     R0,A
   \   000012   E4           CLR     A
   \   000013   33           RLC     A
   \   000014   F9           MOV     R1,A
   \   000015   85..82       MOV     DPL,?V0 + 0
   \   000018   85..83       MOV     DPH,?V0 + 1
   \   00001B   A3           INC     DPTR
   \   00001C   A3           INC     DPTR
   \   00001D   A3           INC     DPTR
   \   00001E   E0           MOVX    A,@DPTR
   \   00001F   FA           MOV     R2,A
   \   000020   A3           INC     DPTR
   \   000021   E0           MOVX    A,@DPTR
   \   000022   F583         MOV     DPH,A
   \   000024   8A82         MOV     DPL,R2
   \   000026   A3           INC     DPTR
   \   000027   A3           INC     DPTR
   \   000028   A3           INC     DPTR
   \   000029   A3           INC     DPTR
   \   00002A   A3           INC     DPTR
   \   00002B   A3           INC     DPTR
   \   00002C   A3           INC     DPTR
   \   00002D   22           RET

   \                                 In  segment XDATA_ID, align 1, keep-with-next
   \                     `?<Initializer for mtProcessIncoming>`:
   \   000000   0000         DW 0H
   \   000002   ....         DW ??MT_SysCommandProcessing?relay
   \   000004   0000         DW 0H
   \   000006   0000         DW 0H
   \   000008   0000         DW 0H
   \   00000A   ....         DW ??MT_ZdoCommandProcessing?relay
   \   00000C   0000         DW 0H
   \   00000E   0000         DW 0H
   \   000010   0000         DW 0H
   \   000012   0000         DW 0H
   \   000014   0000         DW 0H

   \                                 In  segment BANK_RELAYS, align 1
   \                     ??MT_Init?relay:
   \   000000   12....       LCALL   ?BDISPATCH
   \   000003   ......       DC24    MT_Init

   \                                 In  segment BANK_RELAYS, align 1
   \                     ??MT_BuildSPIMsg?relay:
   \   000000   12....       LCALL   ?BDISPATCH
   \   000003   ......       DC24    MT_BuildSPIMsg

   \                                 In  segment BANK_RELAYS, align 1
   \                     ??MT_BuildAndSendZToolResponse?relay:
   \   000000   12....       LCALL   ?BDISPATCH
   \   000003   ......       DC24    MT_BuildAndSendZToolResponse

   \                                 In  segment BANK_RELAYS, align 1
   \                     ??MT_ProcessIncoming?relay:
   \   000000   12....       LCALL   ?BDISPATCH
   \   000003   ......       DC24    MT_ProcessIncoming

   \                                 In  segment BANK_RELAYS, align 1
   \                     ??MTProcessAppRspMsg?relay:
   \   000000   12....       LCALL   ?BDISPATCH
   \   000003   ......       DC24    MTProcessAppRspMsg

   \                                 In  segment BANK_RELAYS, align 1
   \                     ??MT_ReverseBytes?relay:
   \   000000   12....       LCALL   ?BDISPATCH
   \   000003   ......       DC24    MT_ReverseBytes

   \                                 In  segment BANK_RELAYS, align 1
   \                     ??MT_Word2Buf?relay:
   \   000000   12....       LCALL   ?BDISPATCH
   \   000003   ......       DC24    MT_Word2Buf

   \                                 In  segment BANK_RELAYS, align 1
   \                     ??MT_BuildEndpointDesc?relay:
   \   000000   12....       LCALL   ?BDISPATCH
   \   000003   ......       DC24    MT_BuildEndpointDesc
    523          #endif
    524          /***************************************************************************************************
    525          ***************************************************************************************************/

   Maximum stack usage in bytes:

     Function                       ISTACK PSTACK XSTACK
     --------                       ------ ------ ------
     MTProcessAppRspMsg                 0      0      9
       -> MT_BuildAndSendZToolResponse
                                        0      0     18
     MT_BuildAndSendZToolResponse       0      0     27
       -> MT_TransportAlloc             0      0     32
       -> MT_BuildSPIMsg                0      0     36
       -> MT_TransportSend              0      0     32
     MT_BuildEndpointDesc               1      0     13
       -> afFindEndPointDesc            0      0     26
       -> osal_mem_alloc                0      0     26
       -> osal_mem_alloc                0      0     26
       -> osal_mem_alloc                0      0     26
       -> osal_mem_free                 0      0     26
       -> osal_mem_free                 0      0     26
       -> osal_mem_free                 0      0     26
     MT_BuildSPIMsg                     1      0     37
       -> osal_memcpy                   0      0     38
     MT_Init                            2      0      0
       -> MT_ZdoInit                    4      0      0
       -> MT_SysResetInd                4      0      0
     MT_ProcessIncoming                 3      0      3
       -> MT_BuildAndSendZToolResponse
                                        4      0      6
     MT_ReverseBytes                    1      0     12
     MT_Word2Buf                        1      0      9


   Segment part sizes:

     Function/Label                       Bytes
     --------------                       -----
     mtProcessIncoming                      22
     debugThreshold                          1
     debugCompId                             1
     MT_Init                                10
     ?Subroutine0                            7
     MT_BuildSPIMsg                         76
     ?Subroutine1                            5
     MT_BuildAndSendZToolResponse           69
     MT_ProcessIncoming                    170
     MTProcessAppRspMsg                     18
     ?Subroutine2                            5
     MT_ReverseBytes                        77
     MT_Word2Buf                            58
     MT_BuildEndpointDesc                  421
     ?Subroutine17                          10
     ?Subroutine16                          11
     ?Subroutine15                          12
     ?Subroutine14                          12
     ?Subroutine13                           4
     ?Subroutine12                          12
     ?Subroutine21                           4
     ?Subroutine24                          12
     ?Subroutine11                           3
     ??Subroutine25_0                        9
     ?Subroutine10                           6
     ??Subroutine26_0                        4
     ?Subroutine18                           7
     ?Subroutine9                           13
     ?Subroutine8                            2
     ??Subroutine27_0                        5
     ?Subroutine7                            7
     ?Subroutine19                           8
     ?Subroutine6                           19
     ?Subroutine22                          11
     ?Subroutine5                           27
     ?Subroutine4                            9
     ??Subroutine28_0                        2
     ??Subroutine29_0                        8
     ?Subroutine20                           4
     ?Subroutine23                           5
     ?Subroutine3                           46
     ?<Initializer for mtProcessIncoming>   22
     ??MT_Init?relay                         6
     ??MT_BuildSPIMsg?relay                  6
     ??MT_BuildAndSendZToolResponse?relay    6
     ??MT_ProcessIncoming?relay              6
     ??MTProcessAppRspMsg?relay              6
     ??MT_ReverseBytes?relay                 6
     ??MT_Word2Buf?relay                     6
     ??MT_BuildEndpointDesc?relay            6

 
 1 188 bytes in segment BANKED_CODE
    48 bytes in segment BANK_RELAYS
    22 bytes in segment XDATA_I
    22 bytes in segment XDATA_ID
     2 bytes in segment XDATA_Z
 
 1 258 bytes of CODE  memory
    24 bytes of XDATA memory

Errors: none
Warnings: none
