###############################################################################
#
# IAR C/C++ Compiler V10.30.1.6000 for 8051               23/Apr/2019  16:49:32
# Copyright 2004-2018 IAR Systems AB.
# PC-locked license - IAR Embedded Workbench for 8051
#
#    Core               =  plain
#    Code model         =  banked
#    Data model         =  large
#    Calling convention =  xdata reentrant
#    Constant location  =  data_rom
#    Dptr setup         =  1,16
#                          
#    Source file        =  
#        E:\qqÏÂÔØÎÄ¼þ\½á¿Î×÷Òµ\ZigBee\ÊµÑéÖ¸µ¼Êé\ÊµÑéÖ¸µ¼Êé\Code\Cap2_ZStack\ZStack-CC2530-r200\ZStack-CC2530-r200\Components\mac\low_level\srf04\single_chip\mac_radio_defs.c
#    Command line       =  
#        -f C:\Users\VULCAN\AppData\Local\Temp\EWE30B.tmp
#        (E:\qqÏÂÔØÎÄ¼þ\½á¿Î×÷Òµ\ZigBee\ÊµÑéÖ¸µ¼Êé\ÊµÑéÖ¸µ¼Êé\Code\Cap2_ZStack\ZStack-CC2530-r200\ZStack-CC2530-r200\Components\mac\low_level\srf04\single_chip\mac_radio_defs.c
#        -D NWK_AUTO_POLL -D ZTOOL_P1 -D MT_TASK -D xMT_SYS_FUNC -D MT_ZDO_FUNC
#        -D SAPP_ZSTACK_DEMO -lC
#        E:\qqÏÂÔØÎÄ¼þ\½á¿Î×÷Òµ\ZigBee\ÊµÑéÖ¸µ¼Êé\ÊµÑéÖ¸µ¼Êé\Code\Cap2_ZStack\ZStack-CC2530-r200\ZStack-CC2530-r200\Projects\SappWsn\Demo\List
#        -lA
#        E:\qqÏÂÔØÎÄ¼þ\½á¿Î×÷Òµ\ZigBee\ÊµÑéÖ¸µ¼Êé\ÊµÑéÖ¸µ¼Êé\Code\Cap2_ZStack\ZStack-CC2530-r200\ZStack-CC2530-r200\Projects\SappWsn\Demo\List
#        --diag_suppress Pe001,Pa010 -o
#        E:\qqÏÂÔØÎÄ¼þ\½á¿Î×÷Òµ\ZigBee\ÊµÑéÖ¸µ¼Êé\ÊµÑéÖ¸µ¼Êé\Code\Cap2_ZStack\ZStack-CC2530-r200\ZStack-CC2530-r200\Projects\SappWsn\Demo\Obj
#        -e --debug --core=plain --dptr=16,1 --data_model=large
#        --code_model=banked --calling_convention=xdata_reentrant
#        --place_constants=data_rom --nr_virtual_regs 16 -f
#        E:\qqÏÂÔØÎÄ¼þ\½á¿Î×÷Òµ\ZigBee\ÊµÑéÖ¸µ¼Êé\ÊµÑéÖ¸µ¼Êé\Code\Cap2_ZStack\ZStack-CC2530-r200\ZStack-CC2530-r200\Projects\SappWsn\..\zstack\Tools\CC2530DB\f8wEndev.cfg
#        (-DCPU32MHZ -DROOT=__near_func -DMAC_CFG_TX_DATA_MAX=3
#        -DMAC_CFG_TX_MAX=6 -DMAC_CFG_RX_MAX=3) -f
#        E:\qqÏÂÔØÎÄ¼þ\½á¿Î×÷Òµ\ZigBee\ÊµÑéÖ¸µ¼Êé\ÊµÑéÖ¸µ¼Êé\Code\Cap2_ZStack\ZStack-CC2530-r200\ZStack-CC2530-r200\Projects\SappWsn\..\zstack\Tools\CC2530DB\f8wConfig.cfg
#        (-DZIGBEEPRO -DSECURE=0 -DZG_SECURE_DYNAMIC=0 -DREFLECTOR
#        -DDEFAULT_CHANLIST=0x00000800 -DZDAPP_CONFIG_PAN_ID=0x0056
#        -DNWK_START_DELAY=100 -DEXTENDED_JOINING_RANDOM_MASK=0x007F
#        -DBEACON_REQUEST_DELAY=100 -DBEACON_REQ_DELAY_MASK=0x00FF
#        -DLINK_STATUS_JITTER_MASK=0x007F -DROUTE_EXPIRY_TIME=30
#        -DAPSC_ACK_WAIT_DURATION_POLLED=3000 -DNWK_INDIRECT_MSG_TIMEOUT=7
#        -DMAX_RREQ_ENTRIES=8 -DAPSC_MAX_FRAME_RETRIES=3
#        -DNWK_MAX_DATA_RETRIES=2 -DMAX_POLL_FAILURE_RETRIES=2 -DMAX_BCAST=9
#        -DAPS_MAX_GROUPS=16 -DMAX_RTG_ENTRIES=40 -DNWK_MAX_BINDING_ENTRIES=4
#        -DMAX_BINDING_CLUSTER_IDS=4 "-DDEFAULT_KEY={0x01, 0x03, 0x05, 0x07,
#        0x09, 0x0B, 0x0D, 0x0F, 0x00, 0x02, 0x04, 0x06, 0x08, 0x0A, 0x0C,
#        0x0D}" -DMAC_MAX_FRAME_SIZE=116 -DZDNWKMGR_MIN_TRANSMISSIONS=20
#        "-DCONST=const __code" -DGENERIC=__generic -DRFD_RCVC_ALWAYS_ON=FALSE
#        -DPOLL_RATE=1000 -DQUEUED_POLL_RATE=100 -DRESPONSE_POLL_RATE=100
#        -DREJOIN_POLL_RATE=440) -I
#        E:\qqÏÂÔØÎÄ¼þ\½á¿Î×÷Òµ\ZigBee\ÊµÑéÖ¸µ¼Êé\ÊµÑéÖ¸µ¼Êé\Code\Cap2_ZStack\ZStack-CC2530-r200\ZStack-CC2530-r200\Projects\SappWsn\
#        -I
#        E:\qqÏÂÔØÎÄ¼þ\½á¿Î×÷Òµ\ZigBee\ÊµÑéÖ¸µ¼Êé\ÊµÑéÖ¸µ¼Êé\Code\Cap2_ZStack\ZStack-CC2530-r200\ZStack-CC2530-r200\Projects\SappWsn\Source\
#        -I
#        E:\qqÏÂÔØÎÄ¼þ\½á¿Î×÷Òµ\ZigBee\ÊµÑéÖ¸µ¼Êé\ÊµÑéÖ¸µ¼Êé\Code\Cap2_ZStack\ZStack-CC2530-r200\ZStack-CC2530-r200\Projects\SappWsn\..\zstack\ZMain\TI2530DB\
#        -I
#        E:\qqÏÂÔØÎÄ¼þ\½á¿Î×÷Òµ\ZigBee\ÊµÑéÖ¸µ¼Êé\ÊµÑéÖ¸µ¼Êé\Code\Cap2_ZStack\ZStack-CC2530-r200\ZStack-CC2530-r200\Projects\SappWsn\..\..\Components\hal\include\
#        -I
#        E:\qqÏÂÔØÎÄ¼þ\½á¿Î×÷Òµ\ZigBee\ÊµÑéÖ¸µ¼Êé\ÊµÑéÖ¸µ¼Êé\Code\Cap2_ZStack\ZStack-CC2530-r200\ZStack-CC2530-r200\Projects\SappWsn\..\..\Components\hal\target\CC2530EB\
#        -I
#        E:\qqÏÂÔØÎÄ¼þ\½á¿Î×÷Òµ\ZigBee\ÊµÑéÖ¸µ¼Êé\ÊµÑéÖ¸µ¼Êé\Code\Cap2_ZStack\ZStack-CC2530-r200\ZStack-CC2530-r200\Projects\SappWsn\..\..\Components\mac\include\
#        -I
#        E:\qqÏÂÔØÎÄ¼þ\½á¿Î×÷Òµ\ZigBee\ÊµÑéÖ¸µ¼Êé\ÊµÑéÖ¸µ¼Êé\Code\Cap2_ZStack\ZStack-CC2530-r200\ZStack-CC2530-r200\Projects\SappWsn\..\..\Components\mac\high_level\
#        -I
#        E:\qqÏÂÔØÎÄ¼þ\½á¿Î×÷Òµ\ZigBee\ÊµÑéÖ¸µ¼Êé\ÊµÑéÖ¸µ¼Êé\Code\Cap2_ZStack\ZStack-CC2530-r200\ZStack-CC2530-r200\Projects\SappWsn\..\..\Components\mac\low_level\srf04\
#        -I
#        E:\qqÏÂÔØÎÄ¼þ\½á¿Î×÷Òµ\ZigBee\ÊµÑéÖ¸µ¼Êé\ÊµÑéÖ¸µ¼Êé\Code\Cap2_ZStack\ZStack-CC2530-r200\ZStack-CC2530-r200\Projects\SappWsn\..\..\Components\mac\low_level\srf04\single_chip\
#        -I
#        E:\qqÏÂÔØÎÄ¼þ\½á¿Î×÷Òµ\ZigBee\ÊµÑéÖ¸µ¼Êé\ÊµÑéÖ¸µ¼Êé\Code\Cap2_ZStack\ZStack-CC2530-r200\ZStack-CC2530-r200\Projects\SappWsn\..\..\Components\mt\
#        -I
#        E:\qqÏÂÔØÎÄ¼þ\½á¿Î×÷Òµ\ZigBee\ÊµÑéÖ¸µ¼Êé\ÊµÑéÖ¸µ¼Êé\Code\Cap2_ZStack\ZStack-CC2530-r200\ZStack-CC2530-r200\Projects\SappWsn\..\..\Components\osal\include\
#        -I
#        E:\qqÏÂÔØÎÄ¼þ\½á¿Î×÷Òµ\ZigBee\ÊµÑéÖ¸µ¼Êé\ÊµÑéÖ¸µ¼Êé\Code\Cap2_ZStack\ZStack-CC2530-r200\ZStack-CC2530-r200\Projects\SappWsn\..\..\Components\services\saddr\
#        -I
#        E:\qqÏÂÔØÎÄ¼þ\½á¿Î×÷Òµ\ZigBee\ÊµÑéÖ¸µ¼Êé\ÊµÑéÖ¸µ¼Êé\Code\Cap2_ZStack\ZStack-CC2530-r200\ZStack-CC2530-r200\Projects\SappWsn\..\..\Components\services\sdata\
#        -I
#        E:\qqÏÂÔØÎÄ¼þ\½á¿Î×÷Òµ\ZigBee\ÊµÑéÖ¸µ¼Êé\ÊµÑéÖ¸µ¼Êé\Code\Cap2_ZStack\ZStack-CC2530-r200\ZStack-CC2530-r200\Projects\SappWsn\..\..\Components\stack\af\
#        -I
#        E:\qqÏÂÔØÎÄ¼þ\½á¿Î×÷Òµ\ZigBee\ÊµÑéÖ¸µ¼Êé\ÊµÑéÖ¸µ¼Êé\Code\Cap2_ZStack\ZStack-CC2530-r200\ZStack-CC2530-r200\Projects\SappWsn\..\..\Components\stack\nwk\
#        -I
#        E:\qqÏÂÔØÎÄ¼þ\½á¿Î×÷Òµ\ZigBee\ÊµÑéÖ¸µ¼Êé\ÊµÑéÖ¸µ¼Êé\Code\Cap2_ZStack\ZStack-CC2530-r200\ZStack-CC2530-r200\Projects\SappWsn\..\..\Components\stack\sapi\
#        -I
#        E:\qqÏÂÔØÎÄ¼þ\½á¿Î×÷Òµ\ZigBee\ÊµÑéÖ¸µ¼Êé\ÊµÑéÖ¸µ¼Êé\Code\Cap2_ZStack\ZStack-CC2530-r200\ZStack-CC2530-r200\Projects\SappWsn\..\..\Components\stack\sec\
#        -I
#        E:\qqÏÂÔØÎÄ¼þ\½á¿Î×÷Òµ\ZigBee\ÊµÑéÖ¸µ¼Êé\ÊµÑéÖ¸µ¼Êé\Code\Cap2_ZStack\ZStack-CC2530-r200\ZStack-CC2530-r200\Projects\SappWsn\..\..\Components\stack\sys\
#        -I
#        E:\qqÏÂÔØÎÄ¼þ\½á¿Î×÷Òµ\ZigBee\ÊµÑéÖ¸µ¼Êé\ÊµÑéÖ¸µ¼Êé\Code\Cap2_ZStack\ZStack-CC2530-r200\ZStack-CC2530-r200\Projects\SappWsn\..\..\Components\stack\zdo\
#        -I
#        E:\qqÏÂÔØÎÄ¼þ\½á¿Î×÷Òµ\ZigBee\ÊµÑéÖ¸µ¼Êé\ÊµÑéÖ¸µ¼Êé\Code\Cap2_ZStack\ZStack-CC2530-r200\ZStack-CC2530-r200\Projects\SappWsn\..\..\Components\zmac\
#        -I
#        E:\qqÏÂÔØÎÄ¼þ\½á¿Î×÷Òµ\ZigBee\ÊµÑéÖ¸µ¼Êé\ÊµÑéÖ¸µ¼Êé\Code\Cap2_ZStack\ZStack-CC2530-r200\ZStack-CC2530-r200\Projects\SappWsn\..\..\Components\zmac\f8w\
#        -Ohz --require_prototypes --no_code_motion)
#    Locale             =  Chinese (Simplified)_CHN.936
#    List file          =  
#        E:\qqÏÂÔØÎÄ¼þ\½á¿Î×÷Òµ\ZigBee\ÊµÑéÖ¸µ¼Êé\ÊµÑéÖ¸µ¼Êé\Code\Cap2_ZStack\ZStack-CC2530-r200\ZStack-CC2530-r200\Projects\SappWsn\Demo\List\mac_radio_defs.lst
#    Object file        =  
#        E:\qqÏÂÔØÎÄ¼þ\½á¿Î×÷Òµ\ZigBee\ÊµÑéÖ¸µ¼Êé\ÊµÑéÖ¸µ¼Êé\Code\Cap2_ZStack\ZStack-CC2530-r200\ZStack-CC2530-r200\Projects\SappWsn\Demo\Obj\mac_radio_defs.r51
#
###############################################################################

E:\qqÏÂÔØÎÄ¼þ\½á¿Î×÷Òµ\ZigBee\ÊµÑéÖ¸µ¼Êé\ÊµÑéÖ¸µ¼Êé\Code\Cap2_ZStack\ZStack-CC2530-r200\ZStack-CC2530-r200\Components\mac\low_level\srf04\single_chip\mac_radio_defs.c
      1          /**************************************************************************************************
      2            Filename:       mac_radio_defs.c
      3            Revised:        $Date: 2010-12-23 14:50:47 -0800 (Thu, 23 Dec 2010) $
      4            Revision:       $Revision: 24688 $
      5          
      6            Description:    Describe the purpose and contents of the file.
      7          
      8          
      9            Copyright 2006-2010 Texas Instruments Incorporated. All rights reserved.
     10          
     11            IMPORTANT: Your use of this Software is limited to those specific rights
     12            granted under the terms of a software license agreement between the user
     13            who downloaded the software, his/her employer (which must be your employer)
     14            and Texas Instruments Incorporated (the "License").  You may not use this
     15            Software unless you agree to abide by the terms of the License. The License
     16            limits your use, and you acknowledge, that the Software may not be modified,
     17            copied or distributed unless embedded on a Texas Instruments microcontroller
     18            or used solely and exclusively in conjunction with a Texas Instruments radio
     19            frequency transceiver, which is integrated into your product.  Other than for
     20            the foregoing purpose, you may not use, reproduce, copy, prepare derivative
     21            works of, modify, distribute, perform, display or sell this Software and/or
     22            its documentation for any purpose.
     23          
     24            YOU FURTHER ACKNOWLEDGE AND AGREE THAT THE SOFTWARE AND DOCUMENTATION ARE
     25            PROVIDED “AS IS” WITHOUT WARRANTY OF ANY KIND, EITHER EXPRESS OR IMPLIED,
     26            INCLUDING WITHOUT LIMITATION, ANY WARRANTY OF MERCHANTABILITY, TITLE,
     27            NON-INFRINGEMENT AND FITNESS FOR A PARTICULAR PURPOSE. IN NO EVENT SHALL
     28            TEXAS INSTRUMENTS OR ITS LICENSORS BE LIABLE OR OBLIGATED UNDER CONTRACT,
     29            NEGLIGENCE, STRICT LIABILITY, CONTRIBUTION, BREACH OF WARRANTY, OR OTHER
     30            LEGAL EQUITABLE THEORY ANY DIRECT OR INDIRECT DAMAGES OR EXPENSES
     31            INCLUDING BUT NOT LIMITED TO ANY INCIDENTAL, SPECIAL, INDIRECT, PUNITIVE
     32            OR CONSEQUENTIAL DAMAGES, LOST PROFITS OR LOST DATA, COST OF PROCUREMENT
     33            OF SUBSTITUTE GOODS, TECHNOLOGY, SERVICES, OR ANY CLAIMS BY THIRD PARTIES
     34            (INCLUDING BUT NOT LIMITED TO ANY DEFENSE THEREOF), OR OTHER SIMILAR COSTS.
     35          
     36            Should you have any questions regarding your right to use this Software,
     37            contact Texas Instruments Incorporated at www.TI.com.
     38          **************************************************************************************************/
     39          
     40          /* ------------------------------------------------------------------------------------------------
     41           *                                             Includes
     42           * ------------------------------------------------------------------------------------------------
     43           */
     44          #include "mac_radio_defs.h"
     45          #include "hal_types.h"
     46          #include "hal_assert.h"
     47          #include "hal_mcu.h"
     48          #include "mac_pib.h"
     49          
     50          
     51          /* ------------------------------------------------------------------------------------------------
     52           *                                        Global Constants
     53           * ------------------------------------------------------------------------------------------------
     54           */
     55          #if defined MAC_RUNTIME_CC2591 || defined MAC_RUNTIME_CC2590 || \
     56            (!defined HAL_PA_LNA && !defined HAL_PA_LNA_CC2590)
     57          
     58          #ifdef HAL_MCU_CC2533
     59          const uint8 CODE macRadioDefsTxPwrBare[] =
     60          {
     61            4,  /* tramsmit power level of the first entry */
     62            (uint8)(int8)-21, /* transmit power level of the last entry */
     63            /*   4 dBm */   0xEC,   /* characterized as  4.5 dBm in datasheet */
     64            /*   3 dBm */   0xDC,   /* characterized as  3   dBm in datasheet */
     65            /*   2 dBm */   0xDC,   
     66            /*   1 dBm */   0xCC,   /* characterized as  1.7 dBm in datasheet */
     67            /*   0 dBm */   0xBC,   /* characterized as  0.3 dBm in datasheet */
     68            /*  -1 dBm */   0xAC,   /* characterized as -1   dBm in datasheet */
     69            /*  -2 dBm */   0xAC,
     70            /*  -3 dBm */   0x9C,   /* characterized as -2.8 dBm in datasheet */
     71            /*  -4 dBm */   0x9C,   
     72            /*  -5 dBm */   0x8C,   /* characterized as -4.1 dBm in datasheet */
     73            /*  -6 dBm */   0x7C,   /* characterized as -5.9 dBm in datasheet */
     74            /*  -7 dBm */   0x7C,
     75            /*  -8 dBm */   0x6C,   /* characterized as -7.7 dBm in datasheet */
     76            /*  -9 dBm */   0x6C,
     77            /* -10 dBm */   0x5C,   /* characterized as -9.9 dBm in datasheet */
     78            /* -11 dBm */   0x5C,
     79            /* -12 dBm */   0x5C,   /* characterized as -9.9 dBm in datasheet */
     80            /* -13 dBm */   0x4C,   /* characterized as -12.8 dBm in datasheet */
     81            /* -14 dBm */   0x4C,
     82            /* -15 dBm */   0x3C,   /* characterized as -14.9 dBm in datasheet */
     83            /* -16 dBm */   0x3C, 
     84            /* -17 dBm */   0x2C,   /* characterized as -16.6 dBm in datasheet */
     85            /* -18 dBm */   0x2C,
     86            /* -19 dBm */   0x1C,   /* characterized as -18.7 dBm in datasheet */
     87            /* -20 dBm */   0x1C,   /* characterized as -18.7 dBm in datasheet */
     88            /* -21 dBm */   0x0C
     89          };
     90          #else /* HAL_MCU_CC2533 */

   \                                 In  segment CODE_C, align 1
     91          const uint8 CODE macRadioDefsTxPwrBare[] =
   \                     macRadioDefsTxPwrBare:
   \   000000   03           DB 3
   \   000001   EA           DB 234
   \   000002   F5           DB 245
   \   000003   E5           DB 229
   \   000004   D5           DB 213
   \   000005   D5           DB 213
   \   000006   C5           DB 197
   \   000007   B5           DB 181
   \   000008   A5           DB 165
   \   000009   95           DB 149
   \   00000A   95           DB 149
   \   00000B   85           DB 133
   \   00000C   85           DB 133
   \   00000D   75           DB 117
   \   00000E   75           DB 117
   \   00000F   65           DB 101
   \   000010   65           DB 101
   \   000011   55           DB 85
   \   000012   55           DB 85
   \   000013   45           DB 69
   \   000014   45           DB 69
   \   000015   35           DB 53
   \   000016   35           DB 53
   \   000017   25           DB 37
   \   000018   25           DB 37
   \   000019   15           DB 21
   \   00001A   15           DB 21
   \   00001B   05           DB 5
     92          {
     93            3,  /* tramsmit power level of the first entry */
     94            (uint8)(int8)-22, /* transmit power level of the last entry */
     95            /*   3 dBm */   0xF5,   /* characterized as  4.5 dBm in datasheet */
     96            /*   2 dBm */   0xE5,   /* characterized as  2.5 dBm in datasheet */
     97            /*   1 dBm */   0xD5,   /* characterized as  1   dBm in datasheet */
     98            /*   0 dBm */   0xD5,   /* characterized as  1   dBm in datasheet */
     99            /*  -1 dBm */   0xC5,   /* characterized as -0.5 dBm in datasheet */
    100            /*  -2 dBm */   0xB5,   /* characterized as -1.5 dBm in datasheet */
    101            /*  -3 dBm */   0xA5,   /* characterized as -3   dBm in datasheet */
    102            /*  -4 dBm */   0x95,   /* characterized as -4   dBm in datasheet */
    103            /*  -5 dBm */   0x95,
    104            /*  -6 dBm */   0x85,   /* characterized as -6   dBm in datasheet */
    105            /*  -7 dBm */   0x85,
    106            /*  -8 dBm */   0x75,   /* characterized as -8   dBm in datasheet */
    107            /*  -9 dBm */   0x75,
    108            /* -10 dBm */   0x65,   /* characterized as -10  dBm in datasheet */
    109            /* -11 dBm */   0x65,
    110            /* -12 dBm */   0x55,   /* characterized as -12  dBm in datasheet */
    111            /* -13 dBm */   0x55,
    112            /* -14 dBm */   0x45,   /* characterized as -14  dBm in datasheet */
    113            /* -15 dBm */   0x45,
    114            /* -16 dBm */   0x35,   /* characterized as -16  dBm in datasheet */
    115            /* -17 dBm */   0x35,
    116            /* -18 dBm */   0x25,   /* characterized as -18  dBm in datasheet */
    117            /* -19 dBm */   0x25,
    118            /* -20 dBm */   0x15,   /* characterized as -20  dBm in datasheet */
    119            /* -21 dBm */   0x15,
    120            /* -22 dBm */   0x05    /* characterized as -22  dBm in datasheet */
    121          };
    122          #endif /* HAL_MCU_CC2533 */
    123          #endif /* defined MAC_RUNTIME_CC2591 || defined MAC_RUNTIME_CC2590 || 
    124                    (!defined HAL_PA_LNA && !defined HAL_PA_LNA_CC2590) */
    125          
    126          #if defined HAL_PA_LNA || defined MAC_RUNTIME_CC2591
    127          const uint8 CODE macRadioDefsTxPwrCC2591[] =
    128          {
    129            20,  /* tramsmit power level of the first entry */
    130            (uint8)(int8)10, /* transmit power level of the last entry */
    131            /*  20 dBm */   0xE5,   /* characterized as 20 dBm in datasheet */
    132            /*  19 dBm */   0xD5,   /* characterized as 19 dBm in datasheet */
    133            /*  18 dBm */   0xC5,   /* characterized as 18 dBm in datasheet */
    134            /*  17 dBm */   0xB5,   /* characterized as 17 dBm in datasheet */
    135            /*  16 dBm */   0xA5,   /* characterized as 16 dBm in datasheet */
    136            /*  15 dBm */   0xA5,
    137            /*  14 dBm */   0x95,   /* characterized as 14.5 dBm in datasheet */
    138            /*  13 dBm */   0x85,   /* characterized as 13 dBm in datasheet */
    139            /*  12 dBm */   0x85,
    140            /*  11 dBm */   0x75,   /* characterized as 11.5 dBm in datasheet */
    141            /*  10 dBm */   0x65    /* characterized as 10 dBm in datasheet */
    142          };
    143          #endif
    144          
    145          
    146          /* Placeholder for CC2590 */
    147          #if defined HAL_PA_LNA_CC2590 || defined MAC_RUNTIME_CC2590
    148          const uint8 CODE macRadioDefsTxPwrCC2590[] =
    149          {
    150            11,  /* tramsmit power level of the first entry */
    151            (uint8)(int8)-12, /* transmit power level of the last entry */
    152            /* Note that the characterization is preliminary */
    153            /* 11 dBm */   0xF5,   /* characterized as 11.8 dBm */
    154            /* 10 dBm */   0xE5,   /* characterized as 10.6 dBm */
    155            /*  9 dBm */   0xD5,   /* characterized as 9.5 dBm */
    156            /*  8 dBm */   0xC5,   /* characterized as 8.5 dBm */
    157            /*  7 dBm */   0xB5,   /* characterized as 7.6 dBm */
    158            /*  6 dBm */   0xA5,   /* characterized as 6.4 dBm */
    159            /*  5 dBm */   0xA5,   /* characterized as 6.4 dBm */
    160            /*  4 dBm */   0x95,   /* characterized as 4.7 dBm */
    161            /*  3 dBm */   0x85,   /* characterized as 3.5 dBm */
    162            /*  2 dBm */   0x75,   /* characterized as 2.0 dBm */
    163            /*  1 dBm */   0x75,   /* characterized as 2.0 dBm */
    164            /*  0 dBm */   0x65,   /* characterized as 0.3 dBm */
    165            /* -1 dBm */   0x65,   /* characterized as 0.3 dBm */
    166            /* -2 dBm */   0x55,   /* characterized as -1.7 dBm */
    167            /* -3 dBm */   0x55,   /* characterized as -1.7 dBm */
    168            /* -4 dBm */   0x45,   /* characterized as -3.9 dBm */
    169            /* -5 dBm */   0x45,   /* characterized as -3.9 dBm */
    170            /* -6 dBm */   0x45,   /* characterized as -3.9 dBm */
    171            /* -7 dBm */   0x35,   /* characterized as -6.3 dBm*/
    172            /* -8 dBm */   0x25,   /* characterized as -7.8 dBm */
    173            /* -9 dBm */   0x25,   /* characterized as -7.8 dBm */
    174            /* -10 dBm */  0x15,   /* characterized as -9.8 dBm */
    175            /* -11 dBm */  0x15,   /* characterized as -9.8 dBm */
    176            /* -12 dBm */  0x05,   /* characterized as -11.8 dBm */
    177          };
    178          #endif
    179          
    180          #if defined MAC_RUNTIME_CC2591 || defined MAC_RUNTIME_CC2590 || \
    181            defined HAL_PA_LNA || defined HAL_PA_LNA_CC2590
    182          
    183          /* TX power table array */
    184          const uint8 CODE *const CODE macRadioDefsTxPwrTables[] =
    185          {
    186          #if defined MAC_RUNTIME_CC2591 || defined MAC_RUNTIME_CC2590 || \
    187            (!defined HAL_PA_LNA && !defined HAL_PA_LNA_CC2590)
    188            macRadioDefsTxPwrBare,
    189          #endif
    190          
    191          #if defined HAL_PA_LNA || defined MAC_RUNTIME_CC2591
    192            macRadioDefsTxPwrCC2591,
    193          #endif
    194          
    195          #if defined HAL_PA_LNA_CC2590 || defined MAC_RUNTIME_CC2590
    196            macRadioDefsTxPwrCC2590,
    197          #endif
    198          };
    199          
    200          /* RSSI offset adjustment value array */
    201          const int8 CODE macRadioDefsRssiAdj[] =
    202          {
    203          #if defined MAC_RUNTIME_CC2591 || defined MAC_RUNTIME_CC2590 || \
    204            (!defined HAL_PA_LNA && !defined HAL_PA_LNA_CC2590)
    205            0,
    206          #endif
    207          
    208          #if defined HAL_PA_LNA || defined MAC_RUNTIME_CC2591
    209            -6, /* high gain mode */
    210            6,  /* low gain mode */
    211          #endif
    212          
    213          #if defined HAL_PA_LNA_CC2590 || defined MAC_RUNTIME_CC2590
    214          -10,  /* TBD: place holder for high gain mode */
    215            0,  /* TBD: place holder for low gain mode */
    216          #endif
    217          };
    218          
    219          #endif /* defined MAC_RUNTIME_CC2591 || defined MAC_RUNTIME_CC2590 || ... */
    220          
    221          #if defined MAC_RUNTIME_CC2591 || defined MAC_RUNTIME_CC2590 || \
    222            defined HAL_PA_LNA || defined HAL_PA_LNA_CC2590
    223          uint8 macRadioDefsRefTableId = 0;
    224          #endif
    225          
    226          /* RF observable control register value to output PA signal */
    227          #define RFC_OBS_CTRL_PA_PD_INV        0x68
    228          
    229          /* RF observable control register value to output LNA signal */
    230          #define RFC_OBS_CTRL_LNAMIX_PD_INV    0x6A
    231          
    232          /* OBSSELn register value to select RF observable 0 */
    233          #define OBSSEL_OBS_CTRL0             0xFB
    234          
    235          /* OBSSELn register value to select RF observable 1 */
    236          #define OBSSEL_OBS_CTRL1             0xFC
    237          
    238          
    239          /**************************************************************************************************
    240           * @fn          MAC_SelectRadioRegTable
    241           *
    242           * @brief       Select radio register table in case multiple register tables are included
    243           *              in the build
    244           *
    245           * @param       txPwrTblIdx - TX power register value table index
    246           * @param       rssiAdjIdx - RSSI adjustment value index
    247           *
    248           * @return      none
    249           **************************************************************************************************
    250           */

   \                                 In  segment BANKED_CODE, align 1, keep-with-next
    251          extern void MAC_SetRadioRegTable ( uint8 txPwrTblIdx, uint8 rssiAdjIdx )
   \                     MAC_SetRadioRegTable:
    252          {
   \   000000                ; Saved register size: 0
   \   000000                ; Auto size: 0
    253            /* Depending on compile flags, the parameters may not be used */
    254            (void) txPwrTblIdx;
    255            (void) rssiAdjIdx;
    256          
    257          #if defined MAC_RUNTIME_CC2591 || defined MAC_RUNTIME_CC2590
    258            if (txPwrTblIdx >= sizeof(macRadioDefsTxPwrTables)/sizeof(macRadioDefsTxPwrTables[0]))
    259            {
    260              txPwrTblIdx = 0;
    261            }
    262          #endif /* defined MAC_RUNTIME_CC2591 || defined MAC_RUNTIME_CC2590 */
    263          
    264          #if defined MAC_RUNTIME_CC2591 || defined MAC_RUNTIME_CC2590 || \
    265            defined HAL_PA_LNA || defined HAL_PA_LNA_CC2590
    266          
    267            if (rssiAdjIdx >= sizeof(macRadioDefsRssiAdj)/sizeof(macRadioDefsRssiAdj[0]))
    268            {
    269              rssiAdjIdx = 0;
    270            }
    271          
    272            macRadioDefsRefTableId = (txPwrTblIdx << 4) | rssiAdjIdx;
    273          
    274          #endif /* defined MAC_RUNTIME_CC2591 || defined MAC_RUNTIME_CC2590 || .. */
    275          }
   \   000000   02....       LJMP      ?BRET
    276          
    277          
    278          /**************************************************************************************************
    279           * @fn          macRadioTurnOnPower
    280           *
    281           * @brief       Logic and sequence for powering up the radio.
    282           *
    283           * @param       none
    284           *
    285           * @return      none
    286           **************************************************************************************************
    287           */

   \                                 In  segment BANKED_CODE, align 1, keep-with-next
    288          MAC_INTERNAL_API void macRadioTurnOnPower(void)
   \                     macRadioTurnOnPower:
    289          {
   \   000000   C082         PUSH      DPL
   \   000002   C083         PUSH      DPH
   \   000004                ; Saved register size: 2
   \   000004                ; Auto size: 0
    290            /* Enable RF error trap */
    291            MAC_MCU_RFERR_ENABLE_INTERRUPT();
   \   000004   9061A5       MOV       DPTR,#0x61a5
   \   000007   E0           MOVX      A,@DPTR
   \   000008   D2E2         SETB      0xE0 /* A   */.2
   \   00000A   F0           MOVX      @DPTR,A
    292          
    293          #if defined MAC_RUNTIME_CC2591 || defined MAC_RUNTIME_CC2590
    294            /* table ID is referenced only when runtime configuratino is enabled */
    295            if (macRadioDefsRefTableId & 0xf0)
    296          #endif /* defined MAC_RUNTIME_CC2591 || defined MAC_RUNTIME_CC2590 */
    297          
    298          #if defined MAC_RUNTIME_CC2591 || defined MAC_RUNTIME_CC2590 || \
    299            defined HAL_PA_LNA || defined HAL_PA_LNA_CC2590
    300            { /* either if compound statement or non-conditional compound statement */
    301          
    302              /* (Re-)Configure PA and LNA control signals to RF frontend chips.
    303              * Note that The register values are not retained during sleep.
    304              */
    305          
    306              /* P1_1 -> PAEN */
    307              RFC_OBS_CTRL0 = RFC_OBS_CTRL_PA_PD_INV;
    308              OBSSEL1       = OBSSEL_OBS_CTRL0;
    309          
    310              /* P1_4 -> EN (LNA control) */
    311              RFC_OBS_CTRL1 = RFC_OBS_CTRL_LNAMIX_PD_INV;
    312              OBSSEL4       = OBSSEL_OBS_CTRL1;
    313              
    314              /* For any RX, change CCA settings for CC2591 compression workaround.
    315               * This will override LNA control if CC2591_COMPRESSION_WORKAROUND 
    316               * flag is defined. 
    317               */
    318              COMPRESSION_WORKAROUND_ON();
    319            }
    320          #endif /* defined MAC_RUNTIME_CC2591 || ... || defined HAL_PA_LNA_CC2590 */
    321          
    322            if (macChipVersion <= REV_B)
   \   00000B   90....       MOV       DPTR,#macChipVersion
   \   00000E   E0           MOVX      A,@DPTR
   \   00000F   C3           CLR       C
   \   000010   9412         SUBB      A,#0x12
   \   000012   502D         JNC       ??macRadioTurnOnPower_0
    323            {
    324              /* radio initializations for disappearing RAM; PG1.0 and before only */
    325              MAC_RADIO_SET_PAN_ID(macPib.panId);
   \   000014   90....       MOV       DPTR,#macPib + 29
   \   000017   E0           MOVX      A,@DPTR
   \   000018   906172       MOV       DPTR,#0x6172
   \   00001B   F0           MOVX      @DPTR,A
   \   00001C   90....       MOV       DPTR,#macPib + 30
   \   00001F   E0           MOVX      A,@DPTR
   \   000020   906173       MOV       DPTR,#0x6173
   \   000023   F0           MOVX      @DPTR,A
    326              MAC_RADIO_SET_SHORT_ADDR(macPib.shortAddress);
   \   000024   90....       MOV       DPTR,#macPib + 33
   \   000027   E0           MOVX      A,@DPTR
   \   000028   906174       MOV       DPTR,#0x6174
   \   00002B   F0           MOVX      @DPTR,A
   \   00002C   90....       MOV       DPTR,#macPib + 34
   \   00002F   E0           MOVX      A,@DPTR
   \   000030   906175       MOV       DPTR,#0x6175
   \   000033   F0           MOVX      @DPTR,A
    327              MAC_RADIO_SET_IEEE_ADDR(macPib.extendedAddress.addr.extAddr);
   \   000034                ; Setup parameters for call to function macMemWriteRam
   \   000034   7908         MOV       R1,#0x8
   \   000036   7C..         MOV       R4,#(macPib + 49) & 0xff
   \   000038   7D..         MOV       R5,#((macPib + 49) >> 8) & 0xff
   \   00003A   7A6A         MOV       R2,#0x6a
   \   00003C   7B61         MOV       R3,#0x61
   \   00003E   12....       LCALL     `??macMemWriteRam::?relay`; Banked call to: macMemWriteRam
    328            }
    329          
    330            /* Turn on frame filtering */
    331            MAC_RADIO_TURN_ON_RX_FRAME_FILTERING();
   \                     ??macRadioTurnOnPower_0:
   \   000041   906180       MOV       DPTR,#0x6180
   \   000044   E4           CLR       A
   \   000045   F0           MOVX      @DPTR,A
   \   000046   E0           MOVX      A,@DPTR
   \   000047   4405         ORL       A,#0x5
   \   000049                REQUIRE ?Subroutine0
   \   000049                ; // Fall through to label ?Subroutine0
    332          }

   \                                 In  segment BANKED_CODE, align 1, keep-with-next
   \                     ?Subroutine0:
   \   000000   F0           MOVX      @DPTR,A
   \   000001   D083         POP       DPH
   \   000003   D082         POP       DPL
   \   000005   02....       LJMP      ?BRET
    333          
    334          
    335          /**************************************************************************************************
    336           * @fn          macRadioTurnOffPower
    337           *
    338           * @brief       Logic and sequence for powering down the radio.
    339           *
    340           * @param       none
    341           *
    342           * @return      none
    343           **************************************************************************************************
    344           */

   \                                 In  segment BANKED_CODE, align 1, keep-with-next
    345          MAC_INTERNAL_API void macRadioTurnOffPower(void)
   \                     macRadioTurnOffPower:
    346          {
   \   000000   C082         PUSH      DPL
   \   000002   C083         PUSH      DPH
   \   000004                ; Saved register size: 2
   \   000004                ; Auto size: 0
    347            /* Disable RF error trap */
    348            MAC_MCU_RFERR_DISABLE_INTERRUPT();
   \   000004   9061A5       MOV       DPTR,#0x61a5
   \   000007   E0           MOVX      A,@DPTR
   \   000008   C2E2         CLR       0xE0 /* A   */.2
   \   00000A   80..         SJMP      ?Subroutine0
    349          }
    350          
    351          
    352          /**************************************************************************************************
    353           *                                  Compile Time Integrity Checks
    354           **************************************************************************************************
    355           */
    356          #if (HAL_CPU_CLOCK_MHZ != 32)
    357          #error "ERROR: The only tested/supported clock speed is 32 MHz."
    358          #endif
    359          
    360          #if (MAC_RADIO_RECEIVER_SENSITIVITY_DBM > MAC_SPEC_MIN_RECEIVER_SENSITIVITY)
    361          #error "ERROR: Radio sensitivity does not meet specification."
    362          #endif
    363          
    364          #if defined (HAL_PA_LNA) && defined (HAL_PA_LNA_CC2590)
    365          #error "ERROR: HAL_PA_LNA and HAL_PA_LNA_CC2590 cannot be both defined."
    366          #endif
    367          
    368          #if defined (HAL_PA_LNA) && defined (MAC_RUNTIME_CC2591)
    369          #error "ERROR: HAL_PA_LNA and MAC_RUNTIME_CC2591 cannot be both defined."
    370          #endif
    371          
    372          #if defined (HAL_PA_LNA_CC2590) && defined (MAC_RUNTIME_CC2590)
    373          #error "ERROR: HAL_PA_LNA_CC2590 and MAC_RUNTIME_CC2590 cannot be both defined."
    374          #endif
    375          
    376          #if defined (CC2591_COMPRESSION_WORKAROUND) && !defined (HAL_PA_LNA)
    377          #error "ERROR: CC2591_COMPRESSION_WORKAROUND can only be defined when HAL_PA_LNA is defined."
    378          #endif
    379          
    380          #if defined (CC2591_COMPRESSION_WORKAROUND)
    381          #warning "WARNING: Contact TI customer support if your reference design is based on CC2530-CC2591EM rev 2.0 or prior."
    382          #endif
    383          
    384          /**************************************************************************************************
    385           */

   Maximum stack usage in bytes:

   ISTACK Function
   ------ --------
      0   MAC_SetRadioRegTable
      2   macRadioTurnOffPower
      2   macRadioTurnOnPower
        2   -> macMemWriteRam


   Segment part sizes:

   Bytes  Function/Label
   -----  --------------
       8  ?Subroutine0
       3  MAC_SetRadioRegTable
      28  macRadioDefsTxPwrBare
      12  macRadioTurnOffPower
      73  macRadioTurnOnPower
      18  -- Other

 
 96 bytes in segment BANKED_CODE
 18 bytes in segment BANK_RELAYS
 28 bytes in segment CODE_C
 
 46 bytes of CODE     memory
 96 bytes of HUGECODE memory

Errors: none
Warnings: none
