###############################################################################
#
# IAR C/C++ Compiler V10.30.1.6000 for 8051               23/Apr/2019  16:49:30
# Copyright 2004-2018 IAR Systems AB.
# PC-locked license - IAR Embedded Workbench for 8051
#
#    Core               =  plain
#    Code model         =  banked
#    Data model         =  large
#    Calling convention =  xdata reentrant
#    Constant location  =  data_rom
#    Dptr setup         =  1,16
#                          
#    Source file        =  
#        E:\qqÏÂÔØÎÄ¼þ\½á¿Î×÷Òµ\ZigBee\ÊµÑéÖ¸µ¼Êé\ÊµÑéÖ¸µ¼Êé\Code\Cap2_ZStack\ZStack-CC2530-r200\ZStack-CC2530-r200\Components\mac\low_level\srf04\mac_autopend.c
#    Command line       =  
#        -f C:\Users\VULCAN\AppData\Local\Temp\EWDE6E.tmp
#        (E:\qqÏÂÔØÎÄ¼þ\½á¿Î×÷Òµ\ZigBee\ÊµÑéÖ¸µ¼Êé\ÊµÑéÖ¸µ¼Êé\Code\Cap2_ZStack\ZStack-CC2530-r200\ZStack-CC2530-r200\Components\mac\low_level\srf04\mac_autopend.c
#        -D NWK_AUTO_POLL -D ZTOOL_P1 -D MT_TASK -D xMT_SYS_FUNC -D MT_ZDO_FUNC
#        -D SAPP_ZSTACK_DEMO -lC
#        E:\qqÏÂÔØÎÄ¼þ\½á¿Î×÷Òµ\ZigBee\ÊµÑéÖ¸µ¼Êé\ÊµÑéÖ¸µ¼Êé\Code\Cap2_ZStack\ZStack-CC2530-r200\ZStack-CC2530-r200\Projects\SappWsn\Demo\List
#        -lA
#        E:\qqÏÂÔØÎÄ¼þ\½á¿Î×÷Òµ\ZigBee\ÊµÑéÖ¸µ¼Êé\ÊµÑéÖ¸µ¼Êé\Code\Cap2_ZStack\ZStack-CC2530-r200\ZStack-CC2530-r200\Projects\SappWsn\Demo\List
#        --diag_suppress Pe001,Pa010 -o
#        E:\qqÏÂÔØÎÄ¼þ\½á¿Î×÷Òµ\ZigBee\ÊµÑéÖ¸µ¼Êé\ÊµÑéÖ¸µ¼Êé\Code\Cap2_ZStack\ZStack-CC2530-r200\ZStack-CC2530-r200\Projects\SappWsn\Demo\Obj
#        -e --debug --core=plain --dptr=16,1 --data_model=large
#        --code_model=banked --calling_convention=xdata_reentrant
#        --place_constants=data_rom --nr_virtual_regs 16 -f
#        E:\qqÏÂÔØÎÄ¼þ\½á¿Î×÷Òµ\ZigBee\ÊµÑéÖ¸µ¼Êé\ÊµÑéÖ¸µ¼Êé\Code\Cap2_ZStack\ZStack-CC2530-r200\ZStack-CC2530-r200\Projects\SappWsn\..\zstack\Tools\CC2530DB\f8wEndev.cfg
#        (-DCPU32MHZ -DROOT=__near_func -DMAC_CFG_TX_DATA_MAX=3
#        -DMAC_CFG_TX_MAX=6 -DMAC_CFG_RX_MAX=3) -f
#        E:\qqÏÂÔØÎÄ¼þ\½á¿Î×÷Òµ\ZigBee\ÊµÑéÖ¸µ¼Êé\ÊµÑéÖ¸µ¼Êé\Code\Cap2_ZStack\ZStack-CC2530-r200\ZStack-CC2530-r200\Projects\SappWsn\..\zstack\Tools\CC2530DB\f8wConfig.cfg
#        (-DZIGBEEPRO -DSECURE=0 -DZG_SECURE_DYNAMIC=0 -DREFLECTOR
#        -DDEFAULT_CHANLIST=0x00000800 -DZDAPP_CONFIG_PAN_ID=0x0056
#        -DNWK_START_DELAY=100 -DEXTENDED_JOINING_RANDOM_MASK=0x007F
#        -DBEACON_REQUEST_DELAY=100 -DBEACON_REQ_DELAY_MASK=0x00FF
#        -DLINK_STATUS_JITTER_MASK=0x007F -DROUTE_EXPIRY_TIME=30
#        -DAPSC_ACK_WAIT_DURATION_POLLED=3000 -DNWK_INDIRECT_MSG_TIMEOUT=7
#        -DMAX_RREQ_ENTRIES=8 -DAPSC_MAX_FRAME_RETRIES=3
#        -DNWK_MAX_DATA_RETRIES=2 -DMAX_POLL_FAILURE_RETRIES=2 -DMAX_BCAST=9
#        -DAPS_MAX_GROUPS=16 -DMAX_RTG_ENTRIES=40 -DNWK_MAX_BINDING_ENTRIES=4
#        -DMAX_BINDING_CLUSTER_IDS=4 "-DDEFAULT_KEY={0x01, 0x03, 0x05, 0x07,
#        0x09, 0x0B, 0x0D, 0x0F, 0x00, 0x02, 0x04, 0x06, 0x08, 0x0A, 0x0C,
#        0x0D}" -DMAC_MAX_FRAME_SIZE=116 -DZDNWKMGR_MIN_TRANSMISSIONS=20
#        "-DCONST=const __code" -DGENERIC=__generic -DRFD_RCVC_ALWAYS_ON=FALSE
#        -DPOLL_RATE=1000 -DQUEUED_POLL_RATE=100 -DRESPONSE_POLL_RATE=100
#        -DREJOIN_POLL_RATE=440) -I
#        E:\qqÏÂÔØÎÄ¼þ\½á¿Î×÷Òµ\ZigBee\ÊµÑéÖ¸µ¼Êé\ÊµÑéÖ¸µ¼Êé\Code\Cap2_ZStack\ZStack-CC2530-r200\ZStack-CC2530-r200\Projects\SappWsn\
#        -I
#        E:\qqÏÂÔØÎÄ¼þ\½á¿Î×÷Òµ\ZigBee\ÊµÑéÖ¸µ¼Êé\ÊµÑéÖ¸µ¼Êé\Code\Cap2_ZStack\ZStack-CC2530-r200\ZStack-CC2530-r200\Projects\SappWsn\Source\
#        -I
#        E:\qqÏÂÔØÎÄ¼þ\½á¿Î×÷Òµ\ZigBee\ÊµÑéÖ¸µ¼Êé\ÊµÑéÖ¸µ¼Êé\Code\Cap2_ZStack\ZStack-CC2530-r200\ZStack-CC2530-r200\Projects\SappWsn\..\zstack\ZMain\TI2530DB\
#        -I
#        E:\qqÏÂÔØÎÄ¼þ\½á¿Î×÷Òµ\ZigBee\ÊµÑéÖ¸µ¼Êé\ÊµÑéÖ¸µ¼Êé\Code\Cap2_ZStack\ZStack-CC2530-r200\ZStack-CC2530-r200\Projects\SappWsn\..\..\Components\hal\include\
#        -I
#        E:\qqÏÂÔØÎÄ¼þ\½á¿Î×÷Òµ\ZigBee\ÊµÑéÖ¸µ¼Êé\ÊµÑéÖ¸µ¼Êé\Code\Cap2_ZStack\ZStack-CC2530-r200\ZStack-CC2530-r200\Projects\SappWsn\..\..\Components\hal\target\CC2530EB\
#        -I
#        E:\qqÏÂÔØÎÄ¼þ\½á¿Î×÷Òµ\ZigBee\ÊµÑéÖ¸µ¼Êé\ÊµÑéÖ¸µ¼Êé\Code\Cap2_ZStack\ZStack-CC2530-r200\ZStack-CC2530-r200\Projects\SappWsn\..\..\Components\mac\include\
#        -I
#        E:\qqÏÂÔØÎÄ¼þ\½á¿Î×÷Òµ\ZigBee\ÊµÑéÖ¸µ¼Êé\ÊµÑéÖ¸µ¼Êé\Code\Cap2_ZStack\ZStack-CC2530-r200\ZStack-CC2530-r200\Projects\SappWsn\..\..\Components\mac\high_level\
#        -I
#        E:\qqÏÂÔØÎÄ¼þ\½á¿Î×÷Òµ\ZigBee\ÊµÑéÖ¸µ¼Êé\ÊµÑéÖ¸µ¼Êé\Code\Cap2_ZStack\ZStack-CC2530-r200\ZStack-CC2530-r200\Projects\SappWsn\..\..\Components\mac\low_level\srf04\
#        -I
#        E:\qqÏÂÔØÎÄ¼þ\½á¿Î×÷Òµ\ZigBee\ÊµÑéÖ¸µ¼Êé\ÊµÑéÖ¸µ¼Êé\Code\Cap2_ZStack\ZStack-CC2530-r200\ZStack-CC2530-r200\Projects\SappWsn\..\..\Components\mac\low_level\srf04\single_chip\
#        -I
#        E:\qqÏÂÔØÎÄ¼þ\½á¿Î×÷Òµ\ZigBee\ÊµÑéÖ¸µ¼Êé\ÊµÑéÖ¸µ¼Êé\Code\Cap2_ZStack\ZStack-CC2530-r200\ZStack-CC2530-r200\Projects\SappWsn\..\..\Components\mt\
#        -I
#        E:\qqÏÂÔØÎÄ¼þ\½á¿Î×÷Òµ\ZigBee\ÊµÑéÖ¸µ¼Êé\ÊµÑéÖ¸µ¼Êé\Code\Cap2_ZStack\ZStack-CC2530-r200\ZStack-CC2530-r200\Projects\SappWsn\..\..\Components\osal\include\
#        -I
#        E:\qqÏÂÔØÎÄ¼þ\½á¿Î×÷Òµ\ZigBee\ÊµÑéÖ¸µ¼Êé\ÊµÑéÖ¸µ¼Êé\Code\Cap2_ZStack\ZStack-CC2530-r200\ZStack-CC2530-r200\Projects\SappWsn\..\..\Components\services\saddr\
#        -I
#        E:\qqÏÂÔØÎÄ¼þ\½á¿Î×÷Òµ\ZigBee\ÊµÑéÖ¸µ¼Êé\ÊµÑéÖ¸µ¼Êé\Code\Cap2_ZStack\ZStack-CC2530-r200\ZStack-CC2530-r200\Projects\SappWsn\..\..\Components\services\sdata\
#        -I
#        E:\qqÏÂÔØÎÄ¼þ\½á¿Î×÷Òµ\ZigBee\ÊµÑéÖ¸µ¼Êé\ÊµÑéÖ¸µ¼Êé\Code\Cap2_ZStack\ZStack-CC2530-r200\ZStack-CC2530-r200\Projects\SappWsn\..\..\Components\stack\af\
#        -I
#        E:\qqÏÂÔØÎÄ¼þ\½á¿Î×÷Òµ\ZigBee\ÊµÑéÖ¸µ¼Êé\ÊµÑéÖ¸µ¼Êé\Code\Cap2_ZStack\ZStack-CC2530-r200\ZStack-CC2530-r200\Projects\SappWsn\..\..\Components\stack\nwk\
#        -I
#        E:\qqÏÂÔØÎÄ¼þ\½á¿Î×÷Òµ\ZigBee\ÊµÑéÖ¸µ¼Êé\ÊµÑéÖ¸µ¼Êé\Code\Cap2_ZStack\ZStack-CC2530-r200\ZStack-CC2530-r200\Projects\SappWsn\..\..\Components\stack\sapi\
#        -I
#        E:\qqÏÂÔØÎÄ¼þ\½á¿Î×÷Òµ\ZigBee\ÊµÑéÖ¸µ¼Êé\ÊµÑéÖ¸µ¼Êé\Code\Cap2_ZStack\ZStack-CC2530-r200\ZStack-CC2530-r200\Projects\SappWsn\..\..\Components\stack\sec\
#        -I
#        E:\qqÏÂÔØÎÄ¼þ\½á¿Î×÷Òµ\ZigBee\ÊµÑéÖ¸µ¼Êé\ÊµÑéÖ¸µ¼Êé\Code\Cap2_ZStack\ZStack-CC2530-r200\ZStack-CC2530-r200\Projects\SappWsn\..\..\Components\stack\sys\
#        -I
#        E:\qqÏÂÔØÎÄ¼þ\½á¿Î×÷Òµ\ZigBee\ÊµÑéÖ¸µ¼Êé\ÊµÑéÖ¸µ¼Êé\Code\Cap2_ZStack\ZStack-CC2530-r200\ZStack-CC2530-r200\Projects\SappWsn\..\..\Components\stack\zdo\
#        -I
#        E:\qqÏÂÔØÎÄ¼þ\½á¿Î×÷Òµ\ZigBee\ÊµÑéÖ¸µ¼Êé\ÊµÑéÖ¸µ¼Êé\Code\Cap2_ZStack\ZStack-CC2530-r200\ZStack-CC2530-r200\Projects\SappWsn\..\..\Components\zmac\
#        -I
#        E:\qqÏÂÔØÎÄ¼þ\½á¿Î×÷Òµ\ZigBee\ÊµÑéÖ¸µ¼Êé\ÊµÑéÖ¸µ¼Êé\Code\Cap2_ZStack\ZStack-CC2530-r200\ZStack-CC2530-r200\Projects\SappWsn\..\..\Components\zmac\f8w\
#        -Ohz --require_prototypes --no_code_motion)
#    Locale             =  Chinese (Simplified)_CHN.936
#    List file          =  
#        E:\qqÏÂÔØÎÄ¼þ\½á¿Î×÷Òµ\ZigBee\ÊµÑéÖ¸µ¼Êé\ÊµÑéÖ¸µ¼Êé\Code\Cap2_ZStack\ZStack-CC2530-r200\ZStack-CC2530-r200\Projects\SappWsn\Demo\List\mac_autopend.lst
#    Object file        =  
#        E:\qqÏÂÔØÎÄ¼þ\½á¿Î×÷Òµ\ZigBee\ÊµÑéÖ¸µ¼Êé\ÊµÑéÖ¸µ¼Êé\Code\Cap2_ZStack\ZStack-CC2530-r200\ZStack-CC2530-r200\Projects\SappWsn\Demo\Obj\mac_autopend.r51
#
###############################################################################

E:\qqÏÂÔØÎÄ¼þ\½á¿Î×÷Òµ\ZigBee\ÊµÑéÖ¸µ¼Êé\ÊµÑéÖ¸µ¼Êé\Code\Cap2_ZStack\ZStack-CC2530-r200\ZStack-CC2530-r200\Components\mac\low_level\srf04\mac_autopend.c
      1          /**************************************************************************************************
      2            Filename:       mac_autopend.c
      3            Revised:        $Date: 2009-08-28 09:29:33 -0700 (Fri, 28 Aug 2009) $
      4            Revision:       $Revision: 20674 $
      5          
      6            Description:    This file implements the TIMAC Autopend feature.
      7          
      8          
      9            Copyright 2006-2009 Texas Instruments Incorporated. All rights reserved.
     10          
     11            IMPORTANT: Your use of this Software is limited to those specific rights
     12            granted under the terms of a software license agreement between the user
     13            who downloaded the software, his/her employer (which must be your employer)
     14            and Texas Instruments Incorporated (the "License").  You may not use this
     15            Software unless you agree to abide by the terms of the License. The License
     16            limits your use, and you acknowledge, that the Software may not be modified,
     17            copied or distributed unless embedded on a Texas Instruments microcontroller
     18            or used solely and exclusively in conjunction with a Texas Instruments radio
     19            frequency transceiver, which is integrated into your product.  Other than for
     20            the foregoing purpose, you may not use, reproduce, copy, prepare derivative
     21            works of, modify, distribute, perform, display or sell this Software and/or
     22            its documentation for any purpose.
     23          
     24            YOU FURTHER ACKNOWLEDGE AND AGREE THAT THE SOFTWARE AND DOCUMENTATION ARE
     25            PROVIDED “AS IS” WITHOUT WARRANTY OF ANY KIND, EITHER EXPRESS OR IMPLIED,
     26            INCLUDING WITHOUT LIMITATION, ANY WARRANTY OF MERCHANTABILITY, TITLE,
     27            NON-INFRINGEMENT AND FITNESS FOR A PARTICULAR PURPOSE. IN NO EVENT SHALL
     28            TEXAS INSTRUMENTS OR ITS LICENSORS BE LIABLE OR OBLIGATED UNDER CONTRACT,
     29            NEGLIGENCE, STRICT LIABILITY, CONTRIBUTION, BREACH OF WARRANTY, OR OTHER
     30            LEGAL EQUITABLE THEORY ANY DIRECT OR INDIRECT DAMAGES OR EXPENSES
     31            INCLUDING BUT NOT LIMITED TO ANY INCIDENTAL, SPECIAL, INDIRECT, PUNITIVE
     32            OR CONSEQUENTIAL DAMAGES, LOST PROFITS OR LOST DATA, COST OF PROCUREMENT
     33            OF SUBSTITUTE GOODS, TECHNOLOGY, SERVICES, OR ANY CLAIMS BY THIRD PARTIES
     34            (INCLUDING BUT NOT LIMITED TO ANY DEFENSE THEREOF), OR OTHER SIMILAR COSTS.
     35          
     36            Should you have any questions regarding your right to use this Software,
     37            contact Texas Instruments Incorporated at www.TI.com.
     38          **************************************************************************************************/
     39          
     40          /* low-level */
     41          #include "mac_api.h"
     42          #include "mac_radio_defs.h"
     43          
     44          /* osal */
     45          #include "OSAL.h"
     46          #include "saddr.h"
     47          #include "ZComDef.h"
     48          
     49          #include "mac_autopend.h"
     50          
     51          /* ------------------------------------------------------------------------------------------------
     52           *                                           Defines
     53           * ------------------------------------------------------------------------------------------------
     54           */
     55          #define MAC_SRCMATCH_INVALID_INDEX           0xFF
     56          
     57          #define MAC_SRCMATCH_SHORT_ENTRY_SIZE        4
     58          #define MAC_SRCMATCH_EXT_ENTRY_SIZE          Z_EXTADDR_LEN
     59          
     60          #define MAC_SRCMATCH_SHORT_MAX_NUM_ENTRIES   24
     61          #define MAC_SRCMATCH_EXT_MAX_NUM_ENTRIES     12
     62          
     63          #define MAC_SRCMATCH_ENABLE_BITMAP_LEN       3
     64                    
     65          /* ------------------------------------------------------------------------------------------------
     66           *                                      Global Variables
     67           * ------------------------------------------------------------------------------------------------
     68           */

   \                                 In  segment XDATA_Z, align 1, keep-with-next
     69          bool macSrcMatchIsEnabled = FALSE; 
   \                     macSrcMatchIsEnabled:
   \   000000                DS 1
   \   000001                REQUIRE __INIT_XDATA_Z
     70          
     71          /* ------------------------------------------------------------------------------------------------
     72           *                                         Local Variables
     73           * ------------------------------------------------------------------------------------------------
     74           */
     75          
     76          /* 
     77           The following local Varables are only set in MAC_SrcMatchEnable()  
     78           They are read only to the rest of the module.
     79           */

   \                                 In  segment XDATA_Z, align 1, keep-with-next
     80          uint8 macSrcMatchMaxNumEntries = 0;   
   \                     macSrcMatchMaxNumEntries:
   \   000000                DS 1
   \   000001                REQUIRE __INIT_XDATA_Z

   \                                 In  segment XDATA_I, align 1, keep-with-next
     81          uint8 macSrcMatchAddrMode = SADDR_MODE_SHORT;  
   \                     macSrcMatchAddrMode:
   \   000000                DS 1
   \   000001                REQUIRE `?<Initializer for macSrcMatchAddrMode>`
   \   000001                REQUIRE __INIT_XDATA_I

   \                                 In  segment XDATA_Z, align 1, keep-with-next
     82          bool macSrcMatchIsAckAllPending = FALSE;
   \                     macSrcMatchIsAckAllPending:
   \   000000                DS 1
   \   000001                REQUIRE __INIT_XDATA_Z
     83          
     84          /* ------------------------------------------------------------------------------------------------
     85           *                                         Local Functions
     86           * ------------------------------------------------------------------------------------------------
     87           */
     88          static uint8 macSrcMatchFindEmptyEntry( void );
     89          static uint8 macSrcMatchCheckSrcAddr ( sAddr_t *addr, uint16 panID  );
     90          static void macSrcMatchSetPendEnBit( uint8 index );
     91          static void macSrcMatchSetEnableBit( uint8 index, bool option );
     92          static bool macSrcMatchCheckEnableBit( uint8 index );
     93          static uint24 macSrcMatchGetEnableBit( void );
     94          static uint24 macSrcMatchGetPendEnBit( void );
     95          
     96          /*********************************************************************
     97           * @fn          MAC_SrcMatchEnable
     98           *
     99           * @brief      Enabled AUTOPEND and source address matching. If number of source
    100           *             address table entries asked for is more than the hardware
    101           *             supports. It will allocate maximum number of entries and return 
    102           *             MAC_INVALID_PARAMETER. This function shall be not be called from 
    103           *             ISR. It is not thread safe.
    104           *
    105           * @param      addressType - address type that the application uses
    106           *                           SADDR_MODE_SHORT or SADDR_MODE_EXT
    107           * @param      num - number of source address table entries to be used
    108           *
    109           * @return     MAC_SUCCESS or MAC_INVALID_PARAMETER
    110           */

   \                                 In  segment BANKED_CODE, align 1, keep-with-next
    111          uint8 MAC_SrcMatchEnable ( uint8 addrType, uint8 num  )
   \                     MAC_SrcMatchEnable:
    112          {
   \   000000   C082         PUSH      DPL
   \   000002   C083         PUSH      DPH
   \   000004                ; Saved register size: 2
   \   000004                ; Auto size: 0
   \   000004   E9           MOV       A,R1
   \   000005   FB           MOV       R3,A
    113            uint8 rtn;
    114            uint8 maxNum;
    115              
    116            /* Verify the address type */
    117            if( addrType != SADDR_MODE_SHORT && addrType != SADDR_MODE_EXT )
   \   000006   7402         MOV       A,#0x2
   \   000008   6B           XRL       A,R3
   \   000009   6009         JZ        ??MAC_SrcMatchEnable_0
   \   00000B   7403         MOV       A,#0x3
   \   00000D   6B           XRL       A,R3
   \   00000E   6008         JZ        ??MAC_SrcMatchEnable_1
    118            {
    119              return MAC_INVALID_PARAMETER;
   \   000010   79E8         MOV       R1,#-0x18
   \   000012   803E         SJMP      ??MAC_SrcMatchEnable_2
    120            }
   \                     ??MAC_SrcMatchEnable_0:
   \   000014   7818         MOV       R0,#0x18
   \   000016   8002         SJMP      ??MAC_SrcMatchEnable_3
   \                     ??MAC_SrcMatchEnable_1:
   \   000018   780C         MOV       R0,#0xc
    121            
    122            maxNum = ( addrType == SADDR_MODE_SHORT ) ? 
    123                     MAC_SRCMATCH_SHORT_MAX_NUM_ENTRIES : MAC_SRCMATCH_EXT_MAX_NUM_ENTRIES;
    124                     
    125            if( num > maxNum )
   \                     ??MAC_SrcMatchEnable_3:
   \   00001A   E8           MOV       A,R0
   \   00001B   C3           CLR       C
   \   00001C   9A           SUBB      A,R2
   \   00001D   5006         JNC       ??MAC_SrcMatchEnable_4
    126            {
    127              rtn = MAC_INVALID_PARAMETER;
   \   00001F   79E8         MOV       R1,#-0x18
    128              num = maxNum;
   \   000021   E8           MOV       A,R0
   \   000022   FA           MOV       R2,A
   \   000023   8002         SJMP      ??MAC_SrcMatchEnable_5
    129            }
    130            else
    131            {
    132              rtn = MAC_SUCCESS;
   \                     ??MAC_SrcMatchEnable_4:
   \   000025   7900         MOV       R1,#0x0
    133            }
    134              
    135            /* Turn on Frame Filter (TIMAC enables frame filter by default), TBD */
    136            MAC_RADIO_TURN_ON_RX_FRAME_FILTERING();
   \                     ??MAC_SrcMatchEnable_5:
   \   000027   906180       MOV       DPTR,#0x6180
   \   00002A   E4           CLR       A
   \   00002B   F0           MOVX      @DPTR,A
   \   00002C   E0           MOVX      A,@DPTR
   \   00002D   4405         ORL       A,#0x5
   \   00002F   F0           MOVX      @DPTR,A
    137            
    138            /* Turn on Auto ACK (TIMAC turn on Auto ACK by default), TBD */
    139            MAC_RADIO_TURN_ON_AUTO_ACK();
   \   000030   906189       MOV       DPTR,#0x6189
   \   000033   E0           MOVX      A,@DPTR
   \   000034   D2E5         SETB      0xE0 /* A   */.5
   \   000036   F0           MOVX      @DPTR,A
    140            
    141            /* Turn on Autopend: set SRCMATCH.AUTOPEND and SRCMATCH.SRC_MATCH_EN */
    142            MAC_RADIO_TURN_ON_SRC_MATCH();
   \   000037   906182       MOV       DPTR,#0x6182
   \   00003A   E0           MOVX      A,@DPTR
   \   00003B   D2E0         SETB      0xE0 /* A   */.0
   \   00003D   F0           MOVX      @DPTR,A
    143           
    144            /* Set SRCMATCH.AUTOPEND */
    145            MAC_RADIO_TURN_ON_AUTOPEND();
   \   00003E   E0           MOVX      A,@DPTR
   \   00003F   D2E1         SETB      0xE0 /* A   */.1
   \   000041   F0           MOVX      @DPTR,A
    146            
    147            /* Configure all the globals */
    148            macSrcMatchIsEnabled = TRUE;
   \   000042   90....       MOV       DPTR,#macSrcMatchIsEnabled
   \   000045   7401         MOV       A,#0x1
   \   000047   F0           MOVX      @DPTR,A
    149            macSrcMatchMaxNumEntries = num;
   \   000048   EA           MOV       A,R2
   \   000049   90....       MOV       DPTR,#macSrcMatchMaxNumEntries
   \   00004C   F0           MOVX      @DPTR,A
    150            macSrcMatchAddrMode = addrType;           
   \   00004D   EB           MOV       A,R3
   \   00004E   90....       MOV       DPTR,#macSrcMatchAddrMode
   \   000051   F0           MOVX      @DPTR,A
    151          
    152            return rtn;
   \                     ??MAC_SrcMatchEnable_2:
   \   000052   02....       LJMP      ?Subroutine0 & 0xFFFF
    153          }

   \                                 In  segment BANKED_CODE, align 1, keep-with-next
   \                     ?Subroutine0:
   \   000000   D083         POP       DPH
   \   000002   D082         POP       DPL
   \   000004   02....       LJMP      ?BRET
    154          
    155          /*********************************************************************
    156           * @fn          MAC_SrcMatchAddEntry
    157           *
    158           * @brief       Add a short or extended address to source address table. This 
    159           *              function shall be not be called from ISR. It is not thread safe.
    160           *
    161           * @param       addr - a pointer to sAddr_t which contains addrMode 
    162           *                     and a union of a short 16-bit MAC address or an extended 
    163           *                     64-bit MAC address to be added to the source address table. 
    164           * @param       panID - the device PAN ID. It is only used when the addr is 
    165           *                      using short address 
    166          
    167           * @return      MAC_SUCCESS or MAC_NO_RESOURCES (source address table full) 
    168           *              or MAC_DUPLICATED_ENTRY (the entry added is duplicated),
    169           *              or MAC_INVALID_PARAMETER if the input parameters are invalid.
    170           */

   \                                 In  segment BANKED_CODE, align 1, keep-with-next
    171          uint8 MAC_SrcMatchAddEntry ( sAddr_t *addr, uint16 panID )
   \                     MAC_SrcMatchAddEntry:
    172          {
   \   000000                REQUIRE ?V0
   \   000000                REQUIRE ?V1
   \   000000                REQUIRE ?V2
   \   000000                REQUIRE ?V3
   \   000000                REQUIRE ?V4
   \   000000                REQUIRE ?V5
   \   000000                REQUIRE ?V6
   \   000000                REQUIRE ?V7
   \   000000                REQUIRE ?V8
   \   000000                REQUIRE ?V9
   \   000000                REQUIRE ?V10
   \   000000                REQUIRE ?V11
   \   000000   74EC         MOV       A,#-0x14
   \   000002   12....       LCALL     ?BANKED_ENTER_XDATA
   \   000005                ; Saved register size: 20
   \   000005                ; Auto size: 10
   \   000005   74F6         MOV       A,#-0xa
   \   000007   12....       LCALL     ?ALLOC_XSTACK8
   \   00000A   8A..         MOV       ?V2,R2
   \   00000C   8B..         MOV       ?V3,R3
   \   00000E   8C..         MOV       ?V0,R4
   \   000010   8D..         MOV       ?V1,R5
    173            uint8 index;
    174            uint8 entry[MAC_SRCMATCH_SHORT_ENTRY_SIZE];
    175            
    176            /* Check if the input parameters are valid */
    177            if ( addr == NULL || addr->addrMode != macSrcMatchAddrMode )
   \   000012   EA           MOV       A,R2
   \   000013   4B           ORL       A,R3
   \   000014   6015         JZ        ??MAC_SrcMatchAddEntry_0
   \   000016   8A82         MOV       DPL,R2
   \   000018   8B83         MOV       DPH,R3
   \   00001A   A3           INC       DPTR
   \   00001B   A3           INC       DPTR
   \   00001C   A3           INC       DPTR
   \   00001D   A3           INC       DPTR
   \   00001E   A3           INC       DPTR
   \   00001F   A3           INC       DPTR
   \   000020   A3           INC       DPTR
   \   000021   A3           INC       DPTR
   \   000022   E0           MOVX      A,@DPTR
   \   000023   F8           MOV       R0,A
   \   000024   90....       MOV       DPTR,#macSrcMatchAddrMode
   \   000027   E0           MOVX      A,@DPTR
   \   000028   68           XRL       A,R0
   \   000029   6005         JZ        ??MAC_SrcMatchAddEntry_1
    178            {
    179              return MAC_INVALID_PARAMETER;  
   \                     ??MAC_SrcMatchAddEntry_0:
   \   00002B   79E8         MOV       R1,#-0x18
   \   00002D   02....       LJMP      ??MAC_SrcMatchAddEntry_2 & 0xFFFF
    180            }
    181            
    182            /* Check if the entry already exists. Do not add duplicated entry */
    183            if ( macSrcMatchCheckSrcAddr( addr, panID ) != MAC_SRCMATCH_INVALID_INDEX )
   \                     ??MAC_SrcMatchAddEntry_1:
   \   000030                ; Setup parameters for call to function macSrcMatchCheckSrcAddr
   \   000030   12....       LCALL     `??macSrcMatchCheckSrcAddr::?relay`; Banked call to: macSrcMatchCheckSrcAddr
   \   000033   E9           MOV       A,R1
   \   000034   F4           CPL       A
   \   000035   6005         JZ        ??MAC_SrcMatchAddEntry_3
    184            {
    185              return MAC_DUPLICATED_ENTRY; 
   \   000037   791E         MOV       R1,#0x1e
   \   000039   02....       LJMP      ??MAC_SrcMatchAddEntry_2 & 0xFFFF
    186            }
    187            
    188            /* If not duplicated, write to the radio RAM and enable the control bit */
    189            
    190            /* Find the first empty entry */
    191            index = macSrcMatchFindEmptyEntry();
   \                     ??MAC_SrcMatchAddEntry_3:
   \   00003C                ; Setup parameters for call to function macSrcMatchGetEnableBit
   \   00003C   12....       LCALL     `??macSrcMatchGetEnableBit::?relay`; Banked call to: macSrcMatchGetEnableBit
   \   00003F   90....       MOV       DPTR,#macSrcMatchAddrMode
   \   000042   E0           MOVX      A,@DPTR
   \   000043   6402         XRL       A,#0x2
   \   000045   7E00         MOV       R6,#0x0
   \   000047   7038         JNZ       ??MAC_SrcMatchAddEntry_4
   \                     ??MAC_SrcMatchAddEntry_5:
   \   000049   90....       MOV       DPTR,#macSrcMatchMaxNumEntries
   \   00004C   E0           MOVX      A,@DPTR
   \   00004D   F8           MOV       R0,A
   \   00004E   EE           MOV       A,R6
   \   00004F   C3           CLR       C
   \   000050   98           SUBB      A,R0
   \   000051   5038         JNC       ??MAC_SrcMatchAddEntry_6
   \   000053   8A..         MOV       ?V8,R2
   \   000055   8B..         MOV       ?V9,R3
   \   000057   8C..         MOV       ?V10,R4
   \   000059   8D..         MOV       ?V11,R5
   \   00005B   EE           MOV       A,R6
   \   00005C   78..         MOV       R0,#?V8
   \   00005E   12....       LCALL     ?UL_SHR
   \   000061   E5..         MOV       A,?V8
   \   000063   A2E0         MOV       C,0xE0 /* A   */.0
   \   000065   5035         JNC       ??MAC_SrcMatchAddEntry_7
   \   000067   0E           INC       R6
   \   000068   80DF         SJMP      ??MAC_SrcMatchAddEntry_5
   \                     ??MAC_SrcMatchAddEntry_8:
   \   00006A   8A..         MOV       ?V8,R2
   \   00006C   8B..         MOV       ?V9,R3
   \   00006E   8C..         MOV       ?V10,R4
   \   000070   8D..         MOV       ?V11,R5
   \   000072   EE           MOV       A,R6
   \   000073   C3           CLR       C
   \   000074   33           RLC       A
   \   000075   78..         MOV       R0,#?V8
   \   000077   12....       LCALL     ?UL_SHR
   \   00007A   E5..         MOV       A,?V8
   \   00007C   A2E0         MOV       C,0xE0 /* A   */.0
   \   00007E   5064         JNC       ??MAC_SrcMatchAddEntry_9
   \   000080   0E           INC       R6
   \                     ??MAC_SrcMatchAddEntry_4:
   \   000081   90....       MOV       DPTR,#macSrcMatchMaxNumEntries
   \   000084   E0           MOVX      A,@DPTR
   \   000085   F8           MOV       R0,A
   \   000086   EE           MOV       A,R6
   \   000087   C3           CLR       C
   \   000088   98           SUBB      A,R0
   \   000089   40DF         JC        ??MAC_SrcMatchAddEntry_8
    192            if ( index == macSrcMatchMaxNumEntries )
   \                     ??MAC_SrcMatchAddEntry_6:
   \   00008B   E0           MOVX      A,@DPTR
   \   00008C   6E           XRL       A,R6
   \   00008D   7005         JNZ       ??MAC_SrcMatchAddEntry_10
    193            {
    194              return MAC_NO_RESOURCES;   /* Table is full */
   \   00008F   791A         MOV       R1,#0x1a
   \   000091   02....       LJMP      ??MAC_SrcMatchAddEntry_2 & 0xFFFF
    195            }
    196            
    197            if ( macSrcMatchAddrMode == SADDR_MODE_SHORT )
   \                     ??MAC_SrcMatchAddEntry_10:
   \   000094   90....       MOV       DPTR,#macSrcMatchAddrMode
   \   000097   E0           MOVX      A,@DPTR
   \   000098   6402         XRL       A,#0x2
   \   00009A   7048         JNZ       ??MAC_SrcMatchAddEntry_9
    198            {
    199              /* Write the PanID and short address */
    200              entry[0] = LO_UINT16( panID );  /* Little Endian for the radio RAM */
   \                     ??MAC_SrcMatchAddEntry_7:
   \   00009C   7403         MOV       A,#0x3
   \   00009E   12....       LCALL     ?XSTACK_DISP0_8
   \   0000A1   E5..         MOV       A,?V0
   \   0000A3   F0           MOVX      @DPTR,A
    201              entry[1] = HI_UINT16( panID );
   \   0000A4   E5..         MOV       A,?V1
   \   0000A6   F5..         MOV       ?V0,A
   \   0000A8   7404         MOV       A,#0x4
   \   0000AA   12....       LCALL     ?XSTACK_DISP0_8
   \   0000AD   E5..         MOV       A,?V0
   \   0000AF   F0           MOVX      @DPTR,A
    202              entry[2] = LO_UINT16( addr->addr.shortAddr );
   \   0000B0   85..82       MOV       DPL,?V2
   \   0000B3   85..83       MOV       DPH,?V3
   \   0000B6   E0           MOVX      A,@DPTR
   \   0000B7   C0E0         PUSH      A
   \   0000B9   7405         MOV       A,#0x5
   \   0000BB   12....       LCALL     ?XSTACK_DISP0_8
   \   0000BE   D0E0         POP       A
   \   0000C0   F0           MOVX      @DPTR,A
    203              entry[3] = HI_UINT16( addr->addr.shortAddr );
   \   0000C1   85..82       MOV       DPL,?V2
   \   0000C4   85..83       MOV       DPH,?V3
   \   0000C7   A3           INC       DPTR
   \   0000C8   E0           MOVX      A,@DPTR
   \   0000C9   C0E0         PUSH      A
   \   0000CB   7406         MOV       A,#0x6
   \   0000CD   12....       LCALL     ?XSTACK_DISP0_8
   \   0000D0   D0E0         POP       A
   \   0000D2   F0           MOVX      @DPTR,A
    204              MAC_RADIO_SRC_MATCH_TABLE_WRITE( ( index * MAC_SRCMATCH_SHORT_ENTRY_SIZE ), 
    205                             entry, MAC_SRCMATCH_SHORT_ENTRY_SIZE );
   \   0000D3                ; Setup parameters for call to function macMemWriteRam
   \   0000D3   7904         MOV       R1,#0x4
   \   0000D5   7403         MOV       A,#0x3
   \   0000D7   12....       LCALL     ?XSTACK_DISP102_8
   \   0000DA   EE           MOV       A,R6
   \   0000DB   F5..         MOV       ?V0,A
   \   0000DD   75..00       MOV       ?V1,#0x0
   \   0000E0   7402         MOV       A,#0x2
   \   0000E2   800E         SJMP      ??MAC_SrcMatchAddEntry_11
    206            }
    207            else
    208            {
    209              /* Write the extended address */
    210              MAC_RADIO_SRC_MATCH_TABLE_WRITE( ( index * MAC_SRCMATCH_EXT_ENTRY_SIZE ), 
    211                             addr->addr.extAddr, MAC_SRCMATCH_EXT_ENTRY_SIZE ); 
   \                     ??MAC_SrcMatchAddEntry_9:
   \   0000E4                ; Setup parameters for call to function macMemWriteRam
   \   0000E4   7908         MOV       R1,#0x8
   \   0000E6   AC..         MOV       R4,?V2
   \   0000E8   AD..         MOV       R5,?V3
   \   0000EA   EE           MOV       A,R6
   \   0000EB   F5..         MOV       ?V0,A
   \   0000ED   75..00       MOV       ?V1,#0x0
   \   0000F0   7403         MOV       A,#0x3
   \                     ??MAC_SrcMatchAddEntry_11:
   \   0000F2   78..         MOV       R0,#?V0
   \   0000F4   12....       LCALL     ?S_SHL
   \   0000F7   25..         ADD       A,?V0
   \   0000F9   FA           MOV       R2,A
   \   0000FA   7461         MOV       A,#0x61
   \   0000FC   35..         ADDC      A,?V1
   \   0000FE   FB           MOV       R3,A
   \   0000FF   12....       LCALL     `??macMemWriteRam::?relay`; Banked call to: macMemWriteRam
    212            }
    213            
    214            /* Set the Autopend enable bits */
    215            macSrcMatchSetPendEnBit( index );
   \   000102   90....       MOV       DPTR,#macSrcMatchAddrMode
   \   000105   E0           MOVX      A,@DPTR
   \   000106   6402         XRL       A,#0x2
   \   000108   7903         MOV       R1,#0x3
   \   00010A   7009         JNZ       ??MAC_SrcMatchAddEntry_12
   \   00010C                ; Setup parameters for call to function macMemReadRam
   \   00010C   7407         MOV       A,#0x7
   \   00010E   12....       LCALL     ?XSTACK_DISP102_8
   \   000111   7A67         MOV       R2,#0x67
   \   000113   8007         SJMP      ??MAC_SrcMatchAddEntry_13
   \                     ??MAC_SrcMatchAddEntry_12:
   \   000115                ; Setup parameters for call to function macMemReadRam
   \   000115   7407         MOV       A,#0x7
   \   000117   12....       LCALL     ?XSTACK_DISP102_8
   \   00011A   7A64         MOV       R2,#0x64
   \                     ??MAC_SrcMatchAddEntry_13:
   \   00011C   7B61         MOV       R3,#0x61
   \   00011E   12....       LCALL     `??macMemReadRam::?relay`; Banked call to: macMemReadRam
   \   000121                ; Setup parameters for call to function osal_build_uint32
   \   000121   7903         MOV       R1,#0x3
   \   000123   7407         MOV       A,#0x7
   \   000125   12....       LCALL     ?XSTACK_DISP101_8
   \   000128   12....       LCALL     `??osal_build_uint32::?relay`; Banked call to: osal_build_uint32
   \   00012B   8A..         MOV       ?V0,R2
   \   00012D   8B..         MOV       ?V1,R3
   \   00012F   8C..         MOV       ?V2,R4
   \   000131   8D..         MOV       ?V3,R5
   \   000133   90....       MOV       DPTR,#macSrcMatchAddrMode
   \   000136   12....       LCALL     ?Subroutine2 & 0xFFFF
   \                     ??CrossCallReturnLabel_0:
   \   000139   7029         JNZ       ??MAC_SrcMatchAddEntry_14
   \   00013B                ; Setup parameters for call to function osal_buffer_uint24
   \   00013B   EE           MOV       A,R6
   \   00013C   78..         MOV       R0,#?V4
   \   00013E   12....       LCALL     ?L_SHL
   \   000141   78..         MOV       R0,#?V0
   \   000143   79..         MOV       R1,#?V4
   \   000145   12....       LCALL     ?L_IOR
   \   000148   78..         MOV       R0,#?V0
   \   00014A   12....       LCALL     ?PUSH_XSTACK_I_FOUR
   \   00014D   7404         MOV       A,#0x4
   \   00014F   12....       LCALL     ?XSTACK_DISP101_8
   \   000152   12....       LCALL     `??osal_buffer_uint24::?relay`; Banked call to: osal_buffer_uint24
   \   000155   7404         MOV       A,#0x4
   \   000157   12....       LCALL     ?DEALLOC_XSTACK8
   \   00015A                ; Setup parameters for call to function macMemWriteRam
   \   00015A   7903         MOV       R1,#0x3
   \   00015C   AC..         MOV       R4,?XSP + 0
   \   00015E   AD..         MOV       R5,?XSP + 1
   \   000160   7A67         MOV       R2,#0x67
   \   000162   8029         SJMP      ??MAC_SrcMatchAddEntry_15
   \                     ??MAC_SrcMatchAddEntry_14:
   \   000164                ; Setup parameters for call to function osal_buffer_uint24
   \   000164   EE           MOV       A,R6
   \   000165   C3           CLR       C
   \   000166   33           RLC       A
   \   000167   78..         MOV       R0,#?V4
   \   000169   12....       LCALL     ?L_SHL
   \   00016C   78..         MOV       R0,#?V0
   \   00016E   79..         MOV       R1,#?V4
   \   000170   12....       LCALL     ?L_IOR
   \   000173   78..         MOV       R0,#?V0
   \   000175   12....       LCALL     ?PUSH_XSTACK_I_FOUR
   \   000178   7404         MOV       A,#0x4
   \   00017A   12....       LCALL     ?XSTACK_DISP101_8
   \   00017D   12....       LCALL     `??osal_buffer_uint24::?relay`; Banked call to: osal_buffer_uint24
   \   000180   7404         MOV       A,#0x4
   \   000182   12....       LCALL     ?DEALLOC_XSTACK8
   \   000185                ; Setup parameters for call to function macMemWriteRam
   \   000185   7903         MOV       R1,#0x3
   \   000187   AC..         MOV       R4,?XSP + 0
   \   000189   AD..         MOV       R5,?XSP + 1
   \   00018B   7A64         MOV       R2,#0x64
   \                     ??MAC_SrcMatchAddEntry_15:
   \   00018D   7B61         MOV       R3,#0x61
   \   00018F   12....       LCALL     `??macMemWriteRam::?relay`; Banked call to: macMemWriteRam
    216            
    217            /* Set the Src Match enable bits */
    218            macSrcMatchSetEnableBit( index, TRUE );
   \   000192                ; Setup parameters for call to function macSrcMatchSetEnableBit
   \   000192   7A01         MOV       R2,#0x1
   \   000194   EE           MOV       A,R6
   \   000195   F9           MOV       R1,A
   \   000196   12....       LCALL     `??macSrcMatchSetEnableBit::?relay`; Banked call to: macSrcMatchSetEnableBit
    219            
    220            return MAC_SUCCESS;
   \   000199   7900         MOV       R1,#0x0
   \                     ??MAC_SrcMatchAddEntry_2:
   \   00019B   740A         MOV       A,#0xa
   \   00019D   12....       LCALL     ?DEALLOC_XSTACK8
   \   0001A0   7F0C         MOV       R7,#0xc
   \   0001A2   02....       LJMP      ?BANKED_LEAVE_XDATA
    221          }
    222          
    223          /*********************************************************************
    224           * @fn         MAC_SrcMatchDeleteEntry
    225           *
    226           * @brief      Delete a short or extended address from source address table. 
    227           *             This function shall be not be called from ISR. It is not thread safe.
    228           *
    229           * @param      addr - a pointer to sAddr_t which contains addrMode 
    230           *                    and a union of a short 16-bit MAC address or an extended 
    231           *                    64-bit MAC address to be deleted from the source address table. 
    232           * @param      panID - the device PAN ID. It is only used when the addr is 
    233           *                     using short address  
    234           *
    235           * @return     MAC_SUCCESS or MAC_INVALID_PARAMETER (address to be deleted 
    236           *                  cannot be found in the source address table).
    237           */

   \                                 In  segment BANKED_CODE, align 1, keep-with-next
    238          uint8 MAC_SrcMatchDeleteEntry ( sAddr_t *addr, uint16 panID  )
   \                     MAC_SrcMatchDeleteEntry:
    239          {
   \   000000   C082         PUSH      DPL
   \   000002   C083         PUSH      DPH
   \   000004                ; Saved register size: 2
   \   000004                ; Auto size: 0
    240            uint8 index;
    241            
    242            if ( addr == NULL || addr->addrMode != macSrcMatchAddrMode )
   \   000004   EA           MOV       A,R2
   \   000005   4B           ORL       A,R3
   \   000006   601F         JZ        ??MAC_SrcMatchDeleteEntry_0
   \   000008   8A82         MOV       DPL,R2
   \   00000A   8B83         MOV       DPH,R3
   \   00000C   A3           INC       DPTR
   \   00000D   A3           INC       DPTR
   \   00000E   A3           INC       DPTR
   \   00000F   A3           INC       DPTR
   \   000010   A3           INC       DPTR
   \   000011   A3           INC       DPTR
   \   000012   A3           INC       DPTR
   \   000013   A3           INC       DPTR
   \   000014   E0           MOVX      A,@DPTR
   \   000015   F8           MOV       R0,A
   \   000016   90....       MOV       DPTR,#macSrcMatchAddrMode
   \   000019   E0           MOVX      A,@DPTR
   \   00001A   68           XRL       A,R0
   \   00001B   700A         JNZ       ??MAC_SrcMatchDeleteEntry_0
    243            {
    244              return MAC_INVALID_PARAMETER;  
    245            }
    246            
    247            /* Look up the source address table and find the entry. */
    248            index = macSrcMatchCheckSrcAddr( addr, panID );
   \   00001D                ; Setup parameters for call to function macSrcMatchCheckSrcAddr
   \   00001D   12....       LCALL     `??macSrcMatchCheckSrcAddr::?relay`; Banked call to: macSrcMatchCheckSrcAddr
   \   000020   E9           MOV       A,R1
   \   000021   F9           MOV       R1,A
    249          
    250            if( index == MAC_SRCMATCH_INVALID_INDEX )
   \   000022   74FF         MOV       A,#-0x1
   \   000024   69           XRL       A,R1
   \   000025   7004         JNZ       ??MAC_SrcMatchDeleteEntry_1
    251            {
    252              return MAC_INVALID_PARAMETER; 
   \                     ??MAC_SrcMatchDeleteEntry_0:
   \   000027   79E8         MOV       R1,#-0x18
   \   000029   8007         SJMP      ??MAC_SrcMatchDeleteEntry_2
    253            }
    254            
    255            /* Clear Src Match enable bits */
    256            macSrcMatchSetEnableBit( index, FALSE );
   \                     ??MAC_SrcMatchDeleteEntry_1:
   \   00002B                ; Setup parameters for call to function macSrcMatchSetEnableBit
   \   00002B   7A00         MOV       R2,#0x0
   \   00002D   12....       LCALL     `??macSrcMatchSetEnableBit::?relay`; Banked call to: macSrcMatchSetEnableBit
    257          
    258            return MAC_SUCCESS;
   \   000030   7900         MOV       R1,#0x0
   \                     ??MAC_SrcMatchDeleteEntry_2:
   \   000032   80..         SJMP      ?Subroutine0
    259          }
    260                            
    261          /*********************************************************************
    262           * @fn          MAC_SrcMatchAckAllPending
    263           *
    264           * @brief       Enabled/disable acknowledging all packets with pending bit set
    265           *              The application normally enables it when adding new entries to 
    266           *              the source address table fails due to the table is full, or 
    267           *              disables it when more entries are deleted and the table has
    268           *              empty slots.
    269           *
    270           * @param       option - TRUE (acknowledging all packets with pending field set)
    271           *                       FALSE (acknowledging all packets with pending field cleared) 
    272           *
    273           * @return      none
    274           */

   \                                 In  segment BANKED_CODE, align 1, keep-with-next
    275          void MAC_SrcMatchAckAllPending ( uint8 option  ) 
   \                     MAC_SrcMatchAckAllPending:
    276          {
   \   000000   C082         PUSH      DPL
   \   000002   C083         PUSH      DPH
   \   000004                ; Saved register size: 2
   \   000004                ; Auto size: 0
    277            if( option == TRUE )
   \   000004   7401         MOV       A,#0x1
   \   000006   69           XRL       A,R1
   \   000007   90....       MOV       DPTR,#macSrcMatchIsAckAllPending
   \   00000A   700B         JNZ       ??MAC_SrcMatchAckAllPending_0
    278            {
    279              macSrcMatchIsAckAllPending = TRUE;
   \   00000C   7401         MOV       A,#0x1
   \   00000E   F0           MOVX      @DPTR,A
    280              
    281              /* Set the PENDING_OR register */
    282              MAC_RADIO_TURN_ON_PENDING_OR();
   \   00000F   90618A       MOV       DPTR,#0x618a
   \   000012   E0           MOVX      A,@DPTR
   \   000013   D2E2         SETB      0xE0 /* A   */.2
   \   000015   8008         SJMP      ??MAC_SrcMatchAckAllPending_1
    283            }
    284            else
    285            {
    286              macSrcMatchIsAckAllPending = FALSE;
   \                     ??MAC_SrcMatchAckAllPending_0:
   \   000017   E4           CLR       A
   \   000018   F0           MOVX      @DPTR,A
    287              
    288              /* Clear the PENDING_OR register */
    289              MAC_RADIO_TURN_OFF_PENDING_OR();
   \   000019   90618A       MOV       DPTR,#0x618a
   \   00001C   E0           MOVX      A,@DPTR
   \   00001D   C2E2         CLR       0xE0 /* A   */.2
   \                     ??MAC_SrcMatchAckAllPending_1:
   \   00001F   F0           MOVX      @DPTR,A
    290            }
    291          }
   \   000020   80..         SJMP      ?Subroutine0
    292          
    293          /*********************************************************************
    294           * @fn          MAC_SrcMatchCheckAllPending
    295           *
    296           * @brief       Check if acknowledging all packets with pending bit set
    297           *              is enabled. 
    298           *
    299           * @param       none 
    300           *
    301           * @return      MAC_AUTOACK_PENDING_ALL_ON or MAC_AUTOACK_PENDING_ALL_OFF
    302           */

   \                                 In  segment BANKED_CODE, align 1, keep-with-next
    303          uint8 MAC_SrcMatchCheckAllPending ( void )
   \                     MAC_SrcMatchCheckAllPending:
    304          {
   \   000000   C082         PUSH      DPL
   \   000002   C083         PUSH      DPH
   \   000004                ; Saved register size: 2
   \   000004                ; Auto size: 0
    305            if( macSrcMatchIsAckAllPending == TRUE )
   \   000004   90....       MOV       DPTR,#macSrcMatchIsAckAllPending
   \   000007   E0           MOVX      A,@DPTR
   \   000008   6401         XRL       A,#0x1
   \   00000A   7004         JNZ       ??MAC_SrcMatchCheckAllPending_0
    306            {
    307              return MAC_AUTOACK_PENDING_ALL_ON; 
   \   00000C   79FE         MOV       R1,#-0x2
   \   00000E   8002         SJMP      ??MAC_SrcMatchCheckAllPending_1
    308            }
    309            
    310            return MAC_AUTOACK_PENDING_ALL_OFF;
   \                     ??MAC_SrcMatchCheckAllPending_0:
   \   000010   79FF         MOV       R1,#-0x1
   \                     ??MAC_SrcMatchCheckAllPending_1:
   \   000012                REQUIRE ?Subroutine0
   \   000012                ; // Fall through to label ?Subroutine0
    311          }
    312          
    313          /*********************************************************************
    314           * @fn          MAC_SrcMatchCheckResult
    315           *
    316           * @brief       Check the result of source matching
    317           *
    318           * @param       index - index of the entry in the source address table
    319           *
    320           * @return      TRUE or FALSE
    321           */

   \                                 In  segment BANKED_CODE, align 1, keep-with-next
    322          MAC_INTERNAL_API bool MAC_SrcMatchCheckResult( void )
   \                     MAC_SrcMatchCheckResult:
    323          {
   \   000000   C082         PUSH      DPL
   \   000002   C083         PUSH      DPH
   \   000004                ; Saved register size: 2
   \   000004                ; Auto size: 0
    324            uint8 resIndex;
    325            
    326            if ( macSrcMatchIsAckAllPending )
   \   000004   90....       MOV       DPTR,#macSrcMatchIsAckAllPending
   \   000007   E0           MOVX      A,@DPTR
   \   000008   6004         JZ        ??MAC_SrcMatchCheckResult_0
    327            {
    328              return (TRUE);
   \   00000A   7901         MOV       R1,#0x1
   \   00000C   8009         SJMP      ??MAC_SrcMatchCheckResult_1
    329            }
    330            
    331            MAC_RADIO_SRC_MATCH_RESINDEX( resIndex );
   \                     ??MAC_SrcMatchCheckResult_0:
   \   00000E   906163       MOV       DPTR,#0x6163
   \   000011   E0           MOVX      A,@DPTR
   \   000012   F8           MOV       R0,A
    332            
    333            return ( resIndex & AUTOPEND_RES );
   \   000013   7440         MOV       A,#0x40
   \   000015   58           ANL       A,R0
   \   000016   F9           MOV       R1,A
   \                     ??MAC_SrcMatchCheckResult_1:
   \   000017   80..         SJMP      ?Subroutine0
    334          }
    335          
    336          /*********************************************************************
    337           * @fn          macSrcMatchFindEmptyEntry
    338           *
    339           * @brief       return index of the first empty entry found
    340           *
    341           * @param       none
    342           *
    343           * @return      uint8 - return index of the first empty entry found
    344           */
    345          static uint8 macSrcMatchFindEmptyEntry( void )
    346          {
    347            uint8  index;
    348            uint24 enable;
    349               
    350            enable = MAC_RADIO_SRC_MATCH_GET_EN();
    351                  
    352            if( macSrcMatchAddrMode == SADDR_MODE_SHORT )
    353            {
    354              for( index = 0; index < macSrcMatchMaxNumEntries; index++ )
    355              {  
    356                if( ( enable & ( (uint24)0x01 << index ) ) == 0 )
    357                {
    358                  return index;
    359                }
    360              }
    361            }
    362            else
    363            {
    364              for( index = 0; index < macSrcMatchMaxNumEntries; index++ )
    365              {  
    366                if( ( enable & ( (uint24)0x01 << ( index * 2 ) ) ) == 0 )
    367                {
    368                  return index;
    369                }
    370              }
    371            }
    372            
    373            /* 
    374             The value of index shall be macSrcMatchMaxNumEntries when it executes
    375             here. The table is full.
    376            */
    377            return index;
    378          }
    379          
    380          /*********************************************************************
    381           * @fn         macSrcMatchCheckSrcAddr
    382           *
    383           * @brief      Check if a short or extended address is in the source address table.
    384           *             This function shall not be called from ISR. It is not thread safe.
    385           *
    386           * @param      addr - a pointer to sAddr_t which contains addrMode 
    387           *                    and a union of a short 16-bit MAC address or an extended 
    388           *                    64-bit MAC address to be checked in the source address table. 
    389           * @param      panID - the device PAN ID. It is only used when the addr is 
    390           *                     using short address 
    391          
    392           * @return     uint8 - index of the entry in the table. Return 
    393           *                     MAC_SRCMATCH_INVALID_INDEX (0xFF) if address not found.
    394           */

   \                                 In  segment BANKED_CODE, align 1, keep-with-next
    395          static uint8 macSrcMatchCheckSrcAddr ( sAddr_t *addr, uint16 panID  )
   \                     macSrcMatchCheckSrcAddr:
    396          {
   \   000000                REQUIRE ?V0
   \   000000                REQUIRE ?V1
   \   000000                REQUIRE ?V2
   \   000000                REQUIRE ?V3
   \   000000                REQUIRE ?V4
   \   000000                REQUIRE ?V5
   \   000000                REQUIRE ?V6
   \   000000                REQUIRE ?V7
   \   000000   74F0         MOV       A,#-0x10
   \   000002   12....       LCALL     ?BANKED_ENTER_XDATA
   \   000005                ; Saved register size: 16
   \   000005                ; Auto size: 12
   \   000005   74F4         MOV       A,#-0xc
   \   000007   12....       LCALL     ?ALLOC_XSTACK8
    397            uint8 index;     
    398            uint8 *pAddr;
    399            uint8 entrySize;
    400            uint8 entry[MAC_SRCMATCH_SHORT_ENTRY_SIZE];  
    401            uint8 ramEntry[MAC_SRCMATCH_EXT_ENTRY_SIZE];
    402                
    403            /*
    404             Currently, shadow memory is not supported to optimize SPI traffic.
    405            */
    406            
    407            if( macSrcMatchAddrMode == SADDR_MODE_SHORT )
   \   00000A   90....       MOV       DPTR,#macSrcMatchAddrMode
   \   00000D   E0           MOVX      A,@DPTR
   \   00000E   6402         XRL       A,#0x2
   \   000010   703A         JNZ       ??macSrcMatchCheckSrcAddr_0
    408            {
    409              entry[0] = LO_UINT16( panID );  /* Little Endian for the radio RAM */
   \   000012   EC           MOV       A,R4
   \   000013   85..82       MOV       DPL,?XSP + 0
   \   000016   85..83       MOV       DPH,?XSP + 1
   \   000019   F0           MOVX      @DPTR,A
    410              entry[1] = HI_UINT16( panID );
   \   00001A   7401         MOV       A,#0x1
   \   00001C   12....       LCALL     ?XSTACK_DISP0_8
   \   00001F   ED           MOV       A,R5
   \   000020   F0           MOVX      @DPTR,A
    411              entry[2] = LO_UINT16( addr->addr.shortAddr );
   \   000021   8A82         MOV       DPL,R2
   \   000023   8B83         MOV       DPH,R3
   \   000025   E0           MOVX      A,@DPTR
   \   000026   C0E0         PUSH      A
   \   000028   7402         MOV       A,#0x2
   \   00002A   12....       LCALL     ?XSTACK_DISP0_8
   \   00002D   D0E0         POP       A
   \   00002F   F0           MOVX      @DPTR,A
    412              entry[3] = HI_UINT16( addr->addr.shortAddr );
   \   000030   8A82         MOV       DPL,R2
   \   000032   8B83         MOV       DPH,R3
   \   000034   A3           INC       DPTR
   \   000035   E0           MOVX      A,@DPTR
   \   000036   C0E0         PUSH      A
   \   000038   7403         MOV       A,#0x3
   \   00003A   12....       LCALL     ?XSTACK_DISP0_8
   \   00003D   D0E0         POP       A
   \   00003F   F0           MOVX      @DPTR,A
    413              pAddr = entry;
   \   000040   A8..         MOV       R0,?XSP + 0
   \   000042   A9..         MOV       R1,?XSP + 1
   \   000044   88..         MOV       ?V2,R0
   \   000046   89..         MOV       ?V3,R1
    414              entrySize = MAC_SRCMATCH_SHORT_ENTRY_SIZE;
   \   000048   7F04         MOV       R7,#0x4
   \   00004A   8006         SJMP      ??macSrcMatchCheckSrcAddr_1
    415            }
    416            else
    417            {
    418              pAddr = addr->addr.extAddr;
   \                     ??macSrcMatchCheckSrcAddr_0:
   \   00004C   8A..         MOV       ?V2,R2
   \   00004E   8B..         MOV       ?V3,R3
    419              entrySize = MAC_SRCMATCH_EXT_ENTRY_SIZE;
   \   000050   7F08         MOV       R7,#0x8
    420            }
    421            
    422            for( index = 0; index < macSrcMatchMaxNumEntries; index++ )
   \                     ??macSrcMatchCheckSrcAddr_1:
   \   000052   7E00         MOV       R6,#0x0
   \   000054   8001         SJMP      ??macSrcMatchCheckSrcAddr_2
   \                     ??macSrcMatchCheckSrcAddr_3:
   \   000056   0E           INC       R6
   \                     ??macSrcMatchCheckSrcAddr_2:
   \   000057   90....       MOV       DPTR,#macSrcMatchMaxNumEntries
   \   00005A   E0           MOVX      A,@DPTR
   \   00005B   F8           MOV       R0,A
   \   00005C   EE           MOV       A,R6
   \   00005D   C3           CLR       C
   \   00005E   98           SUBB      A,R0
   \   00005F   5072         JNC       ??macSrcMatchCheckSrcAddr_4
    423            {
    424              /* Check if the entry is enabled */
    425              if( macSrcMatchCheckEnableBit( index ) == FALSE )
   \   000061   8E..         MOV       ?V0,R6
   \   000063   90....       MOV       DPTR,#macSrcMatchAddrMode
   \   000066   E0           MOVX      A,@DPTR
   \   000067   6403         XRL       A,#0x3
   \   000069   7006         JNZ       ??macSrcMatchCheckSrcAddr_5
   \   00006B   E5..         MOV       A,?V0
   \   00006D   C3           CLR       C
   \   00006E   33           RLC       A
   \   00006F   F5..         MOV       ?V0,A
   \                     ??macSrcMatchCheckSrcAddr_5:
   \   000071                ; Setup parameters for call to function macSrcMatchGetEnableBit
   \   000071   12....       LCALL     `??macSrcMatchGetEnableBit::?relay`; Banked call to: macSrcMatchGetEnableBit
   \   000074   8A..         MOV       ?V4,R2
   \   000076   8B..         MOV       ?V5,R3
   \   000078   8C..         MOV       ?V6,R4
   \   00007A   8D..         MOV       ?V7,R5
   \   00007C   E5..         MOV       A,?V0
   \   00007E   78..         MOV       R0,#?V4
   \   000080   12....       LCALL     ?UL_SHR
   \   000083   E5..         MOV       A,?V4
   \   000085   A2E0         MOV       C,0xE0 /* A   */.0
   \   000087   50CD         JNC       ??macSrcMatchCheckSrcAddr_3
    426              {
    427                continue; 
    428              }
    429                
    430              /* Compare the short address and pan ID */
    431              MAC_RADIO_SRC_MATCH_TABLE_READ( ( index * entrySize ), ramEntry, entrySize );
   \   000089                ; Setup parameters for call to function macMemReadRam
   \   000089   EF           MOV       A,R7
   \   00008A   F9           MOV       R1,A
   \   00008B   7404         MOV       A,#0x4
   \   00008D   12....       LCALL     ?XSTACK_DISP102_8
   \   000090   EE           MOV       A,R6
   \   000091   89F0         MOV       B,R1
   \   000093   A4           MUL       AB
   \   000094   FA           MOV       R2,A
   \   000095   A8F0         MOV       R0,B
   \   000097   E4           CLR       A
   \   000098   28           ADD       A,R0
   \   000099   FB           MOV       R3,A
   \   00009A   7461         MOV       A,#0x61
   \   00009C   3B           ADDC      A,R3
   \   00009D   FB           MOV       R3,A
   \   00009E   12....       LCALL     `??macMemReadRam::?relay`; Banked call to: macMemReadRam
    432               
    433              if( osal_memcmp( pAddr, ramEntry, entrySize ) == TRUE )
   \   0000A1                ; Setup parameters for call to function osal_memcmp
   \   0000A1   7404         MOV       A,#0x4
   \   0000A3   12....       LCALL     ?XSTACK_DISP100_8
   \   0000A6   88..         MOV       ?V4,R0
   \   0000A8   89..         MOV       ?V5,R1
   \   0000AA   75..00       MOV       ?V6,#0x0
   \   0000AD   78..         MOV       R0,#?V4
   \   0000AF   12....       LCALL     ?PUSH_XSTACK_I_THREE
   \   0000B2   EF           MOV       A,R7
   \   0000B3   FC           MOV       R4,A
   \   0000B4   7D00         MOV       R5,#0x0
   \   0000B6   85..82       MOV       DPL,?V2
   \   0000B9   85..83       MOV       DPH,?V3
   \   0000BC   A982         MOV       R1,DPL
   \   0000BE   AA83         MOV       R2,DPH
   \   0000C0   7B00         MOV       R3,#0x0
   \   0000C2   12....       LCALL     `??osal_memcmp::?relay`; Banked call to: osal_memcmp
   \   0000C5   7403         MOV       A,#0x3
   \   0000C7   12....       LCALL     ?DEALLOC_XSTACK8
   \   0000CA   E9           MOV       A,R1
   \   0000CB   6401         XRL       A,#0x1
   \   0000CD   7087         JNZ       ??macSrcMatchCheckSrcAddr_3
    434              {
    435                /* Match found */
    436                return index;
   \   0000CF   EE           MOV       A,R6
   \   0000D0   F9           MOV       R1,A
   \   0000D1   8002         SJMP      ??macSrcMatchCheckSrcAddr_6
    437              }
    438            }
    439            
    440            return MAC_SRCMATCH_INVALID_INDEX;
   \                     ??macSrcMatchCheckSrcAddr_4:
   \   0000D3   79FF         MOV       R1,#-0x1
   \                     ??macSrcMatchCheckSrcAddr_6:
   \   0000D5   740C         MOV       A,#0xc
   \   0000D7                REQUIRE ?Subroutine1
   \   0000D7                ; // Fall through to label ?Subroutine1
    441          }

   \                                 In  segment BANKED_CODE, align 1, keep-with-next
   \                     ?Subroutine1:
   \   000000   12....       LCALL     ?DEALLOC_XSTACK8
   \   000003   7F08         MOV       R7,#0x8
   \   000005   02....       LJMP      ?BANKED_LEAVE_XDATA
    442          
    443          /*********************************************************************
    444           * @fn          macSrcMatchSetPendEnBit
    445           *
    446           * @brief       Set the enable bit in the source address table
    447           *
    448           * @param       index - index of the entry in the source address table
    449           *
    450           * @return      none
    451           */
    452          static void macSrcMatchSetPendEnBit( uint8 index )
    453          {
    454            uint24 enable;
    455            uint8 buf[MAC_SRCMATCH_ENABLE_BITMAP_LEN];
    456                 
    457            enable = MAC_RADIO_SRC_MATCH_GET_PENDEN(); 
    458                
    459            if( macSrcMatchAddrMode == SADDR_MODE_SHORT )
    460            {
    461              enable |= ( (uint24)0x01 << index );
    462              osal_buffer_uint24( buf, enable );
    463              MAC_RADIO_SRC_MATCH_SET_SHORTPENDEN( buf );
    464            }
    465            else
    466            {
    467              enable |= ( (uint24)0x01 << ( index * 2 ) );
    468              osal_buffer_uint24( buf, enable );
    469              MAC_RADIO_SRC_MATCH_SET_EXTPENDEN( buf );
    470            }
    471          }
    472          
    473          /*********************************************************************
    474           * @fn          macSrcMatchSetEnableBit
    475           *
    476           * @brief       Set or clear the enable bit in the SRCMATCH EN register
    477           *
    478           * @param       index - index of the entry in the source address table
    479           * @param       option - true (set the enable bit), or false (clear the enable bit)
    480           *
    481           * @return      none
    482           */

   \                                 In  segment BANKED_CODE, align 1, keep-with-next
    483          static void macSrcMatchSetEnableBit( uint8 index, bool option )
   \                     macSrcMatchSetEnableBit:
    484          {
   \   000000                REQUIRE ?V0
   \   000000                REQUIRE ?V1
   \   000000                REQUIRE ?V2
   \   000000                REQUIRE ?V3
   \   000000                REQUIRE ?V4
   \   000000                REQUIRE ?V5
   \   000000                REQUIRE ?V6
   \   000000                REQUIRE ?V7
   \   000000   74F0         MOV       A,#-0x10
   \   000002   12....       LCALL     ?BANKED_ENTER_XDATA
   \   000005                ; Saved register size: 16
   \   000005                ; Auto size: 0
   \   000005   E9           MOV       A,R1
   \   000006   FE           MOV       R6,A
   \   000007   EA           MOV       A,R2
   \   000008   FF           MOV       R7,A
    485            uint24 enable;  
    486            
    487            enable = MAC_RADIO_SRC_MATCH_GET_EN(); 
   \   000009                ; Setup parameters for call to function macSrcMatchGetEnableBit
   \   000009   12....       LCALL     `??macSrcMatchGetEnableBit::?relay`; Banked call to: macSrcMatchGetEnableBit
   \   00000C   8A..         MOV       ?V0,R2
   \   00000E   8B..         MOV       ?V1,R3
   \   000010   8C..         MOV       ?V2,R4
   \   000012   8D..         MOV       ?V3,R5
    488                
    489            if( option == TRUE )
   \   000014   7401         MOV       A,#0x1
   \   000016   6F           XRL       A,R7
   \   000017   90....       MOV       DPTR,#macSrcMatchAddrMode
   \   00001A   7025         JNZ       ??macSrcMatchSetEnableBit_0
    490            {
    491              if( macSrcMatchAddrMode == SADDR_MODE_SHORT )
   \   00001C   12....       LCALL     ?Subroutine2 & 0xFFFF
   \                     ??CrossCallReturnLabel_1:
   \   00001F   700F         JNZ       ??macSrcMatchSetEnableBit_1
    492              {
    493                enable |= ( (uint24)0x01 << index );
    494                MAC_RADIO_SRC_MATCH_SET_SHORTEN( enable );
   \   000021                ; Setup parameters for call to function osal_buffer_uint24
   \   000021   EE           MOV       A,R6
   \   000022   78..         MOV       R0,#?V4
   \   000024   12....       LCALL     ?L_SHL
   \   000027   78..         MOV       R0,#?V0
   \   000029   79..         MOV       R1,#?V4
   \   00002B   12....       LCALL     ?L_IOR
   \   00002E   8028         SJMP      ??macSrcMatchSetEnableBit_2
    495              }
    496              else
    497              {
    498                enable |= ( (uint24)0x01 << ( index * 2 ) );
    499                MAC_RADIO_SRC_MATCH_SET_EXTEN( enable );
   \                     ??macSrcMatchSetEnableBit_1:
   \   000030                ; Setup parameters for call to function osal_buffer_uint24
   \   000030   EE           MOV       A,R6
   \   000031   C3           CLR       C
   \   000032   33           RLC       A
   \   000033   78..         MOV       R0,#?V4
   \   000035   12....       LCALL     ?L_SHL
   \   000038   78..         MOV       R0,#?V0
   \   00003A   79..         MOV       R1,#?V4
   \   00003C   12....       LCALL     ?L_IOR
   \   00003F   8034         SJMP      ??macSrcMatchSetEnableBit_3
    500              }
    501            }
    502            else
    503            {
    504              if( macSrcMatchAddrMode == SADDR_MODE_SHORT )
   \                     ??macSrcMatchSetEnableBit_0:
   \   000041   12....       LCALL     ?Subroutine2 & 0xFFFF
   \                     ??CrossCallReturnLabel_2:
   \   000044   701B         JNZ       ??macSrcMatchSetEnableBit_4
    505              {
    506                enable &= ~( (uint24)0x01 << index );
    507                MAC_RADIO_SRC_MATCH_SET_SHORTEN( enable );
   \   000046                ; Setup parameters for call to function osal_buffer_uint24
   \   000046   EE           MOV       A,R6
   \   000047   78..         MOV       R0,#?V4
   \   000049   12....       LCALL     ?L_SHL
   \   00004C   78..         MOV       R0,#?V4
   \   00004E   12....       LCALL     ?L_NOT
   \   000051   78..         MOV       R0,#?V0
   \   000053   79..         MOV       R1,#?V4
   \   000055   12....       LCALL     ?L_AND
   \                     ??macSrcMatchSetEnableBit_2:
   \   000058   78..         MOV       R0,#?V0
   \   00005A   12....       LCALL     ?PUSH_XSTACK_I_FOUR
   \   00005D   7A83         MOV       R2,#-0x7d
   \   00005F   801B         SJMP      ??macSrcMatchSetEnableBit_5
    508              }
    509              else
    510              {
    511                enable &= ~( (uint24)0x01 << ( index * 2 ) );
    512                MAC_RADIO_SRC_MATCH_SET_EXTEN( enable );
   \                     ??macSrcMatchSetEnableBit_4:
   \   000061                ; Setup parameters for call to function osal_buffer_uint24
   \   000061   EE           MOV       A,R6
   \   000062   C3           CLR       C
   \   000063   33           RLC       A
   \   000064   78..         MOV       R0,#?V4
   \   000066   12....       LCALL     ?L_SHL
   \   000069   78..         MOV       R0,#?V4
   \   00006B   12....       LCALL     ?L_NOT
   \   00006E   78..         MOV       R0,#?V0
   \   000070   79..         MOV       R1,#?V4
   \   000072   12....       LCALL     ?L_AND
   \                     ??macSrcMatchSetEnableBit_3:
   \   000075   78..         MOV       R0,#?V0
   \   000077   12....       LCALL     ?PUSH_XSTACK_I_FOUR
   \   00007A   7A86         MOV       R2,#-0x7a
   \                     ??macSrcMatchSetEnableBit_5:
   \   00007C   7B61         MOV       R3,#0x61
   \   00007E   12....       LCALL     `??osal_buffer_uint24::?relay`; Banked call to: osal_buffer_uint24
   \   000081   7404         MOV       A,#0x4
    513              }
    514            }
   \   000083   02....       LJMP      ?Subroutine1 & 0xFFFF
    515          }

   \                                 In  segment BANKED_CODE, align 1, keep-with-next
   \                     ?Subroutine2:
   \   000000   E0           MOVX      A,@DPTR
   \   000001   6402         XRL       A,#0x2
   \   000003   75..01       MOV       ?V4,#0x1
   \   000006   75..00       MOV       ?V5,#0x0
   \   000009   75..00       MOV       ?V6,#0x0
   \   00000C   75..00       MOV       ?V7,#0x0
   \   00000F   22           RET
    516          
    517          /*********************************************************************
    518           * @fn          macSrcMatchCheckEnableBit
    519           *
    520           * @brief       Check the enable bit in the source address table
    521           *
    522           * @param       index - index of the entry in the source address table
    523           *
    524           * @return      TRUE or FALSE
    525           */
    526          static bool macSrcMatchCheckEnableBit( uint8 index )
    527          {
    528            uint24 enable;
    529            
    530            if( macSrcMatchAddrMode == SADDR_MODE_EXT )
    531            {
    532              index *= 2;
    533            }
    534            
    535            enable = MAC_RADIO_SRC_MATCH_GET_EN();
    536               
    537            if( enable & ( (uint24)0x01 << index ) )
    538            {
    539              return TRUE;
    540            }
    541          
    542            return FALSE; 
    543          }
    544           
    545          /*********************************************************************
    546           * @fn          macSrcMatchGetEnableBit
    547           *
    548           * @brief       Return the SRCMATCH enable bitmap
    549           *
    550           * @param       none
    551           *
    552           * @return      uint24 - 24 bits bitmap
    553           */

   \                                 In  segment BANKED_CODE, align 1, keep-with-next
    554          static uint24 macSrcMatchGetEnableBit( void )
   \                     macSrcMatchGetEnableBit:
    555          { 
   \   000000   C082         PUSH      DPL
   \   000002   C083         PUSH      DPH
   \   000004                ; Saved register size: 2
   \   000004                ; Auto size: 3
   \   000004   74FD         MOV       A,#-0x3
   \   000006   12....       LCALL     ?ALLOC_XSTACK8
    556            uint8 buf[MAC_SRCMATCH_ENABLE_BITMAP_LEN];
    557            
    558            if( macSrcMatchAddrMode == SADDR_MODE_SHORT )
   \   000009   90....       MOV       DPTR,#macSrcMatchAddrMode
   \   00000C   E0           MOVX      A,@DPTR
   \   00000D   6402         XRL       A,#0x2
   \   00000F   7903         MOV       R1,#0x3
   \   000011   AC..         MOV       R4,?XSP + 0
   \   000013   AD..         MOV       R5,?XSP + 1
   \   000015   7004         JNZ       ??macSrcMatchGetEnableBit_0
    559            {
    560              MAC_RADIO_GET_SRC_SHORTEN( buf );
   \   000017                ; Setup parameters for call to function macMemReadRam
   \   000017   7A83         MOV       R2,#-0x7d
   \   000019   8002         SJMP      ??macSrcMatchGetEnableBit_1
    561            }
    562            else
    563            {
    564              MAC_RADIO_GET_SRC_EXTEN( buf );
   \                     ??macSrcMatchGetEnableBit_0:
   \   00001B                ; Setup parameters for call to function macMemReadRam
   \   00001B   7A86         MOV       R2,#-0x7a
   \                     ??macSrcMatchGetEnableBit_1:
   \   00001D   7B61         MOV       R3,#0x61
   \   00001F   12....       LCALL     `??macMemReadRam::?relay`; Banked call to: macMemReadRam
    565            }
    566            
    567            return osal_build_uint32( buf, MAC_SRCMATCH_ENABLE_BITMAP_LEN );
   \   000022                ; Setup parameters for call to function osal_build_uint32
   \   000022   7903         MOV       R1,#0x3
   \   000024   AA..         MOV       R2,?XSP + 0
   \   000026   AB..         MOV       R3,?XSP + 1
   \   000028   12....       LCALL     `??osal_build_uint32::?relay`; Banked call to: osal_build_uint32
   \   00002B   7403         MOV       A,#0x3
   \   00002D   12....       LCALL     ?DEALLOC_XSTACK8
   \   000030   02....       LJMP      ?Subroutine0 & 0xFFFF
    568          }

   \                                 In  segment XDATA_ID, align 1, keep-with-next
   \                     `?<Initializer for macSrcMatchAddrMode>`:
   \   000000   02           DB 2
    569          
    570          /*********************************************************************
    571           * @fn          macSrcMatchGetPendEnBit
    572           *
    573           * @brief       Return the SRCMATCH Pend enable bitmap
    574           *
    575           * @param       none
    576           *
    577           * @return      uint24 - 24 bits bitmap
    578           */
    579          static uint24 macSrcMatchGetPendEnBit( void )
    580          {
    581            uint8 buf[MAC_SRCMATCH_ENABLE_BITMAP_LEN];
    582          
    583            if( macSrcMatchAddrMode == SADDR_MODE_SHORT )
    584            {
    585              MAC_RADIO_GET_SRC_SHORTPENDEN( buf );
    586            }
    587            else
    588            {
    589              MAC_RADIO_GET_SRC_EXTENPEND( buf );
    590            }
    591            
    592            return osal_build_uint32( buf, MAC_SRCMATCH_ENABLE_BITMAP_LEN );
    593          }
    594          
    595          

   Maximum stack usage in bytes:

   ISTACK XSTACK Function
   ------ ------ --------
      2      0   MAC_SrcMatchAckAllPending
      1     34   MAC_SrcMatchAddEntry
        0     30   -> macMemReadRam
        0     30   -> macMemWriteRam
        0     30   -> macSrcMatchCheckSrcAddr
        0     30   -> macSrcMatchGetEnableBit
        0     30   -> macSrcMatchSetEnableBit
        0     34   -> osal_buffer_uint24
        0     30   -> osal_build_uint32
      2      0   MAC_SrcMatchCheckAllPending
      2      0   MAC_SrcMatchCheckResult
      2      0   MAC_SrcMatchDeleteEntry
        2      0   -> macSrcMatchCheckSrcAddr
        2      0   -> macSrcMatchSetEnableBit
      2      0   MAC_SrcMatchEnable
      1     61   macSrcMatchCheckSrcAddr
        0     28   -> macMemReadRam
        0     28   -> macSrcMatchGetEnableBit
        0     31   -> osal_memcmp
      2     33   macSrcMatchGetEnableBit
        2      3   -> macMemReadRam
        2      3   -> osal_build_uint32
      0     50   macSrcMatchSetEnableBit
        0     16   -> macSrcMatchGetEnableBit
        0     20   -> osal_buffer_uint24


   Segment part sizes:

   Bytes  Function/Label
   -----  --------------
       1  ?<Initializer for macSrcMatchAddrMode>
       7  ?Subroutine0
       8  ?Subroutine1
      16  ?Subroutine2
      34  MAC_SrcMatchAckAllPending
     421  MAC_SrcMatchAddEntry
      18  MAC_SrcMatchCheckAllPending
      25  MAC_SrcMatchCheckResult
      52  MAC_SrcMatchDeleteEntry
      85  MAC_SrcMatchEnable
       1  macSrcMatchAddrMode
     215  macSrcMatchCheckSrcAddr
      51  macSrcMatchGetEnableBit
       1  macSrcMatchIsAckAllPending
       1  macSrcMatchIsEnabled
       1  macSrcMatchMaxNumEntries
     134  macSrcMatchSetEnableBit
      54  -- Other

 
 1 066 bytes in segment BANKED_CODE
    54 bytes in segment BANK_RELAYS
     1 byte  in segment XDATA_I
     1 byte  in segment XDATA_ID
     3 bytes in segment XDATA_Z
 
    55 bytes of CODE     memory
 1 066 bytes of HUGECODE memory
     4 bytes of XDATA    memory

Errors: none
Warnings: none
