###############################################################################
#
# IAR C/C++ Compiler V10.30.1.6000 for 8051               23/Apr/2019  16:49:34
# Copyright 2004-2018 IAR Systems AB.
# PC-locked license - IAR Embedded Workbench for 8051
#
#    Core               =  plain
#    Code model         =  banked
#    Data model         =  large
#    Calling convention =  xdata reentrant
#    Constant location  =  data_rom
#    Dptr setup         =  1,16
#                          
#    Source file        =  
#        E:\qqÏÂÔØÎÄ¼þ\½á¿Î×÷Òµ\ZigBee\ÊµÑéÖ¸µ¼Êé\ÊµÑéÖ¸µ¼Êé\Code\Cap2_ZStack\ZStack-CC2530-r200\ZStack-CC2530-r200\Components\osal\common\OSAL_Memory.c
#    Command line       =  
#        -f C:\Users\VULCAN\AppData\Local\Temp\EWEE7B.tmp
#        (E:\qqÏÂÔØÎÄ¼þ\½á¿Î×÷Òµ\ZigBee\ÊµÑéÖ¸µ¼Êé\ÊµÑéÖ¸µ¼Êé\Code\Cap2_ZStack\ZStack-CC2530-r200\ZStack-CC2530-r200\Components\osal\common\OSAL_Memory.c
#        -D NWK_AUTO_POLL -D ZTOOL_P1 -D MT_TASK -D xMT_SYS_FUNC -D MT_ZDO_FUNC
#        -D SAPP_ZSTACK_DEMO -lC
#        E:\qqÏÂÔØÎÄ¼þ\½á¿Î×÷Òµ\ZigBee\ÊµÑéÖ¸µ¼Êé\ÊµÑéÖ¸µ¼Êé\Code\Cap2_ZStack\ZStack-CC2530-r200\ZStack-CC2530-r200\Projects\SappWsn\Demo\List
#        -lA
#        E:\qqÏÂÔØÎÄ¼þ\½á¿Î×÷Òµ\ZigBee\ÊµÑéÖ¸µ¼Êé\ÊµÑéÖ¸µ¼Êé\Code\Cap2_ZStack\ZStack-CC2530-r200\ZStack-CC2530-r200\Projects\SappWsn\Demo\List
#        --diag_suppress Pe001,Pa010 -o
#        E:\qqÏÂÔØÎÄ¼þ\½á¿Î×÷Òµ\ZigBee\ÊµÑéÖ¸µ¼Êé\ÊµÑéÖ¸µ¼Êé\Code\Cap2_ZStack\ZStack-CC2530-r200\ZStack-CC2530-r200\Projects\SappWsn\Demo\Obj
#        -e --debug --core=plain --dptr=16,1 --data_model=large
#        --code_model=banked --calling_convention=xdata_reentrant
#        --place_constants=data_rom --nr_virtual_regs 16 -f
#        E:\qqÏÂÔØÎÄ¼þ\½á¿Î×÷Òµ\ZigBee\ÊµÑéÖ¸µ¼Êé\ÊµÑéÖ¸µ¼Êé\Code\Cap2_ZStack\ZStack-CC2530-r200\ZStack-CC2530-r200\Projects\SappWsn\..\zstack\Tools\CC2530DB\f8wEndev.cfg
#        (-DCPU32MHZ -DROOT=__near_func -DMAC_CFG_TX_DATA_MAX=3
#        -DMAC_CFG_TX_MAX=6 -DMAC_CFG_RX_MAX=3) -f
#        E:\qqÏÂÔØÎÄ¼þ\½á¿Î×÷Òµ\ZigBee\ÊµÑéÖ¸µ¼Êé\ÊµÑéÖ¸µ¼Êé\Code\Cap2_ZStack\ZStack-CC2530-r200\ZStack-CC2530-r200\Projects\SappWsn\..\zstack\Tools\CC2530DB\f8wConfig.cfg
#        (-DZIGBEEPRO -DSECURE=0 -DZG_SECURE_DYNAMIC=0 -DREFLECTOR
#        -DDEFAULT_CHANLIST=0x00000800 -DZDAPP_CONFIG_PAN_ID=0x0056
#        -DNWK_START_DELAY=100 -DEXTENDED_JOINING_RANDOM_MASK=0x007F
#        -DBEACON_REQUEST_DELAY=100 -DBEACON_REQ_DELAY_MASK=0x00FF
#        -DLINK_STATUS_JITTER_MASK=0x007F -DROUTE_EXPIRY_TIME=30
#        -DAPSC_ACK_WAIT_DURATION_POLLED=3000 -DNWK_INDIRECT_MSG_TIMEOUT=7
#        -DMAX_RREQ_ENTRIES=8 -DAPSC_MAX_FRAME_RETRIES=3
#        -DNWK_MAX_DATA_RETRIES=2 -DMAX_POLL_FAILURE_RETRIES=2 -DMAX_BCAST=9
#        -DAPS_MAX_GROUPS=16 -DMAX_RTG_ENTRIES=40 -DNWK_MAX_BINDING_ENTRIES=4
#        -DMAX_BINDING_CLUSTER_IDS=4 "-DDEFAULT_KEY={0x01, 0x03, 0x05, 0x07,
#        0x09, 0x0B, 0x0D, 0x0F, 0x00, 0x02, 0x04, 0x06, 0x08, 0x0A, 0x0C,
#        0x0D}" -DMAC_MAX_FRAME_SIZE=116 -DZDNWKMGR_MIN_TRANSMISSIONS=20
#        "-DCONST=const __code" -DGENERIC=__generic -DRFD_RCVC_ALWAYS_ON=FALSE
#        -DPOLL_RATE=1000 -DQUEUED_POLL_RATE=100 -DRESPONSE_POLL_RATE=100
#        -DREJOIN_POLL_RATE=440) -I
#        E:\qqÏÂÔØÎÄ¼þ\½á¿Î×÷Òµ\ZigBee\ÊµÑéÖ¸µ¼Êé\ÊµÑéÖ¸µ¼Êé\Code\Cap2_ZStack\ZStack-CC2530-r200\ZStack-CC2530-r200\Projects\SappWsn\
#        -I
#        E:\qqÏÂÔØÎÄ¼þ\½á¿Î×÷Òµ\ZigBee\ÊµÑéÖ¸µ¼Êé\ÊµÑéÖ¸µ¼Êé\Code\Cap2_ZStack\ZStack-CC2530-r200\ZStack-CC2530-r200\Projects\SappWsn\Source\
#        -I
#        E:\qqÏÂÔØÎÄ¼þ\½á¿Î×÷Òµ\ZigBee\ÊµÑéÖ¸µ¼Êé\ÊµÑéÖ¸µ¼Êé\Code\Cap2_ZStack\ZStack-CC2530-r200\ZStack-CC2530-r200\Projects\SappWsn\..\zstack\ZMain\TI2530DB\
#        -I
#        E:\qqÏÂÔØÎÄ¼þ\½á¿Î×÷Òµ\ZigBee\ÊµÑéÖ¸µ¼Êé\ÊµÑéÖ¸µ¼Êé\Code\Cap2_ZStack\ZStack-CC2530-r200\ZStack-CC2530-r200\Projects\SappWsn\..\..\Components\hal\include\
#        -I
#        E:\qqÏÂÔØÎÄ¼þ\½á¿Î×÷Òµ\ZigBee\ÊµÑéÖ¸µ¼Êé\ÊµÑéÖ¸µ¼Êé\Code\Cap2_ZStack\ZStack-CC2530-r200\ZStack-CC2530-r200\Projects\SappWsn\..\..\Components\hal\target\CC2530EB\
#        -I
#        E:\qqÏÂÔØÎÄ¼þ\½á¿Î×÷Òµ\ZigBee\ÊµÑéÖ¸µ¼Êé\ÊµÑéÖ¸µ¼Êé\Code\Cap2_ZStack\ZStack-CC2530-r200\ZStack-CC2530-r200\Projects\SappWsn\..\..\Components\mac\include\
#        -I
#        E:\qqÏÂÔØÎÄ¼þ\½á¿Î×÷Òµ\ZigBee\ÊµÑéÖ¸µ¼Êé\ÊµÑéÖ¸µ¼Êé\Code\Cap2_ZStack\ZStack-CC2530-r200\ZStack-CC2530-r200\Projects\SappWsn\..\..\Components\mac\high_level\
#        -I
#        E:\qqÏÂÔØÎÄ¼þ\½á¿Î×÷Òµ\ZigBee\ÊµÑéÖ¸µ¼Êé\ÊµÑéÖ¸µ¼Êé\Code\Cap2_ZStack\ZStack-CC2530-r200\ZStack-CC2530-r200\Projects\SappWsn\..\..\Components\mac\low_level\srf04\
#        -I
#        E:\qqÏÂÔØÎÄ¼þ\½á¿Î×÷Òµ\ZigBee\ÊµÑéÖ¸µ¼Êé\ÊµÑéÖ¸µ¼Êé\Code\Cap2_ZStack\ZStack-CC2530-r200\ZStack-CC2530-r200\Projects\SappWsn\..\..\Components\mac\low_level\srf04\single_chip\
#        -I
#        E:\qqÏÂÔØÎÄ¼þ\½á¿Î×÷Òµ\ZigBee\ÊµÑéÖ¸µ¼Êé\ÊµÑéÖ¸µ¼Êé\Code\Cap2_ZStack\ZStack-CC2530-r200\ZStack-CC2530-r200\Projects\SappWsn\..\..\Components\mt\
#        -I
#        E:\qqÏÂÔØÎÄ¼þ\½á¿Î×÷Òµ\ZigBee\ÊµÑéÖ¸µ¼Êé\ÊµÑéÖ¸µ¼Êé\Code\Cap2_ZStack\ZStack-CC2530-r200\ZStack-CC2530-r200\Projects\SappWsn\..\..\Components\osal\include\
#        -I
#        E:\qqÏÂÔØÎÄ¼þ\½á¿Î×÷Òµ\ZigBee\ÊµÑéÖ¸µ¼Êé\ÊµÑéÖ¸µ¼Êé\Code\Cap2_ZStack\ZStack-CC2530-r200\ZStack-CC2530-r200\Projects\SappWsn\..\..\Components\services\saddr\
#        -I
#        E:\qqÏÂÔØÎÄ¼þ\½á¿Î×÷Òµ\ZigBee\ÊµÑéÖ¸µ¼Êé\ÊµÑéÖ¸µ¼Êé\Code\Cap2_ZStack\ZStack-CC2530-r200\ZStack-CC2530-r200\Projects\SappWsn\..\..\Components\services\sdata\
#        -I
#        E:\qqÏÂÔØÎÄ¼þ\½á¿Î×÷Òµ\ZigBee\ÊµÑéÖ¸µ¼Êé\ÊµÑéÖ¸µ¼Êé\Code\Cap2_ZStack\ZStack-CC2530-r200\ZStack-CC2530-r200\Projects\SappWsn\..\..\Components\stack\af\
#        -I
#        E:\qqÏÂÔØÎÄ¼þ\½á¿Î×÷Òµ\ZigBee\ÊµÑéÖ¸µ¼Êé\ÊµÑéÖ¸µ¼Êé\Code\Cap2_ZStack\ZStack-CC2530-r200\ZStack-CC2530-r200\Projects\SappWsn\..\..\Components\stack\nwk\
#        -I
#        E:\qqÏÂÔØÎÄ¼þ\½á¿Î×÷Òµ\ZigBee\ÊµÑéÖ¸µ¼Êé\ÊµÑéÖ¸µ¼Êé\Code\Cap2_ZStack\ZStack-CC2530-r200\ZStack-CC2530-r200\Projects\SappWsn\..\..\Components\stack\sapi\
#        -I
#        E:\qqÏÂÔØÎÄ¼þ\½á¿Î×÷Òµ\ZigBee\ÊµÑéÖ¸µ¼Êé\ÊµÑéÖ¸µ¼Êé\Code\Cap2_ZStack\ZStack-CC2530-r200\ZStack-CC2530-r200\Projects\SappWsn\..\..\Components\stack\sec\
#        -I
#        E:\qqÏÂÔØÎÄ¼þ\½á¿Î×÷Òµ\ZigBee\ÊµÑéÖ¸µ¼Êé\ÊµÑéÖ¸µ¼Êé\Code\Cap2_ZStack\ZStack-CC2530-r200\ZStack-CC2530-r200\Projects\SappWsn\..\..\Components\stack\sys\
#        -I
#        E:\qqÏÂÔØÎÄ¼þ\½á¿Î×÷Òµ\ZigBee\ÊµÑéÖ¸µ¼Êé\ÊµÑéÖ¸µ¼Êé\Code\Cap2_ZStack\ZStack-CC2530-r200\ZStack-CC2530-r200\Projects\SappWsn\..\..\Components\stack\zdo\
#        -I
#        E:\qqÏÂÔØÎÄ¼þ\½á¿Î×÷Òµ\ZigBee\ÊµÑéÖ¸µ¼Êé\ÊµÑéÖ¸µ¼Êé\Code\Cap2_ZStack\ZStack-CC2530-r200\ZStack-CC2530-r200\Projects\SappWsn\..\..\Components\zmac\
#        -I
#        E:\qqÏÂÔØÎÄ¼þ\½á¿Î×÷Òµ\ZigBee\ÊµÑéÖ¸µ¼Êé\ÊµÑéÖ¸µ¼Êé\Code\Cap2_ZStack\ZStack-CC2530-r200\ZStack-CC2530-r200\Projects\SappWsn\..\..\Components\zmac\f8w\
#        -Ohz --require_prototypes --no_code_motion)
#    Locale             =  Chinese (Simplified)_CHN.936
#    List file          =  
#        E:\qqÏÂÔØÎÄ¼þ\½á¿Î×÷Òµ\ZigBee\ÊµÑéÖ¸µ¼Êé\ÊµÑéÖ¸µ¼Êé\Code\Cap2_ZStack\ZStack-CC2530-r200\ZStack-CC2530-r200\Projects\SappWsn\Demo\List\OSAL_Memory.lst
#    Object file        =  
#        E:\qqÏÂÔØÎÄ¼þ\½á¿Î×÷Òµ\ZigBee\ÊµÑéÖ¸µ¼Êé\ÊµÑéÖ¸µ¼Êé\Code\Cap2_ZStack\ZStack-CC2530-r200\ZStack-CC2530-r200\Projects\SappWsn\Demo\Obj\OSAL_Memory.r51
#
###############################################################################

E:\qqÏÂÔØÎÄ¼þ\½á¿Î×÷Òµ\ZigBee\ÊµÑéÖ¸µ¼Êé\ÊµÑéÖ¸µ¼Êé\Code\Cap2_ZStack\ZStack-CC2530-r200\ZStack-CC2530-r200\Components\osal\common\OSAL_Memory.c
      1          /**************************************************************************************************
      2            Filename:       OSAL_Memory.c
      3            Revised:        $Date: 2010-09-20 14:59:43 -0700 (Mon, 20 Sep 2010) $
      4            Revision:       $Revision: 23848 $
      5          
      6            Description:    OSAL Heap Memory management functions. There is an Application Note that
      7                            should be read before studying and/or modifying this module:
      8                            SWRA204 "Heap Memory Management"
      9          
     10            Copyright 2004-2010 Texas Instruments Incorporated. All rights reserved.
     11          
     12            IMPORTANT: Your use of this Software is limited to those specific rights
     13            granted under the terms of a software license agreement between the user
     14            who downloaded the software, his/her employer (which must be your employer)
     15            and Texas Instruments Incorporated (the "License").  You may not use this
     16            Software unless you agree to abide by the terms of the License. The License
     17            limits your use, and you acknowledge, that the Software may not be modified,
     18            copied or distributed unless embedded on a Texas Instruments microcontroller
     19            or used solely and exclusively in conjunction with a Texas Instruments radio
     20            frequency transceiver, which is integrated into your product.  Other than for
     21            the foregoing purpose, you may not use, reproduce, copy, prepare derivative
     22            works of, modify, distribute, perform, display or sell this Software and/or
     23            its documentation for any purpose.
     24          
     25            YOU FURTHER ACKNOWLEDGE AND AGREE THAT THE SOFTWARE AND DOCUMENTATION ARE
     26            PROVIDED “AS IS” WITHOUT WARRANTY OF ANY KIND, EITHER EXPRESS OR IMPLIED,
     27            INCLUDING WITHOUT LIMITATION, ANY WARRANTY OF MERCHANTABILITY, TITLE,
     28            NON-INFRINGEMENT AND FITNESS FOR A PARTICULAR PURPOSE. IN NO EVENT SHALL
     29            TEXAS INSTRUMENTS OR ITS LICENSORS BE LIABLE OR OBLIGATED UNDER CONTRACT,
     30            NEGLIGENCE, STRICT LIABILITY, CONTRIBUTION, BREACH OF WARRANTY, OR OTHER
     31            LEGAL EQUITABLE THEORY ANY DIRECT OR INDIRECT DAMAGES OR EXPENSES
     32            INCLUDING BUT NOT LIMITED TO ANY INCIDENTAL, SPECIAL, INDIRECT, PUNITIVE
     33            OR CONSEQUENTIAL DAMAGES, LOST PROFITS OR LOST DATA, COST OF PROCUREMENT
     34            OF SUBSTITUTE GOODS, TECHNOLOGY, SERVICES, OR ANY CLAIMS BY THIRD PARTIES
     35            (INCLUDING BUT NOT LIMITED TO ANY DEFENSE THEREOF), OR OTHER SIMILAR COSTS.
     36          
     37            Should you have any questions regarding your right to use this Software,
     38            contact Texas Instruments Incorporated at www.TI.com.
     39          **************************************************************************************************/
     40          
     41          /* ------------------------------------------------------------------------------------------------
     42           *                                          Includes
     43           * ------------------------------------------------------------------------------------------------
     44           */
     45          
     46          #include "comdef.h"
     47          #include "OSAL.h"
     48          #include "OSAL_Memory.h"
     49          #include "OnBoard.h"

   \                                 In  segment SFR_AN, at 0xa8
   \   union <unnamed> volatile __sfr _A_IEN0
   \                     _A_IEN0:
   \   000000                DS 1
     50          #include "hal_assert.h"
     51          
     52          /* ------------------------------------------------------------------------------------------------
     53           *                                           Constants
     54           * ------------------------------------------------------------------------------------------------
     55           */
     56          
     57          #define OSALMEM_IN_USE             0x8000
     58          #if (MAXMEMHEAP & OSALMEM_IN_USE)
     59          #error MAXMEMHEAP is too big to manage!
     60          #endif
     61          
     62          #define OSALMEM_HDRSZ              sizeof(osalMemHdr_t)
     63          
     64          // Round a value up to the ceiling of OSALMEM_HDRSZ for critical dependencies on even multiples.
     65          #define OSALMEM_ROUND(X)       ((((X) + OSALMEM_HDRSZ - 1) / OSALMEM_HDRSZ) * OSALMEM_HDRSZ)
     66          
     67          /* Minimum wasted bytes to justify splitting a block before allocation.
     68           * Adjust accordingly to attempt to balance the tradeoff of wasted space and runtime throughput
     69           * spent splitting blocks into sizes that may not be practically usable when sandwiched between
     70           * two blocks in use (and thereby not able to be coalesced.)
     71           * Ensure that this size is an even multiple of OSALMEM_HDRSZ.
     72           */
     73          #if !defined OSALMEM_MIN_BLKSZ
     74          #define OSALMEM_MIN_BLKSZ         (OSALMEM_ROUND((OSALMEM_HDRSZ * 2)))
     75          #endif
     76          
     77          #if !defined OSALMEM_LL_BLKSZ
     78          #if defined NONWK
     79          #define OSALMEM_LL_BLKSZ          (OSALMEM_ROUND(6) + (1 * OSALMEM_HDRSZ))
     80          #else
     81          /*
     82           * Profiling the sample apps with default settings shows the following long-lived allocations
     83           * which should live at the bottom of the small-block bucket so that they are never iterated over
     84           * by osal_mem_alloc/free(), nor ever considered for coalescing, etc. This saves significant
     85           * run-time throughput (on 8051 SOC if not also MSP). This is dynamic "dead space" and is not
     86           * available to the small-block bucket heap.
     87           *
     88           * Adjust this size accordingly to accomodate application-specific changes including changing the
     89           * size of long-lived objects profiled by sample apps and long-lived objects added by application.
     90           */
     91          #if defined ZCL_KEY_ESTABLISH     // Attempt to capture worst-case for SE sample apps.
     92          #define OSALMEM_LL_BLKSZ          (OSALMEM_ROUND(526) + (32 * OSALMEM_HDRSZ))
     93          #elif defined TC_LINKKEY_JOIN
     94          #define OSALMEM_LL_BLKSZ          (OSALMEM_ROUND(454) + (21 * OSALMEM_HDRSZ))
     95          #elif ((defined SECURE) && (SECURE != 0))
     96          #define OSALMEM_LL_BLKSZ          (OSALMEM_ROUND(418) + (19 * OSALMEM_HDRSZ))
     97          #else
     98          #define OSALMEM_LL_BLKSZ          (OSALMEM_ROUND(417) + (19 * OSALMEM_HDRSZ))
     99          #endif
    100          #endif
    101          #endif
    102          
    103          /* Adjust accordingly to attempt to accomodate the block sizes of the vast majority of
    104           * very high frequency allocations/frees by profiling the system runtime.
    105           * This default of 16 accomodates the OSAL timers block, osalTimerRec_t, and many others.
    106           * Ensure that this size is an even multiple of OSALMEM_MIN_BLKSZ for run-time efficiency.
    107           */
    108          #if !defined OSALMEM_SMALL_BLKSZ
    109          #define OSALMEM_SMALL_BLKSZ       (OSALMEM_ROUND(16))
    110          #endif
    111          #if !defined OSALMEM_SMALL_BLKCNT
    112          #define OSALMEM_SMALL_BLKCNT       8
    113          #endif
    114          
    115          /*
    116           * These numbers setup the size of the small-block bucket which is reserved at the front of the
    117           * heap for allocations of OSALMEM_SMALL_BLKSZ or smaller.
    118           */
    119          
    120          // Size of the heap bucket reserved for small block-sized allocations.
    121          // Adjust accordingly to attempt to accomodate the vast majority of very high frequency operations.
    122          #define OSALMEM_SMALLBLK_BUCKET  ((OSALMEM_SMALL_BLKSZ * OSALMEM_SMALL_BLKCNT) + OSALMEM_LL_BLKSZ)
    123          // Index of the first available osalMemHdr_t after the small-block heap which will be set in-use in
    124          // order to prevent the small-block bucket from being coalesced with the wilderness.
    125          #define OSALMEM_SMALLBLK_HDRCNT   (OSALMEM_SMALLBLK_BUCKET / OSALMEM_HDRSZ)
    126          // Index of the first available osalMemHdr_t after the small-block heap which will be set in-use in
    127          #define OSALMEM_BIGBLK_IDX        (OSALMEM_SMALLBLK_HDRCNT + 1)
    128          // The size of the wilderness after losing the small-block heap, the wasted header to block the
    129          // small-block heap from being coalesced, and the wasted header to mark the end of the heap.
    130          #define OSALMEM_BIGBLK_SZ         (MAXMEMHEAP - OSALMEM_SMALLBLK_BUCKET - OSALMEM_HDRSZ*2)
    131          // Index of the last available osalMemHdr_t at the end of the heap which will be set to zero for
    132          // fast comparisons with zero to determine the end of the heap.
    133          #define OSALMEM_LASTBLK_IDX      ((MAXMEMHEAP / OSALMEM_HDRSZ) - 1)
    134          
    135          // For information about memory profiling, refer to SWRA204 "Heap Memory Management", section 1.5.
    136          #if !defined OSALMEM_PROFILER
    137          #define OSALMEM_PROFILER           FALSE  // Enable/disable the memory usage profiling buckets.
    138          #endif
    139          #if !defined OSALMEM_PROFILER_LL
    140          #define OSALMEM_PROFILER_LL        FALSE  // Special profiling of the Long-Lived bucket.
    141          #endif
    142          
    143          #if OSALMEM_PROFILER
    144          #define OSALMEM_INIT              'X'
    145          #define OSALMEM_ALOC              'A'
    146          #define OSALMEM_REIN              'F'
    147          #endif
    148          
    149          /* ------------------------------------------------------------------------------------------------
    150           *                                           Typedefs
    151           * ------------------------------------------------------------------------------------------------
    152           */
    153          
    154          typedef struct {
    155            // The 15 LSB's of 'val' indicate the total item size, including the header, in 8-bit bytes.
    156            unsigned len : 15;
    157            // The 1 MSB of 'val' is used as a boolean to indicate in-use or freed.
    158            unsigned inUse : 1;
    159          } osalMemHdrHdr_t;
    160          
    161          typedef union {
    162            /* Dummy variable so compiler forces structure to alignment of largest element while not wasting
    163             * space on targets when the halDataAlign_t is smaller than a UINT16.
    164             */
    165            halDataAlign_t alignDummy;
    166            uint16 val;
    167            osalMemHdrHdr_t hdr;
    168          } osalMemHdr_t;
    169          
    170          /* ------------------------------------------------------------------------------------------------
    171           *                                           Local Variables
    172           * ------------------------------------------------------------------------------------------------
    173           */
    174          

   \                                 In  segment XDATA_N, align 1
    175          static __no_init osalMemHdr_t theHeap[MAXMEMHEAP / OSALMEM_HDRSZ];
   \                     theHeap:
   \   000000                DS 2048

   \                                 In  segment XDATA_N, align 1
    176          static __no_init osalMemHdr_t *ff1;  // First free block in the small-block bucket.
   \                     ff1:
   \   000000                DS 2
    177          

   \                                 In  segment XDATA_Z, align 1, keep-with-next
    178          static uint8 osalMemStat;            // Discrete status flags: 0x01 = kicked.
   \                     osalMemStat:
   \   000000                DS 1
   \   000001                REQUIRE __INIT_XDATA_Z
    179          
    180          #if OSALMEM_METRICS
    181          static uint16 blkMax;  // Max cnt of all blocks ever seen at once.
    182          static uint16 blkCnt;  // Current cnt of all blocks.
    183          static uint16 blkFree; // Current cnt of free blocks.
    184          static uint16 memAlo;  // Current total memory allocated.
    185          static uint16 memMax;  // Max total memory ever allocated at once.
    186          #endif
    187          
    188          #if OSALMEM_PROFILER
    189          #define OSALMEM_PROMAX  8
    190          /* The profiling buckets must differ by at least OSALMEM_MIN_BLKSZ; the
    191           * last bucket must equal the max alloc size. Set the bucket sizes to
    192           * whatever sizes necessary to show how your application is using memory.
    193           */
    194          static uint16 proCnt[OSALMEM_PROMAX] = {
    195          OSALMEM_SMALL_BLKSZ, 48, 112, 176, 192, 224, 256, 65535 };
    196          static uint16 proCur[OSALMEM_PROMAX] = { 0 };
    197          static uint16 proMax[OSALMEM_PROMAX] = { 0 };
    198          static uint16 proTot[OSALMEM_PROMAX] = { 0 };
    199          static uint16 proSmallBlkMiss;
    200          #endif
    201          
    202          /* ------------------------------------------------------------------------------------------------
    203           *                                           Global Variables
    204           * ------------------------------------------------------------------------------------------------
    205           */
    206          
    207          #ifdef DPRINTF_HEAPTRACE
    208          extern int dprintf(const char *fmt, ...);
    209          #endif /* DPRINTF_HEAPTRACE */
    210          
    211          /**************************************************************************************************
    212           * @fn          osal_mem_init
    213           *
    214           * @brief       This function is the OSAL heap memory management initialization callback.
    215           *
    216           * input parameters
    217           *
    218           * None.
    219           *
    220           * output parameters
    221           *
    222           * None.
    223           *
    224           * @return      None.
    225           */

   \                                 In  segment BANKED_CODE, align 1, keep-with-next
    226          void osal_mem_init(void)
   \                     osal_mem_init:
    227          {
   \   000000   C082         PUSH      DPL
   \   000002   C083         PUSH      DPH
   \   000004                ; Saved register size: 2
   \   000004                ; Auto size: 0
    228            HAL_ASSERT(((OSALMEM_MIN_BLKSZ % OSALMEM_HDRSZ) == 0));
    229            HAL_ASSERT(((OSALMEM_LL_BLKSZ % OSALMEM_HDRSZ) == 0));
    230            HAL_ASSERT(((OSALMEM_SMALL_BLKSZ % OSALMEM_HDRSZ) == 0));
    231          
    232          #if OSALMEM_PROFILER
    233            (void)osal_memset(theHeap, OSALMEM_INIT, MAXMEMHEAP);
    234          #endif
    235          
    236            // Setup a NULL block at the end of the heap for fast comparisons with zero.
    237            theHeap[OSALMEM_LASTBLK_IDX].val = 0;
   \   000004   90....       MOV       DPTR,#theHeap + 2046
   \   000007   E4           CLR       A
   \   000008   F0           MOVX      @DPTR,A
   \   000009   A3           INC       DPTR
   \   00000A   F0           MOVX      @DPTR,A
    238          
    239            // Setup the small-block bucket.
    240            ff1 = theHeap;
   \   00000B   90....       MOV       DPTR,#ff1
   \   00000E   74..         MOV       A,#theHeap & 0xff
   \   000010   F0           MOVX      @DPTR,A
   \   000011   A3           INC       DPTR
   \   000012   74..         MOV       A,#(theHeap >> 8) & 0xff
   \   000014   F0           MOVX      @DPTR,A
    241            ff1->val = OSALMEM_SMALLBLK_BUCKET;                   // Set 'len' & clear 'inUse' field.
   \   000015   90....       MOV       DPTR,#theHeap
   \   000018   7448         MOV       A,#0x48
   \   00001A   F0           MOVX      @DPTR,A
   \   00001B   A3           INC       DPTR
   \   00001C   7402         MOV       A,#0x2
   \   00001E   F0           MOVX      @DPTR,A
    242            // Set 'len' & 'inUse' fields - this is a 'zero data bytes' lifetime allocation to block the
    243            // small-block bucket from ever being coalesced with the wilderness.
    244            theHeap[OSALMEM_SMALLBLK_HDRCNT].val = (OSALMEM_HDRSZ | OSALMEM_IN_USE);
   \   00001F   90....       MOV       DPTR,#theHeap + 584
   \   000022   F0           MOVX      @DPTR,A
   \   000023   A3           INC       DPTR
   \   000024   7480         MOV       A,#-0x80
   \   000026   F0           MOVX      @DPTR,A
    245          
    246            // Setup the wilderness.
    247            theHeap[OSALMEM_BIGBLK_IDX].val = OSALMEM_BIGBLK_SZ;  // Set 'len' & clear 'inUse' field.
   \   000027   A3           INC       DPTR
   \   000028   74B4         MOV       A,#-0x4c
   \   00002A   F0           MOVX      @DPTR,A
   \   00002B   A3           INC       DPTR
   \   00002C   7405         MOV       A,#0x5
   \   00002E   F0           MOVX      @DPTR,A
    248          
    249          #if ( OSALMEM_METRICS )
    250            /* Start with the small-block bucket and the wilderness - don't count the
    251             * end-of-heap NULL block nor the end-of-small-block NULL block.
    252             */
    253            blkCnt = blkFree = 2;
    254          #endif
    255          }
   \   00002F   D083         POP       DPH
   \   000031   D082         POP       DPL
   \   000033   02....       LJMP      ?BRET
    256          
    257          /**************************************************************************************************
    258           * @fn          osal_mem_kick
    259           *
    260           * @brief       This function is the OSAL task initialization callback.
    261           * @brief       Kick the ff1 pointer out past the long-lived OSAL Task blocks.
    262           *              Invoke this once after all long-lived blocks have been allocated -
    263           *              presently at the end of osal_init_system().
    264           *
    265           * input parameters
    266           *
    267           * None.
    268           *
    269           * output parameters
    270           *
    271           * None.
    272           *
    273           * @return      None.
    274           */

   \                                 In  segment BANKED_CODE, align 1, keep-with-next
    275          void osal_mem_kick(void)
   \                     osal_mem_kick:
    276          {
   \   000000                REQUIRE ?V0
   \   000000                REQUIRE ?V1
   \   000000   74F6         MOV       A,#-0xa
   \   000002   12....       LCALL     ?BANKED_ENTER_XDATA
   \   000005                ; Saved register size: 10
   \   000005                ; Auto size: 0
    277            halIntState_t intState;
    278            osalMemHdr_t *tmp = osal_mem_alloc(1);
   \   000005                ; Setup parameters for call to function osal_mem_alloc
   \   000005   7A01         MOV       R2,#0x1
   \   000007   7B00         MOV       R3,#0x0
   \   000009   12....       LCALL     `??osal_mem_alloc::?relay`; Banked call to: osal_mem_alloc
   \   00000C   8A..         MOV       ?V0,R2
   \   00000E   8B..         MOV       ?V1,R3
   \   000010   AE..         MOV       R6,?V0
   \   000012   AF..         MOV       R7,?V1
    279          
    280            HAL_ASSERT((tmp != NULL));
   \   000014   EA           MOV       A,R2
   \   000015   4F           ORL       A,R7
   \   000016   7003         JNZ       ??osal_mem_kick_0
   \   000018                ; Setup parameters for call to function halAssertHandler
   \   000018   12....       LCALL     `??halAssertHandler::?relay`; Banked call to: halAssertHandler
    281            HAL_ENTER_CRITICAL_SECTION(intState);  // Hold off interrupts.
   \                     ??osal_mem_kick_0:
   \   00001B   85A8..       MOV       ?V0,0xa8+0x0
   \   00001E   C2AF         CLR       0xa8.7
    282          
    283            /* All long-lived allocations have filled the LL block reserved in the small-block bucket.
    284             * Set 'osalMemStat' so searching for memory in this bucket from here onward will only be done
    285             * for sizes meeting the OSALMEM_SMALL_BLKSZ criteria.
    286             */
    287            ff1 = tmp - 1;       // Set 'ff1' to point to the first available memory after the LL block.
   \   000020   EE           MOV       A,R6
   \   000021   24FE         ADD       A,#-0x2
   \   000023   F8           MOV       R0,A
   \   000024   EF           MOV       A,R7
   \   000025   34FF         ADDC      A,#-0x1
   \   000027   F9           MOV       R1,A
   \   000028   90....       MOV       DPTR,#ff1
   \   00002B   E8           MOV       A,R0
   \   00002C   F0           MOVX      @DPTR,A
   \   00002D   A3           INC       DPTR
   \   00002E   E9           MOV       A,R1
   \   00002F   F0           MOVX      @DPTR,A
    288            osal_mem_free(tmp);
   \   000030                ; Setup parameters for call to function osal_mem_free
   \   000030   EE           MOV       A,R6
   \   000031   FA           MOV       R2,A
   \   000032   EF           MOV       A,R7
   \   000033   FB           MOV       R3,A
   \   000034   12....       LCALL     `??osal_mem_free::?relay`; Banked call to: osal_mem_free
    289            osalMemStat = 0x01;  // Set 'osalMemStat' after the free because it enables memory profiling.
   \   000037   90....       MOV       DPTR,#osalMemStat
   \   00003A   7401         MOV       A,#0x1
   \   00003C   F0           MOVX      @DPTR,A
    290          
    291            HAL_EXIT_CRITICAL_SECTION(intState);  // Re-enable interrupts.
   \   00003D   E5..         MOV       A,?V0
   \   00003F   A2E7         MOV       C,0xE0 /* A   */.7
   \   000041   92AF         MOV       0xa8.7,C
    292          }
   \   000043   7F02         MOV       R7,#0x2
   \   000045   02....       LJMP      ?BANKED_LEAVE_XDATA
   \   000048                REQUIRE _A_IEN0
    293          
    294          /**************************************************************************************************
    295           * @fn          osal_mem_alloc
    296           *
    297           * @brief       This function implements the OSAL dynamic memory allocation functionality.
    298           *
    299           * input parameters
    300           *
    301           * @param size - the number of bytes to allocate from the HEAP.
    302           *
    303           * output parameters
    304           *
    305           * None.
    306           *
    307           * @return      None.
    308           */
    309          #ifdef DPRINTF_OSALHEAPTRACE
    310          void *osal_mem_alloc_dbg( uint16 size, const char *fname, unsigned lnum )
    311          #else /* DPRINTF_OSALHEAPTRACE */

   \                                 In  segment BANKED_CODE, align 1, keep-with-next
    312          void *osal_mem_alloc( uint16 size )
   \                     osal_mem_alloc:
    313          #endif /* DPRINTF_OSALHEAPTRACE */
    314          {
   \   000000                REQUIRE ?V0
   \   000000                REQUIRE ?V1
   \   000000                REQUIRE ?V2
   \   000000                REQUIRE ?V3
   \   000000                REQUIRE ?V4
   \   000000   74F3         MOV       A,#-0xd
   \   000002   12....       LCALL     ?BANKED_ENTER_XDATA
   \   000005                ; Saved register size: 13
   \   000005                ; Auto size: 0
    315            osalMemHdr_t *prev = NULL;
   \   000005   7C00         MOV       R4,#0x0
   \   000007   7D00         MOV       R5,#0x0
    316            osalMemHdr_t *hdr;
    317            halIntState_t intState;
    318            uint8 coal = 0;
   \   000009   7E00         MOV       R6,#0x0
    319          
    320            size += OSALMEM_HDRSZ;
   \   00000B   EA           MOV       A,R2
   \   00000C   2402         ADD       A,#0x2
   \   00000E   FA           MOV       R2,A
   \   00000F   E4           CLR       A
   \   000010   3B           ADDC      A,R3
   \   000011   FB           MOV       R3,A
    321          
    322            // Calculate required bytes to add to 'size' to align to halDataAlign_t.
    323            if ( sizeof( halDataAlign_t ) == 2 )
    324            {
    325              size += (size & 0x01);
    326            }
    327            else if ( sizeof( halDataAlign_t ) != 1 )
    328            {
    329              const uint8 mod = size % sizeof( halDataAlign_t );
    330          
    331              if ( mod != 0 )
    332              {
    333                size += (sizeof( halDataAlign_t ) - mod);
    334              }
    335            }
    336          
    337            HAL_ENTER_CRITICAL_SECTION( intState );  // Hold off interrupts.
   \   000012   A2AF         MOV       C,0xa8.7
   \   000014   E4           CLR       A
   \   000015   33           RLC       A
   \   000016   FF           MOV       R7,A
   \   000017   C2AF         CLR       0xa8.7
    338          
    339            // Smaller allocations are first attempted in the small-block bucket, and all long-lived
    340            // allocations are channeled into the LL block reserved within this bucket.
    341            if ((osalMemStat == 0) || (size <= OSALMEM_SMALL_BLKSZ))
   \   000019   90....       MOV       DPTR,#osalMemStat
   \   00001C   E0           MOVX      A,@DPTR
   \   00001D   6008         JZ        ??osal_mem_alloc_0
   \   00001F   EA           MOV       A,R2
   \   000020   9411         SUBB      A,#0x11
   \   000022   EB           MOV       A,R3
   \   000023   9400         SUBB      A,#0x0
   \   000025   500A         JNC       ??osal_mem_alloc_1
    342            {
    343              hdr = ff1;
   \                     ??osal_mem_alloc_0:
   \   000027   90....       MOV       DPTR,#ff1
   \   00002A   E0           MOVX      A,@DPTR
   \   00002B   F8           MOV       R0,A
   \   00002C   A3           INC       DPTR
   \   00002D   E0           MOVX      A,@DPTR
   \   00002E   F9           MOV       R1,A
   \   00002F   8004         SJMP      ??osal_mem_alloc_2
    344            }
    345            else
    346            {
    347              hdr = (theHeap + OSALMEM_BIGBLK_IDX);
   \                     ??osal_mem_alloc_1:
   \   000031   78..         MOV       R0,#(theHeap + 74) & 0xff
   \   000033   79..         MOV       R1,#((theHeap + 586) >> 8) & 0xff
    348            }
    349          
    350            do
    351            {
    352              if ( hdr->hdr.inUse )
   \                     ??osal_mem_alloc_2:
   \   000035   8882         MOV       DPL,R0
   \   000037   8983         MOV       DPH,R1
   \   000039   A3           INC       DPTR
   \   00003A   E0           MOVX      A,@DPTR
   \   00003B   5480         ANL       A,#0x80
   \   00003D   6005         JZ        ??osal_mem_alloc_3
    353              {
    354                coal = 0;
   \   00003F   7E00         MOV       R6,#0x0
   \   000041   02....       LJMP      ??osal_mem_alloc_4 & 0xFFFF
    355              }
    356              else
    357              {
    358                if ( coal != 0 )
   \                     ??osal_mem_alloc_3:
   \   000044   EE           MOV       A,R6
   \   000045   A2E0         MOV       C,0xE0 /* A   */.0
   \   000047   507F         JNC       ??osal_mem_alloc_5
    359                {
    360          #if ( OSALMEM_METRICS )
    361                  blkCnt--;
    362                  blkFree--;
    363          #endif
    364          
    365                  prev->hdr.len += hdr->hdr.len;
   \   000049   8C82         MOV       DPL,R4
   \   00004B   8D83         MOV       DPH,R5
   \   00004D   E0           MOVX      A,@DPTR
   \   00004E   F5..         MOV       ?V0,A
   \   000050   A3           INC       DPTR
   \   000051   E0           MOVX      A,@DPTR
   \   000052   F5..         MOV       ?V1,A
   \   000054   5480         ANL       A,#0x80
   \   000056   F5..         MOV       ?V3,A
   \   000058   8882         MOV       DPL,R0
   \   00005A   8983         MOV       DPH,R1
   \   00005C   E0           MOVX      A,@DPTR
   \   00005D   25..         ADD       A,?V0
   \   00005F   F5..         MOV       ?V0,A
   \   000061   A3           INC       DPTR
   \   000062   E0           MOVX      A,@DPTR
   \   000063   35..         ADDC      A,?V1
   \   000065   547F         ANL       A,#0x7f
   \   000067   F5..         MOV       ?V1,A
   \   000069   E5..         MOV       A,?V3
   \   00006B   45..         ORL       A,?V1
   \   00006D   F5..         MOV       ?V1,A
   \   00006F   8C82         MOV       DPL,R4
   \   000071   8D83         MOV       DPH,R5
   \   000073   E5..         MOV       A,?V0
   \   000075   F0           MOVX      @DPTR,A
   \   000076   A3           INC       DPTR
   \   000077   E5..         MOV       A,?V1
   \   000079   F0           MOVX      @DPTR,A
    366          
    367                  if ( prev->hdr.len >= size )
   \   00007A   547F         ANL       A,#0x7f
   \   00007C   F5..         MOV       ?V1,A
   \   00007E   C3           CLR       C
   \   00007F   E5..         MOV       A,?V0
   \   000081   9A           SUBB      A,R2
   \   000082   E5..         MOV       A,?V1
   \   000084   9B           SUBB      A,R3
   \   000085   4059         JC        ??osal_mem_alloc_4
    368                  {
    369                    hdr = prev;
   \   000087   EC           MOV       A,R4
   \   000088   F8           MOV       R0,A
   \   000089   ED           MOV       A,R5
   \   00008A   F9           MOV       R1,A
    370                    break;
    371                  }
    372                }
    373                else
    374                {
    375                  if ( hdr->hdr.len >= size )
    376                  {
    377                    break;
    378                  }
    379          
    380                  coal = 1;
    381                  prev = hdr;
    382                }
    383              }
    384          
    385              hdr = (osalMemHdr_t *)((uint8 *)hdr + hdr->hdr.len);
    386          
    387              if ( hdr->val == 0 )
    388              {
    389                hdr = NULL;
    390                break;
    391              }
    392            } while (1);
    393          
    394            if ( hdr != NULL )
   \                     ??osal_mem_alloc_6:
   \   00008B   E8           MOV       A,R0
   \   00008C   49           ORL       A,R1
   \   00008D   7003         JNZ       $+5
   \   00008F   02....       LJMP      ??osal_mem_alloc_7 & 0xFFFF
    395            {
    396              uint16 tmp = hdr->hdr.len - size;
   \   000092   8882         MOV       DPL,R0
   \   000094   8983         MOV       DPH,R1
   \   000096   E0           MOVX      A,@DPTR
   \   000097   FC           MOV       R4,A
   \   000098   A3           INC       DPTR
   \   000099   E0           MOVX      A,@DPTR
   \   00009A   547F         ANL       A,#0x7f
   \   00009C   FD           MOV       R5,A
   \   00009D   EC           MOV       A,R4
   \   00009E   C3           CLR       C
   \   00009F   9A           SUBB      A,R2
   \   0000A0   FC           MOV       R4,A
   \   0000A1   ED           MOV       A,R5
   \   0000A2   9B           SUBB      A,R3
   \   0000A3   FD           MOV       R5,A
    397          
    398              // Determine whether the threshold for splitting is met.
    399              if ( tmp >= OSALMEM_MIN_BLKSZ )
   \   0000A4   C3           CLR       C
   \   0000A5   EC           MOV       A,R4
   \   0000A6   9404         SUBB      A,#0x4
   \   0000A8   ED           MOV       A,R5
   \   0000A9   9400         SUBB      A,#0x0
   \   0000AB   4062         JC        ??osal_mem_alloc_8
    400              {
    401                // Split the block before allocating it.
    402                osalMemHdr_t *next = (osalMemHdr_t *)((uint8 *)hdr + size);
    403                next->val = tmp;                     // Set 'len' & clear 'inUse' field.
   \   0000AD   E8           MOV       A,R0
   \   0000AE   2A           ADD       A,R2
   \   0000AF   F582         MOV       DPL,A
   \   0000B1   E9           MOV       A,R1
   \   0000B2   3B           ADDC      A,R3
   \   0000B3   F583         MOV       DPH,A
   \   0000B5   EC           MOV       A,R4
   \   0000B6   F0           MOVX      @DPTR,A
   \   0000B7   A3           INC       DPTR
   \   0000B8   ED           MOV       A,R5
   \   0000B9   F0           MOVX      @DPTR,A
    404                hdr->val = (size | OSALMEM_IN_USE);  // Set 'len' & 'inUse' field.
   \   0000BA   EB           MOV       A,R3
   \   0000BB   4480         ORL       A,#0x80
   \   0000BD   FB           MOV       R3,A
   \   0000BE   8882         MOV       DPL,R0
   \   0000C0   8983         MOV       DPH,R1
   \   0000C2   EA           MOV       A,R2
   \   0000C3   F0           MOVX      @DPTR,A
   \   0000C4   A3           INC       DPTR
   \   0000C5   EB           MOV       A,R3
   \   0000C6   804F         SJMP      ??osal_mem_alloc_9
    405          
    406          #if ( OSALMEM_METRICS )
    407                blkCnt++;
    408                if ( blkMax < blkCnt )
    409                {
    410                  blkMax = blkCnt;
    411                }
    412                memAlo += size;
    413          #endif
    414              }
   \                     ??osal_mem_alloc_5:
   \   0000C8   8882         MOV       DPL,R0
   \   0000CA   8983         MOV       DPH,R1
   \   0000CC   E0           MOVX      A,@DPTR
   \   0000CD   FC           MOV       R4,A
   \   0000CE   A3           INC       DPTR
   \   0000CF   E0           MOVX      A,@DPTR
   \   0000D0   547F         ANL       A,#0x7f
   \   0000D2   FD           MOV       R5,A
   \   0000D3   C3           CLR       C
   \   0000D4   EC           MOV       A,R4
   \   0000D5   9A           SUBB      A,R2
   \   0000D6   ED           MOV       A,R5
   \   0000D7   9B           SUBB      A,R3
   \   0000D8   50B1         JNC       ??osal_mem_alloc_6
   \   0000DA   7E01         MOV       R6,#0x1
   \   0000DC   E8           MOV       A,R0
   \   0000DD   FC           MOV       R4,A
   \   0000DE   E9           MOV       A,R1
   \   0000DF   FD           MOV       R5,A
   \                     ??osal_mem_alloc_4:
   \   0000E0   8882         MOV       DPL,R0
   \   0000E2   8983         MOV       DPH,R1
   \   0000E4   E0           MOVX      A,@DPTR
   \   0000E5   F5..         MOV       ?V0,A
   \   0000E7   A3           INC       DPTR
   \   0000E8   E0           MOVX      A,@DPTR
   \   0000E9   547F         ANL       A,#0x7f
   \   0000EB   F5..         MOV       ?V1,A
   \   0000ED   E8           MOV       A,R0
   \   0000EE   25..         ADD       A,?V0
   \   0000F0   F8           MOV       R0,A
   \   0000F1   E9           MOV       A,R1
   \   0000F2   35..         ADDC      A,?V1
   \   0000F4   F9           MOV       R1,A
   \   0000F5   8882         MOV       DPL,R0
   \   0000F7   F583         MOV       DPH,A
   \   0000F9   E0           MOVX      A,@DPTR
   \   0000FA   F5..         MOV       ?V0,A
   \   0000FC   A3           INC       DPTR
   \   0000FD   E0           MOVX      A,@DPTR
   \   0000FE   F5..         MOV       ?V1,A
   \   000100   E5..         MOV       A,?V0
   \   000102   45..         ORL       A,?V1
   \   000104   6003         JZ        $+5
   \   000106   02....       LJMP      ??osal_mem_alloc_2 & 0xFFFF
   \   000109   7800         MOV       R0,#0x0
   \   00010B   7900         MOV       R1,#0x0
   \   00010D   803F         SJMP      ??osal_mem_alloc_7
    415              else
    416              {
    417          #if ( OSALMEM_METRICS )
    418                memAlo += hdr->hdr.len;
    419                blkFree--;
    420          #endif
    421          
    422                hdr->hdr.inUse = TRUE;
   \                     ??osal_mem_alloc_8:
   \   00010F   8882         MOV       DPL,R0
   \   000111   8983         MOV       DPH,R1
   \   000113   A3           INC       DPTR
   \   000114   E0           MOVX      A,@DPTR
   \   000115   4480         ORL       A,#0x80
   \                     ??osal_mem_alloc_9:
   \   000117   F0           MOVX      @DPTR,A
    423              }
    424          
    425          #if ( OSALMEM_METRICS )
    426              if ( memMax < memAlo )
    427              {
    428                memMax = memAlo;
    429              }
    430          #endif
    431          
    432          #if ( OSALMEM_PROFILER )
    433          #if !OSALMEM_PROFILER_LL
    434              if (osalMemStat != 0)  // Don't profile until after the LL block is filled.
    435          #endif
    436              {
    437                uint8 idx;
    438          
    439                for ( idx = 0; idx < OSALMEM_PROMAX; idx++ )
    440                {
    441                  if ( hdr->hdr.len <= proCnt[idx] )
    442                  {
    443                    break;
    444                  }
    445                }
    446                proCur[idx]++;
    447                if ( proMax[idx] < proCur[idx] )
    448                {
    449                  proMax[idx] = proCur[idx];
    450                }
    451                proTot[idx]++;
    452          
    453                /* A small-block could not be allocated in the small-block bucket.
    454                 * When this occurs significantly frequently, increase the size of the
    455                 * bucket in order to restore better worst case run times. Set the first
    456                 * profiling bucket size in proCnt[] to the small-block bucket size and
    457                 * divide proSmallBlkMiss by the corresponding proTot[] size to get % miss.
    458                 * Best worst case time on TrasmitApp was achieved at a 0-15% miss rate
    459                 * during steady state Tx load, 0% during idle and steady state Rx load.
    460                 */
    461                if ((hdr->hdr.len <= OSALMEM_SMALL_BLKSZ) && (hdr >= (theHeap + OSALMEM_BIGBLK_IDX)))
    462                {
    463                  proSmallBlkMiss++;
    464                }
    465              }
    466          
    467              (void)osal_memset((uint8 *)(hdr+1), OSALMEM_ALOC, (hdr->hdr.len - OSALMEM_HDRSZ));
    468          #endif
    469          
    470              if ((osalMemStat != 0) && (ff1 == hdr))
   \   000118   90....       MOV       DPTR,#osalMemStat
   \   00011B   E0           MOVX      A,@DPTR
   \   00011C   6029         JZ        ??osal_mem_alloc_10
   \   00011E   90....       MOV       DPTR,#ff1
   \   000121   E0           MOVX      A,@DPTR
   \   000122   FA           MOV       R2,A
   \   000123   A3           INC       DPTR
   \   000124   E0           MOVX      A,@DPTR
   \   000125   FB           MOV       R3,A
   \   000126   E8           MOV       A,R0
   \   000127   6A           XRL       A,R2
   \   000128   7002         JNZ       ??osal_mem_alloc_11
   \   00012A   E9           MOV       A,R1
   \   00012B   6B           XRL       A,R3
   \                     ??osal_mem_alloc_11:
   \   00012C   7019         JNZ       ??osal_mem_alloc_10
    471              {
    472                ff1 = (osalMemHdr_t *)((uint8 *)hdr + hdr->hdr.len);
   \   00012E   8882         MOV       DPL,R0
   \   000130   8983         MOV       DPH,R1
   \   000132   E0           MOVX      A,@DPTR
   \   000133   FA           MOV       R2,A
   \   000134   A3           INC       DPTR
   \   000135   E0           MOVX      A,@DPTR
   \   000136   547F         ANL       A,#0x7f
   \   000138   FB           MOV       R3,A
   \   000139   E8           MOV       A,R0
   \   00013A   2A           ADD       A,R2
   \   00013B   FA           MOV       R2,A
   \   00013C   E9           MOV       A,R1
   \   00013D   3B           ADDC      A,R3
   \   00013E   FB           MOV       R3,A
   \   00013F   90....       MOV       DPTR,#ff1
   \   000142   EA           MOV       A,R2
   \   000143   F0           MOVX      @DPTR,A
   \   000144   A3           INC       DPTR
   \   000145   EB           MOV       A,R3
   \   000146   F0           MOVX      @DPTR,A
    473              }
    474          
    475              hdr++;
   \                     ??osal_mem_alloc_10:
   \   000147   E8           MOV       A,R0
   \   000148   2402         ADD       A,#0x2
   \   00014A   F8           MOV       R0,A
   \   00014B   5001         JNC       ??osal_mem_alloc_7
   \   00014D   09           INC       R1
    476            }
    477          
    478            HAL_EXIT_CRITICAL_SECTION( intState );  // Re-enable interrupts.
   \                     ??osal_mem_alloc_7:
   \   00014E   EF           MOV       A,R7
   \   00014F   A2E0         MOV       C,0xE0 /* A   */.0
   \   000151   92AF         MOV       0xa8.7,C
    479          #pragma diag_suppress=Pe767
    480            HAL_ASSERT(((halDataAlign_t)hdr % sizeof(halDataAlign_t)) == 0);
    481          #pragma diag_default=Pe767
    482          
    483          #ifdef DPRINTF_OSALHEAPTRACE
    484            dprintf("osal_mem_alloc(%u)->%lx:%s:%u\n", size, (unsigned) hdr, fname, lnum);
    485          #endif /* DPRINTF_OSALHEAPTRACE */
    486            return (void *)hdr;
   \   000153   E8           MOV       A,R0
   \   000154   FA           MOV       R2,A
   \   000155   E9           MOV       A,R1
   \   000156   FB           MOV       R3,A
   \   000157   7F05         MOV       R7,#0x5
   \   000159   02....       LJMP      ?BANKED_LEAVE_XDATA
   \   00015C                REQUIRE _A_IEN0
    487          }
    488          
    489          /**************************************************************************************************
    490           * @fn          osal_mem_free
    491           *
    492           * @brief       This function implements the OSAL dynamic memory de-allocation functionality.
    493           *
    494           * input parameters
    495           *
    496           * @param ptr - A valid pointer (i.e. a pointer returned by osal_mem_alloc()) to the memory to free.
    497           *
    498           * output parameters
    499           *
    500           * None.
    501           *
    502           * @return      None.
    503           */
    504          #ifdef DPRINTF_OSALHEAPTRACE
    505          void osal_mem_free_dbg(void *ptr, const char *fname, unsigned lnum)
    506          #else /* DPRINTF_OSALHEAPTRACE */

   \                                 In  segment BANKED_CODE, align 1, keep-with-next
    507          void osal_mem_free(void *ptr)
   \                     osal_mem_free:
    508          #endif /* DPRINTF_OSALHEAPTRACE */
    509          {
   \   000000   74F7         MOV       A,#-0x9
   \   000002   12....       LCALL     ?BANKED_ENTER_XDATA
   \   000005                ; Saved register size: 9
   \   000005                ; Auto size: 0
    510            osalMemHdr_t *hdr = (osalMemHdr_t *)ptr - 1;
   \   000005   EA           MOV       A,R2
   \   000006   24FE         ADD       A,#-0x2
   \   000008   FE           MOV       R6,A
   \   000009   EB           MOV       A,R3
   \   00000A   34FF         ADDC      A,#-0x1
   \   00000C   FF           MOV       R7,A
    511            halIntState_t intState;
    512          
    513          #ifdef DPRINTF_OSALHEAPTRACE
    514            dprintf("osal_mem_free(%lx):%s:%u\n", (unsigned) ptr, fname, lnum);
    515          #endif /* DPRINTF_OSALHEAPTRACE */
    516          
    517            HAL_ASSERT(((uint8 *)ptr >= (uint8 *)theHeap) && ((uint8 *)ptr < (uint8 *)theHeap+MAXMEMHEAP));
   \   00000D   C3           CLR       C
   \   00000E   EA           MOV       A,R2
   \   00000F   94..         SUBB      A,#theHeap & 0xff
   \   000011   EB           MOV       A,R3
   \   000012   94..         SUBB      A,#(theHeap >> 8) & 0xff
   \   000014   4009         JC        ??osal_mem_free_0
   \   000016   C3           CLR       C
   \   000017   EA           MOV       A,R2
   \   000018   94..         SUBB      A,#theHeap & 0xff
   \   00001A   EB           MOV       A,R3
   \   00001B   94..         SUBB      A,#((theHeap + 2048) >> 8) & 0xff
   \   00001D   4003         JC        ??osal_mem_free_1
   \                     ??osal_mem_free_0:
   \   00001F                ; Setup parameters for call to function halAssertHandler
   \   00001F   12....       LCALL     `??halAssertHandler::?relay`; Banked call to: halAssertHandler
    518            HAL_ASSERT(hdr->hdr.inUse);
   \                     ??osal_mem_free_1:
   \   000022   8E82         MOV       DPL,R6
   \   000024   8F83         MOV       DPH,R7
   \   000026   A3           INC       DPTR
   \   000027   E0           MOVX      A,@DPTR
   \   000028   5480         ANL       A,#0x80
   \   00002A   7003         JNZ       ??osal_mem_free_2
   \   00002C                ; Setup parameters for call to function halAssertHandler
   \   00002C   12....       LCALL     `??halAssertHandler::?relay`; Banked call to: halAssertHandler
    519          
    520            HAL_ENTER_CRITICAL_SECTION( intState );  // Hold off interrupts.
   \                     ??osal_mem_free_2:
   \   00002F   A2AF         MOV       C,0xa8.7
   \   000031   E4           CLR       A
   \   000032   33           RLC       A
   \   000033   FA           MOV       R2,A
   \   000034   C2AF         CLR       0xa8.7
    521            hdr->hdr.inUse = FALSE;
   \   000036   8E82         MOV       DPL,R6
   \   000038   8F83         MOV       DPH,R7
   \   00003A   A3           INC       DPTR
   \   00003B   E0           MOVX      A,@DPTR
   \   00003C   547F         ANL       A,#0x7f
   \   00003E   F0           MOVX      @DPTR,A
    522          
    523            if (ff1 > hdr)
   \   00003F   90....       MOV       DPTR,#ff1
   \   000042   E0           MOVX      A,@DPTR
   \   000043   F8           MOV       R0,A
   \   000044   A3           INC       DPTR
   \   000045   E0           MOVX      A,@DPTR
   \   000046   F9           MOV       R1,A
   \   000047   EE           MOV       A,R6
   \   000048   98           SUBB      A,R0
   \   000049   EF           MOV       A,R7
   \   00004A   99           SUBB      A,R1
   \   00004B   5008         JNC       ??osal_mem_free_3
    524            {
    525              ff1 = hdr;
   \   00004D   90....       MOV       DPTR,#ff1
   \   000050   EE           MOV       A,R6
   \   000051   F0           MOVX      @DPTR,A
   \   000052   A3           INC       DPTR
   \   000053   EF           MOV       A,R7
   \   000054   F0           MOVX      @DPTR,A
    526            }
    527          
    528          #if OSALMEM_PROFILER
    529          #if !OSALMEM_PROFILER_LL
    530            if (osalMemStat != 0)  // Don't profile until after the LL block is filled.
    531          #endif
    532            {
    533              uint8 idx;
    534          
    535              for (idx = 0; idx < OSALMEM_PROMAX; idx++)
    536              {
    537                if (hdr->hdr.len <= proCnt[idx])
    538                {
    539                  break;
    540                }
    541              }
    542          
    543              proCur[idx]--;
    544            }
    545          
    546            (void)osal_memset((uint8 *)(hdr+1), OSALMEM_REIN, (hdr->hdr.len - OSALMEM_HDRSZ) );
    547          #endif
    548          #if OSALMEM_METRICS
    549            memAlo -= hdr->hdr.len;
    550            blkFree++;
    551          #endif
    552          
    553            HAL_EXIT_CRITICAL_SECTION( intState );  // Re-enable interrupts.
   \                     ??osal_mem_free_3:
   \   000055   EA           MOV       A,R2
   \   000056   A2E0         MOV       C,0xE0 /* A   */.0
   \   000058   92AF         MOV       0xa8.7,C
    554          }
   \   00005A   7F01         MOV       R7,#0x1
   \   00005C   02....       LJMP      ?BANKED_LEAVE_XDATA
   \   00005F                REQUIRE _A_IEN0
    555          
    556          #if OSALMEM_METRICS
    557          /*********************************************************************
    558           * @fn      osal_heap_block_max
    559           *
    560           * @brief   Return the maximum number of blocks ever allocated at once.
    561           *
    562           * @param   none
    563           *
    564           * @return  Maximum number of blocks ever allocated at once.
    565           */
    566          uint16 osal_heap_block_max( void )
    567          {
    568            return blkMax;
    569          }
    570          
    571          /*********************************************************************
    572           * @fn      osal_heap_block_cnt
    573           *
    574           * @brief   Return the current number of blocks now allocated.
    575           *
    576           * @param   none
    577           *
    578           * @return  Current number of blocks now allocated.
    579           */
    580          uint16 osal_heap_block_cnt( void )
    581          {
    582            return blkCnt;
    583          }
    584          
    585          /*********************************************************************
    586           * @fn      osal_heap_block_free
    587           *
    588           * @brief   Return the current number of free blocks.
    589           *
    590           * @param   none
    591           *
    592           * @return  Current number of free blocks.
    593           */
    594          uint16 osal_heap_block_free( void )
    595          {
    596            return blkFree;
    597          }
    598          
    599          /*********************************************************************
    600           * @fn      osal_heap_mem_used
    601           *
    602           * @brief   Return the current number of bytes allocated.
    603           *
    604           * @param   none
    605           *
    606           * @return  Current number of bytes allocated.
    607           */
    608          uint16 osal_heap_mem_used( void )
    609          {
    610            return memAlo;
    611          }
    612          #endif
    613          
    614          #if defined (ZTOOL_P1) || defined (ZTOOL_P2)
    615          /*********************************************************************
    616           * @fn      osal_heap_high_water
    617           *
    618           * @brief   Return the highest byte ever allocated in the heap.
    619           *
    620           * @param   none
    621           *
    622           * @return  Highest number of bytes ever used by the stack.
    623           */

   \                                 In  segment BANKED_CODE, align 1, keep-with-next
    624          uint16 osal_heap_high_water( void )
   \                     osal_heap_high_water:
    625          {
   \   000000                ; Saved register size: 0
   \   000000                ; Auto size: 0
    626          #if ( OSALMEM_METRICS )
    627            return memMax;
    628          #else
    629            return MAXMEMHEAP;
   \   000000   7A00         MOV       R2,#0x0
   \   000002   7B08         MOV       R3,#0x8
   \   000004   02....       LJMP      ?BRET
    630          #endif
    631          }
    632          #endif
    633          
    634          /**************************************************************************************************
    635          */

   Maximum stack usage in bytes:

   ISTACK XSTACK Function
   ------ ------ --------
      0      0   osal_heap_high_water
      0     23   osal_mem_alloc
      0     19   osal_mem_free
        0      9   -> halAssertHandler
      2      0   osal_mem_init
      0     10   osal_mem_kick
        0     10   -> halAssertHandler
        0     10   -> osal_mem_alloc
        0     10   -> osal_mem_free


   Segment part sizes:

   Bytes  Function/Label
   -----  --------------
       1  _A_IEN0
       2  ff1
       1  osalMemStat
       7  osal_heap_high_water
     348  osal_mem_alloc
      95  osal_mem_free
      54  osal_mem_init
      72  osal_mem_kick
    2048  theHeap
      30  -- Other

 
   576 bytes in segment BANKED_CODE
    30 bytes in segment BANK_RELAYS
     1 byte  in segment SFR_AN
 2 050 bytes in segment XDATA_N
     1 byte  in segment XDATA_Z
 
    30 bytes of CODE     memory
     0 bytes of DATA     memory (+ 1 byte shared)
   576 bytes of HUGECODE memory
 2 051 bytes of XDATA    memory

Errors: none
Warnings: none
