###############################################################################
#
# IAR C/C++ Compiler V10.30.1.6000 for 8051               23/Apr/2019  16:50:34
# Copyright 2004-2018 IAR Systems AB.
# PC-locked license - IAR Embedded Workbench for 8051
#
#    Core               =  plain
#    Code model         =  banked
#    Data model         =  large
#    Calling convention =  xdata reentrant
#    Constant location  =  data_rom
#    Dptr setup         =  1,16
#                          
#    Source file        =  
#        E:\qqÏÂÔØÎÄ¼þ\½á¿Î×÷Òµ\ZigBee\ÊµÑéÖ¸µ¼Êé\ÊµÑéÖ¸µ¼Êé\Code\Cap2_ZStack\ZStack-CC2530-r200\ZStack-CC2530-r200\Components\mt\MT_VERSION.c
#    Command line       =  
#        -f C:\Users\VULCAN\AppData\Local\Temp\EWD655.tmp
#        (E:\qqÏÂÔØÎÄ¼þ\½á¿Î×÷Òµ\ZigBee\ÊµÑéÖ¸µ¼Êé\ÊµÑéÖ¸µ¼Êé\Code\Cap2_ZStack\ZStack-CC2530-r200\ZStack-CC2530-r200\Components\mt\MT_VERSION.c
#        -D ZTOOL_P1 -D MT_TASK -D MT_SYS_FUNC -D MT_ZDO_FUNC -D SAPP_ZSTACK
#        -lC
#        E:\qqÏÂÔØÎÄ¼þ\½á¿Î×÷Òµ\ZigBee\ÊµÑéÖ¸µ¼Êé\ÊµÑéÖ¸µ¼Êé\Code\Cap2_ZStack\ZStack-CC2530-r200\ZStack-CC2530-r200\Projects\SappWsn\CoordinatorEB\List
#        -lA
#        E:\qqÏÂÔØÎÄ¼þ\½á¿Î×÷Òµ\ZigBee\ÊµÑéÖ¸µ¼Êé\ÊµÑéÖ¸µ¼Êé\Code\Cap2_ZStack\ZStack-CC2530-r200\ZStack-CC2530-r200\Projects\SappWsn\CoordinatorEB\List
#        --diag_suppress Pe001,Pa010 -o
#        E:\qqÏÂÔØÎÄ¼þ\½á¿Î×÷Òµ\ZigBee\ÊµÑéÖ¸µ¼Êé\ÊµÑéÖ¸µ¼Êé\Code\Cap2_ZStack\ZStack-CC2530-r200\ZStack-CC2530-r200\Projects\SappWsn\CoordinatorEB\Obj
#        -e --debug --core=plain --dptr=16,1 --data_model=large
#        --code_model=banked --calling_convention=xdata_reentrant
#        --place_constants=data_rom --nr_virtual_regs 8 -f
#        E:\qqÏÂÔØÎÄ¼þ\½á¿Î×÷Òµ\ZigBee\ÊµÑéÖ¸µ¼Êé\ÊµÑéÖ¸µ¼Êé\Code\Cap2_ZStack\ZStack-CC2530-r200\ZStack-CC2530-r200\Projects\SappWsn\..\zstack\Tools\CC2530DB\f8wCoord.cfg
#        (-DCPU32MHZ -DROOT=__near_func -DMAC_CFG_APP_PENDING_QUEUE=TRUE
#        -DMAC_CFG_TX_DATA_MAX=5 -DMAC_CFG_TX_MAX=8 -DMAC_CFG_RX_MAX=5
#        -DZDO_COORDINATOR -DRTR_NWK) -f
#        E:\qqÏÂÔØÎÄ¼þ\½á¿Î×÷Òµ\ZigBee\ÊµÑéÖ¸µ¼Êé\ÊµÑéÖ¸µ¼Êé\Code\Cap2_ZStack\ZStack-CC2530-r200\ZStack-CC2530-r200\Projects\SappWsn\..\zstack\Tools\CC2530DB\f8wConfig.cfg
#        (-DZIGBEEPRO -DSECURE=0 -DZG_SECURE_DYNAMIC=0 -DREFLECTOR
#        -DDEFAULT_CHANLIST=0x00000800 -DZDAPP_CONFIG_PAN_ID=0x0056
#        -DNWK_START_DELAY=100 -DEXTENDED_JOINING_RANDOM_MASK=0x007F
#        -DBEACON_REQUEST_DELAY=100 -DBEACON_REQ_DELAY_MASK=0x00FF
#        -DLINK_STATUS_JITTER_MASK=0x007F -DROUTE_EXPIRY_TIME=30
#        -DAPSC_ACK_WAIT_DURATION_POLLED=3000 -DNWK_INDIRECT_MSG_TIMEOUT=7
#        -DMAX_RREQ_ENTRIES=8 -DAPSC_MAX_FRAME_RETRIES=3
#        -DNWK_MAX_DATA_RETRIES=2 -DMAX_POLL_FAILURE_RETRIES=2 -DMAX_BCAST=9
#        -DAPS_MAX_GROUPS=16 -DMAX_RTG_ENTRIES=40 -DNWK_MAX_BINDING_ENTRIES=4
#        -DMAX_BINDING_CLUSTER_IDS=4 "-DDEFAULT_KEY={0x01, 0x03, 0x05, 0x07,
#        0x09, 0x0B, 0x0D, 0x0F, 0x00, 0x02, 0x04, 0x06, 0x08, 0x0A, 0x0C,
#        0x0D}" -DMAC_MAX_FRAME_SIZE=116 -DZDNWKMGR_MIN_TRANSMISSIONS=20
#        "-DCONST=const __code" -DGENERIC=__generic -DRFD_RCVC_ALWAYS_ON=FALSE
#        -DPOLL_RATE=1000 -DQUEUED_POLL_RATE=100 -DRESPONSE_POLL_RATE=100
#        -DREJOIN_POLL_RATE=440) -I
#        E:\qqÏÂÔØÎÄ¼þ\½á¿Î×÷Òµ\ZigBee\ÊµÑéÖ¸µ¼Êé\ÊµÑéÖ¸µ¼Êé\Code\Cap2_ZStack\ZStack-CC2530-r200\ZStack-CC2530-r200\Projects\SappWsn\
#        -I
#        E:\qqÏÂÔØÎÄ¼þ\½á¿Î×÷Òµ\ZigBee\ÊµÑéÖ¸µ¼Êé\ÊµÑéÖ¸µ¼Êé\Code\Cap2_ZStack\ZStack-CC2530-r200\ZStack-CC2530-r200\Projects\SappWsn\Source\
#        -I
#        E:\qqÏÂÔØÎÄ¼þ\½á¿Î×÷Òµ\ZigBee\ÊµÑéÖ¸µ¼Êé\ÊµÑéÖ¸µ¼Êé\Code\Cap2_ZStack\ZStack-CC2530-r200\ZStack-CC2530-r200\Projects\SappWsn\..\zstack\ZMain\TI2530DB\
#        -I
#        E:\qqÏÂÔØÎÄ¼þ\½á¿Î×÷Òµ\ZigBee\ÊµÑéÖ¸µ¼Êé\ÊµÑéÖ¸µ¼Êé\Code\Cap2_ZStack\ZStack-CC2530-r200\ZStack-CC2530-r200\Projects\SappWsn\..\..\Components\hal\include\
#        -I
#        E:\qqÏÂÔØÎÄ¼þ\½á¿Î×÷Òµ\ZigBee\ÊµÑéÖ¸µ¼Êé\ÊµÑéÖ¸µ¼Êé\Code\Cap2_ZStack\ZStack-CC2530-r200\ZStack-CC2530-r200\Projects\SappWsn\..\..\Components\hal\target\CC2530EB\
#        -I
#        E:\qqÏÂÔØÎÄ¼þ\½á¿Î×÷Òµ\ZigBee\ÊµÑéÖ¸µ¼Êé\ÊµÑéÖ¸µ¼Êé\Code\Cap2_ZStack\ZStack-CC2530-r200\ZStack-CC2530-r200\Projects\SappWsn\..\..\Components\mac\include\
#        -I
#        E:\qqÏÂÔØÎÄ¼þ\½á¿Î×÷Òµ\ZigBee\ÊµÑéÖ¸µ¼Êé\ÊµÑéÖ¸µ¼Êé\Code\Cap2_ZStack\ZStack-CC2530-r200\ZStack-CC2530-r200\Projects\SappWsn\..\..\Components\mac\high_level\
#        -I
#        E:\qqÏÂÔØÎÄ¼þ\½á¿Î×÷Òµ\ZigBee\ÊµÑéÖ¸µ¼Êé\ÊµÑéÖ¸µ¼Êé\Code\Cap2_ZStack\ZStack-CC2530-r200\ZStack-CC2530-r200\Projects\SappWsn\..\..\Components\mac\low_level\srf04\
#        -I
#        E:\qqÏÂÔØÎÄ¼þ\½á¿Î×÷Òµ\ZigBee\ÊµÑéÖ¸µ¼Êé\ÊµÑéÖ¸µ¼Êé\Code\Cap2_ZStack\ZStack-CC2530-r200\ZStack-CC2530-r200\Projects\SappWsn\..\..\Components\mac\low_level\srf04\single_chip\
#        -I
#        E:\qqÏÂÔØÎÄ¼þ\½á¿Î×÷Òµ\ZigBee\ÊµÑéÖ¸µ¼Êé\ÊµÑéÖ¸µ¼Êé\Code\Cap2_ZStack\ZStack-CC2530-r200\ZStack-CC2530-r200\Projects\SappWsn\..\..\Components\mt\
#        -I
#        E:\qqÏÂÔØÎÄ¼þ\½á¿Î×÷Òµ\ZigBee\ÊµÑéÖ¸µ¼Êé\ÊµÑéÖ¸µ¼Êé\Code\Cap2_ZStack\ZStack-CC2530-r200\ZStack-CC2530-r200\Projects\SappWsn\..\..\Components\osal\include\
#        -I
#        E:\qqÏÂÔØÎÄ¼þ\½á¿Î×÷Òµ\ZigBee\ÊµÑéÖ¸µ¼Êé\ÊµÑéÖ¸µ¼Êé\Code\Cap2_ZStack\ZStack-CC2530-r200\ZStack-CC2530-r200\Projects\SappWsn\..\..\Components\services\saddr\
#        -I
#        E:\qqÏÂÔØÎÄ¼þ\½á¿Î×÷Òµ\ZigBee\ÊµÑéÖ¸µ¼Êé\ÊµÑéÖ¸µ¼Êé\Code\Cap2_ZStack\ZStack-CC2530-r200\ZStack-CC2530-r200\Projects\SappWsn\..\..\Components\services\sdata\
#        -I
#        E:\qqÏÂÔØÎÄ¼þ\½á¿Î×÷Òµ\ZigBee\ÊµÑéÖ¸µ¼Êé\ÊµÑéÖ¸µ¼Êé\Code\Cap2_ZStack\ZStack-CC2530-r200\ZStack-CC2530-r200\Projects\SappWsn\..\..\Components\stack\af\
#        -I
#        E:\qqÏÂÔØÎÄ¼þ\½á¿Î×÷Òµ\ZigBee\ÊµÑéÖ¸µ¼Êé\ÊµÑéÖ¸µ¼Êé\Code\Cap2_ZStack\ZStack-CC2530-r200\ZStack-CC2530-r200\Projects\SappWsn\..\..\Components\stack\nwk\
#        -I
#        E:\qqÏÂÔØÎÄ¼þ\½á¿Î×÷Òµ\ZigBee\ÊµÑéÖ¸µ¼Êé\ÊµÑéÖ¸µ¼Êé\Code\Cap2_ZStack\ZStack-CC2530-r200\ZStack-CC2530-r200\Projects\SappWsn\..\..\Components\stack\sapi\
#        -I
#        E:\qqÏÂÔØÎÄ¼þ\½á¿Î×÷Òµ\ZigBee\ÊµÑéÖ¸µ¼Êé\ÊµÑéÖ¸µ¼Êé\Code\Cap2_ZStack\ZStack-CC2530-r200\ZStack-CC2530-r200\Projects\SappWsn\..\..\Components\stack\sec\
#        -I
#        E:\qqÏÂÔØÎÄ¼þ\½á¿Î×÷Òµ\ZigBee\ÊµÑéÖ¸µ¼Êé\ÊµÑéÖ¸µ¼Êé\Code\Cap2_ZStack\ZStack-CC2530-r200\ZStack-CC2530-r200\Projects\SappWsn\..\..\Components\stack\sys\
#        -I
#        E:\qqÏÂÔØÎÄ¼þ\½á¿Î×÷Òµ\ZigBee\ÊµÑéÖ¸µ¼Êé\ÊµÑéÖ¸µ¼Êé\Code\Cap2_ZStack\ZStack-CC2530-r200\ZStack-CC2530-r200\Projects\SappWsn\..\..\Components\stack\zdo\
#        -I
#        E:\qqÏÂÔØÎÄ¼þ\½á¿Î×÷Òµ\ZigBee\ÊµÑéÖ¸µ¼Êé\ÊµÑéÖ¸µ¼Êé\Code\Cap2_ZStack\ZStack-CC2530-r200\ZStack-CC2530-r200\Projects\SappWsn\..\..\Components\zmac\
#        -I
#        E:\qqÏÂÔØÎÄ¼þ\½á¿Î×÷Òµ\ZigBee\ÊµÑéÖ¸µ¼Êé\ÊµÑéÖ¸µ¼Êé\Code\Cap2_ZStack\ZStack-CC2530-r200\ZStack-CC2530-r200\Projects\SappWsn\..\..\Components\zmac\f8w\
#        -Ohz --require_prototypes --no_code_motion)
#    Locale             =  Chinese (Simplified)_CHN.936
#    List file          =  
#        E:\qqÏÂÔØÎÄ¼þ\½á¿Î×÷Òµ\ZigBee\ÊµÑéÖ¸µ¼Êé\ÊµÑéÖ¸µ¼Êé\Code\Cap2_ZStack\ZStack-CC2530-r200\ZStack-CC2530-r200\Projects\SappWsn\CoordinatorEB\List\MT_VERSION.lst
#    Object file        =  
#        E:\qqÏÂÔØÎÄ¼þ\½á¿Î×÷Òµ\ZigBee\ÊµÑéÖ¸µ¼Êé\ÊµÑéÖ¸µ¼Êé\Code\Cap2_ZStack\ZStack-CC2530-r200\ZStack-CC2530-r200\Projects\SappWsn\CoordinatorEB\Obj\MT_VERSION.r51
#
###############################################################################

E:\qqÏÂÔØÎÄ¼þ\½á¿Î×÷Òµ\ZigBee\ÊµÑéÖ¸µ¼Êé\ÊµÑéÖ¸µ¼Êé\Code\Cap2_ZStack\ZStack-CC2530-r200\ZStack-CC2530-r200\Components\mt\MT_VERSION.c
      1          /******************************************************************************
      2            Filename:     MT_VERSION.c
      3            Revised:      $Date: 2011-01-11 16:42:51 -0800 (Tue, 11 Jan 2011) $
      4            Revision:     $Revision: 24768 $
      5          
      6            Description:  Provides the version identification numbers
      7          
      8            Copyright 2007-2011 Texas Instruments Incorporated. All rights reserved.
      9          
     10            IMPORTANT: Your use of this Software is limited to those specific rights
     11            granted under the terms of a software license agreement between the user
     12            who downloaded the software, his/her employer (which must be your employer)
     13            and Texas Instruments Incorporated (the "License").  You may not use this
     14            Software unless you agree to abide by the terms of the License. The License
     15            limits your use, and you acknowledge, that the Software may not be modified,
     16            copied or distributed unless embedded on a Texas Instruments microcontroller
     17            or used solely and exclusively in conjunction with a Texas Instruments radio
     18            frequency transceiver, which is integrated into your product. Other than for
     19            the foregoing purpose, you may not use, reproduce, copy, prepare derivative
     20            works of, modify, distribute, perform, display or sell this Software and/or
     21            its documentation for any purpose.
     22          
     23            YOU FURTHER ACKNOWLEDGE AND AGREE THAT THE SOFTWARE AND DOCUMENTATION ARE
     24            PROVIDED “AS IS” WITHOUT WARRANTY OF ANY KIND, EITHER EXPRESS OR IMPLIED,
     25            INCLUDING WITHOUT LIMITATION, ANY WARRANTY OF MERCHANTABILITY, TITLE,
     26            NON-INFRINGEMENT AND FITNESS FOR A PARTICULAR PURPOSE. IN NO EVENT SHALL
     27            TEXAS INSTRUMENTS OR ITS LICENSORS BE LIABLE OR OBLIGATED UNDER CONTRACT,
     28            NEGLIGENCE, STRICT LIABILITY, CONTRIBUTION, BREACH OF WARRANTY, OR OTHER
     29            LEGAL EQUITABLE THEORY ANY DIRECT OR INDIRECT DAMAGES OR EXPENSES
     30            INCLUDING BUT NOT LIMITED TO ANY INCIDENTAL, SPECIAL, INDIRECT, PUNITIVE
     31            OR CONSEQUENTIAL DAMAGES, LOST PROFITS OR LOST DATA, COST OF PROCUREMENT
     32            OF SUBSTITUTE GOODS, TECHNOLOGY, SERVICES, OR ANY CLAIMS BY THIRD PARTIES
     33            (INCLUDING BUT NOT LIMITED TO ANY DEFENSE THEREOF), OR OTHER SIMILAR COSTS.
     34          
     35            Should you have any questions regarding your right to use this Software,
     36            contact Texas Instruments Incorporated at www.TI.com.
     37          
     38          ******************************************************************************/
     39          
     40          /******************************************************************************
     41           * INCLUDES
     42           *****************************************************************************/
     43          #include "ZComDef.h"
     44          #include "MT_VERSION.h"
     45          
     46          /******************************************************************************
     47           * CONSTANTS
     48           *****************************************************************************/

   \                                 In  segment XDATA_ROM_C, align 1
     49          const uint8 MTVersionString[5] = {
   \                     MTVersionString:
   \   000000   02           DB 2
   \   000001   00           DB 0
   \   000002   02           DB 2
   \   000003   05           DB 5
   \   000004   00           DB 0
     50                                             2,  /* Transport protocol revision */
     51                                             0,  /* Product ID */
     52                                             2,  /* Software major release number */
     53                                             5,  /* Software minor release number */
     54                                             0   /* Software maintenance release number */
     55                                           };
     56          
     57          /******************************************************************************
     58           */


   Segment part sizes:

   Bytes  Function/Label
   -----  --------------
       5  MTVersionString

 
 5 bytes in segment XDATA_ROM_C
 
 5 bytes of CONST memory

Errors: none
Warnings: none
