###############################################################################
#
# IAR C/C++ Compiler V10.30.1.6000 for 8051               23/Aug/2019  12:13:01
# Copyright 2004-2018 IAR Systems AB.
# PC-locked license - IAR Embedded Workbench for 8051
#
#    Core               =  plain
#    Code model         =  banked
#    Data model         =  large
#    Calling convention =  xdata reentrant
#    Constant location  =  data_rom
#    Dptr setup         =  1,16
#                          
#    Source file        =  
#        E:\qqобтьнд╪Ч\ZStack-CC2530-r200\ZStack-CC2530-r200\Components\hal\common\hal_assert.c
#    Command line       =  
#        -f C:\Users\VULCAN\AppData\Local\Temp\EWC29E.tmp
#        (E:\qqобтьнд╪Ч\ZStack-CC2530-r200\ZStack-CC2530-r200\Components\hal\common\hal_assert.c
#        -D ZIGBEEPRO -D ZTOOL_P1 -D MT_TASK -D MT_SYS_FUNC -D MT_ZDO_FUNC -D
#        LCD_SUPPORTED=DEBUG -D SAPP_ZSTACK -lC
#        E:\qqобтьнд╪Ч\ZStack-CC2530-r200\ZStack-CC2530-r200\Projects\SappWsn\RouterEB\List
#        -lA
#        E:\qqобтьнд╪Ч\ZStack-CC2530-r200\ZStack-CC2530-r200\Projects\SappWsn\RouterEB\List
#        --diag_suppress Pe001,Pa010 -o
#        E:\qqобтьнд╪Ч\ZStack-CC2530-r200\ZStack-CC2530-r200\Projects\SappWsn\RouterEB\Obj
#        -e --debug --core=plain --dptr=16,1 --data_model=large
#        --code_model=banked --calling_convention=xdata_reentrant
#        --place_constants=data_rom --nr_virtual_regs 8 -f
#        E:\qqобтьнд╪Ч\ZStack-CC2530-r200\ZStack-CC2530-r200\Projects\SappWsn\..\zstack\Tools\CC2530DB\f8wRouter.cfg
#        (-DCPU32MHZ -DROOT=__near_func -DMAC_CFG_APP_PENDING_QUEUE=TRUE
#        -DMAC_CFG_TX_DATA_MAX=5 -DMAC_CFG_TX_MAX=8 -DMAC_CFG_RX_MAX=5
#        -DRTR_NWK) -f
#        E:\qqобтьнд╪Ч\ZStack-CC2530-r200\ZStack-CC2530-r200\Projects\SappWsn\..\zstack\Tools\CC2530DB\f8wConfig.cfg
#        (-DZIGBEEPRO -DSECURE=0 -DZG_SECURE_DYNAMIC=0 -DREFLECTOR
#        -DDEFAULT_CHANLIST=0x00800000 -DZDAPP_CONFIG_PAN_ID=0x0057
#        -DNWK_START_DELAY=100 -DEXTENDED_JOINING_RANDOM_MASK=0x007F
#        -DBEACON_REQUEST_DELAY=100 -DBEACON_REQ_DELAY_MASK=0x00FF
#        -DLINK_STATUS_JITTER_MASK=0x007F -DROUTE_EXPIRY_TIME=30
#        -DAPSC_ACK_WAIT_DURATION_POLLED=3000 -DNWK_INDIRECT_MSG_TIMEOUT=7
#        -DMAX_RREQ_ENTRIES=8 -DAPSC_MAX_FRAME_RETRIES=3
#        -DNWK_MAX_DATA_RETRIES=2 -DMAX_POLL_FAILURE_RETRIES=2 -DMAX_BCAST=9
#        -DAPS_MAX_GROUPS=16 -DMAX_RTG_ENTRIES=40 -DNWK_MAX_BINDING_ENTRIES=4
#        -DMAX_BINDING_CLUSTER_IDS=4 "-DDEFAULT_KEY={0x01, 0x03, 0x05, 0x07,
#        0x09, 0x0B, 0x0D, 0x0F, 0x00, 0x02, 0x04, 0x06, 0x08, 0x0A, 0x0C,
#        0x0D}" -DMAC_MAX_FRAME_SIZE=116 -DZDNWKMGR_MIN_TRANSMISSIONS=20
#        "-DCONST=const __code" -DGENERIC=__generic -DRFD_RCVC_ALWAYS_ON=FALSE
#        -DPOLL_RATE=1000 -DQUEUED_POLL_RATE=100 -DRESPONSE_POLL_RATE=100
#        -DREJOIN_POLL_RATE=440) -I
#        E:\qqобтьнд╪Ч\ZStack-CC2530-r200\ZStack-CC2530-r200\Projects\SappWsn\
#        -I
#        E:\qqобтьнд╪Ч\ZStack-CC2530-r200\ZStack-CC2530-r200\Projects\SappWsn\Source\
#        -I
#        E:\qqобтьнд╪Ч\ZStack-CC2530-r200\ZStack-CC2530-r200\Projects\SappWsn\..\zstack\ZMain\TI2530DB\
#        -I
#        E:\qqобтьнд╪Ч\ZStack-CC2530-r200\ZStack-CC2530-r200\Projects\SappWsn\..\..\Components\hal\include\
#        -I
#        E:\qqобтьнд╪Ч\ZStack-CC2530-r200\ZStack-CC2530-r200\Projects\SappWsn\..\..\Components\hal\target\CC2530EB\
#        -I
#        E:\qqобтьнд╪Ч\ZStack-CC2530-r200\ZStack-CC2530-r200\Projects\SappWsn\..\..\Components\mac\include\
#        -I
#        E:\qqобтьнд╪Ч\ZStack-CC2530-r200\ZStack-CC2530-r200\Projects\SappWsn\..\..\Components\mac\high_level\
#        -I
#        E:\qqобтьнд╪Ч\ZStack-CC2530-r200\ZStack-CC2530-r200\Projects\SappWsn\..\..\Components\mac\low_level\srf04\
#        -I
#        E:\qqобтьнд╪Ч\ZStack-CC2530-r200\ZStack-CC2530-r200\Projects\SappWsn\..\..\Components\mac\low_level\srf04\single_chip\
#        -I
#        E:\qqобтьнд╪Ч\ZStack-CC2530-r200\ZStack-CC2530-r200\Projects\SappWsn\..\..\Components\mt\
#        -I
#        E:\qqобтьнд╪Ч\ZStack-CC2530-r200\ZStack-CC2530-r200\Projects\SappWsn\..\..\Components\osal\include\
#        -I
#        E:\qqобтьнд╪Ч\ZStack-CC2530-r200\ZStack-CC2530-r200\Projects\SappWsn\..\..\Components\services\saddr\
#        -I
#        E:\qqобтьнд╪Ч\ZStack-CC2530-r200\ZStack-CC2530-r200\Projects\SappWsn\..\..\Components\services\sdata\
#        -I
#        E:\qqобтьнд╪Ч\ZStack-CC2530-r200\ZStack-CC2530-r200\Projects\SappWsn\..\..\Components\stack\af\
#        -I
#        E:\qqобтьнд╪Ч\ZStack-CC2530-r200\ZStack-CC2530-r200\Projects\SappWsn\..\..\Components\stack\nwk\
#        -I
#        E:\qqобтьнд╪Ч\ZStack-CC2530-r200\ZStack-CC2530-r200\Projects\SappWsn\..\..\Components\stack\sapi\
#        -I
#        E:\qqобтьнд╪Ч\ZStack-CC2530-r200\ZStack-CC2530-r200\Projects\SappWsn\..\..\Components\stack\sec\
#        -I
#        E:\qqобтьнд╪Ч\ZStack-CC2530-r200\ZStack-CC2530-r200\Projects\SappWsn\..\..\Components\stack\sys\
#        -I
#        E:\qqобтьнд╪Ч\ZStack-CC2530-r200\ZStack-CC2530-r200\Projects\SappWsn\..\..\Components\stack\zdo\
#        -I
#        E:\qqобтьнд╪Ч\ZStack-CC2530-r200\ZStack-CC2530-r200\Projects\SappWsn\..\..\Components\zmac\
#        -I
#        E:\qqобтьнд╪Ч\ZStack-CC2530-r200\ZStack-CC2530-r200\Projects\SappWsn\..\..\Components\zmac\f8w\
#        -Ohz --require_prototypes --no_code_motion)
#    Locale             =  Chinese (Simplified)_CHN.936
#    List file          =  
#        E:\qqобтьнд╪Ч\ZStack-CC2530-r200\ZStack-CC2530-r200\Projects\SappWsn\RouterEB\List\hal_assert.lst
#    Object file        =  
#        E:\qqобтьнд╪Ч\ZStack-CC2530-r200\ZStack-CC2530-r200\Projects\SappWsn\RouterEB\Obj\hal_assert.r51
#
###############################################################################

E:\qqобтьнд╪Ч\ZStack-CC2530-r200\ZStack-CC2530-r200\Components\hal\common\hal_assert.c
      1          /**************************************************************************************************
      2            Filename:       hal_assert.c
      3            Revised:        $Date: 2010-11-22 08:13:43 -0800 (Mon, 22 Nov 2010) $
      4            Revision:       $Revision: 24480 $
      5          
      6            Description:    Describe the purpose and contents of the file.
      7          
      8          
      9            Copyright 2006-2010 Texas Instruments Incorporated. All rights reserved.
     10          
     11            IMPORTANT: Your use of this Software is limited to those specific rights
     12            granted under the terms of a software license agreement between the user
     13            who downloaded the software, his/her employer (which must be your employer)
     14            and Texas Instruments Incorporated (the "License").  You may not use this
     15            Software unless you agree to abide by the terms of the License. The License
     16            limits your use, and you acknowledge, that the Software may not be modified,
     17            copied or distributed unless embedded on a Texas Instruments microcontroller
     18            or used solely and exclusively in conjunction with a Texas Instruments radio
     19            frequency transceiver, which is integrated into your product.  Other than for
     20            the foregoing purpose, you may not use, reproduce, copy, prepare derivative
     21            works of, modify, distribute, perform, display or sell this Software and/or
     22            its documentation for any purpose.
     23          
     24            YOU FURTHER ACKNOWLEDGE AND AGREE THAT THE SOFTWARE AND DOCUMENTATION ARE
     25            PROVIDED ⌠AS IS■ WITHOUT WARRANTY OF ANY KIND, EITHER EXPRESS OR IMPLIED,
     26            INCLUDING WITHOUT LIMITATION, ANY WARRANTY OF MERCHANTABILITY, TITLE,
     27            NON-INFRINGEMENT AND FITNESS FOR A PARTICULAR PURPOSE. IN NO EVENT SHALL
     28            TEXAS INSTRUMENTS OR ITS LICENSORS BE LIABLE OR OBLIGATED UNDER CONTRACT,
     29            NEGLIGENCE, STRICT LIABILITY, CONTRIBUTION, BREACH OF WARRANTY, OR OTHER
     30            LEGAL EQUITABLE THEORY ANY DIRECT OR INDIRECT DAMAGES OR EXPENSES
     31            INCLUDING BUT NOT LIMITED TO ANY INCIDENTAL, SPECIAL, INDIRECT, PUNITIVE
     32            OR CONSEQUENTIAL DAMAGES, LOST PROFITS OR LOST DATA, COST OF PROCUREMENT
     33            OF SUBSTITUTE GOODS, TECHNOLOGY, SERVICES, OR ANY CLAIMS BY THIRD PARTIES
     34            (INCLUDING BUT NOT LIMITED TO ANY DEFENSE THEREOF), OR OTHER SIMILAR COSTS.
     35          
     36            Should you have any questions regarding your right to use this Software,
     37            contact Texas Instruments Incorporated at www.TI.com.
     38          **************************************************************************************************/
     39          
     40          
     41          /* ------------------------------------------------------------------------------------------------
     42           *                                          Includes
     43           * ------------------------------------------------------------------------------------------------
     44           */
     45          #include "hal_assert.h"
     46          #include "hal_types.h"
     47          #include "hal_board.h"

   \                                 In  segment SFR_AN, at 0x80
   \   union <unnamed> volatile __sfr _A_P0
   \                     _A_P0:
   \   000000                DS 1

   \                                 In  segment SFR_AN, at 0x8f
   \   unsigned char volatile __sfr P0INP
   \                     P0INP:
   \   000000                DS 1

   \                                 In  segment SFR_AN, at 0x90
   \   union <unnamed> volatile __sfr _A_P1
   \                     _A_P1:
   \   000000                DS 1

   \                                 In  segment SFR_AN, at 0x9d
   \   unsigned char volatile __sfr SLEEPSTA
   \                     SLEEPSTA:
   \   000000                DS 1

   \                                 In  segment SFR_AN, at 0x9e
   \   unsigned char volatile __sfr CLKCONSTA
   \                     CLKCONSTA:
   \   000000                DS 1

   \                                 In  segment SFR_AN, at 0xa0
   \   union <unnamed> volatile __sfr _A_P2
   \                     _A_P2:
   \   000000                DS 1

   \                                 In  segment SFR_AN, at 0xa8
   \   union <unnamed> volatile __sfr _A_IEN0
   \                     _A_IEN0:
   \   000000                DS 1

   \                                 In  segment SFR_AN, at 0xbe
   \   unsigned char volatile __sfr SLEEPCMD
   \                     SLEEPCMD:
   \   000000                DS 1

   \                                 In  segment SFR_AN, at 0xc6
   \   unsigned char volatile __sfr CLKCONCMD
   \                     CLKCONCMD:
   \   000000                DS 1

   \                                 In  segment SFR_AN, at 0xfe
   \   unsigned char volatile __sfr P1DIR
   \                     P1DIR:
   \   000000                DS 1

   \                                 In  segment SFR_AN, at 0xff
   \   unsigned char volatile __sfr P2DIR
   \                     P2DIR:
   \   000000                DS 1
     48          #include "hal_defs.h"
     49          #include "hal_mcu.h"
     50          
     51          #if (defined HAL_MCU_AVR) || (defined HAL_MCU_CC2430) || (defined HAL_MCU_CC2530) || \
     52              (defined HAL_MCU_CC2533) || (defined HAL_MCU_MSP430)
     53            /* for access to debug data */
     54          #include "mac_rx.h"
     55          #include "mac_tx.h"
     56          #endif
     57          
     58          /* ------------------------------------------------------------------------------------------------
     59           *                                       Local Prototypes
     60           * ------------------------------------------------------------------------------------------------
     61           */
     62          void halAssertHazardLights(void);
     63          
     64          
     65          /**************************************************************************************************
     66           * @fn          halAssertHandler
     67           *
     68           * @brief       Logic to handle an assert.
     69           *
     70           * @param       none
     71           *
     72           * @return      none
     73           **************************************************************************************************
     74           */

   \                                 In  segment BANKED_CODE, align 1, keep-with-next
     75          void halAssertHandler(void)
   \                     halAssertHandler:
     76          {
   \   000000   C082         PUSH      DPL
   \   000002   C083         PUSH      DPH
   \   000004                ; Saved register size: 2
   \   000004                ; Auto size: 0
     77            /* execute code that handles asserts */
     78          #ifdef ASSERT_RESET
     79            HAL_SYSTEM_RESET();
     80          #elif !defined ASSERT_WHILE
     81            halAssertHazardLights();
   \   000004                ; Setup parameters for call to function halAssertHazardLights
   \   000004   12....       LCALL     `??halAssertHazardLights::?relay`; Banked call to: halAssertHazardLights
     82          #else
     83            while(1);
     84          #endif
     85          }
   \   000007   D083         POP       DPH
   \   000009   D082         POP       DPL
   \   00000B   02....       LJMP      ?BRET
     86          
     87          #if !defined ASSERT_WHILE
     88          /**************************************************************************************************
     89           * @fn          halAssertHazardLights
     90           *
     91           * @brief       Blink LEDs to indicate an error.
     92           *
     93           * @param       none
     94           *
     95           * @return      none
     96           **************************************************************************************************
     97           */

   \                                 In  segment BANKED_CODE, align 1, keep-with-next
     98          void halAssertHazardLights(void)
   \                     halAssertHazardLights:
     99          {
   \   000000                REQUIRE ?V0
   \   000000                REQUIRE ?V1
   \   000000                REQUIRE ?V2
   \   000000                REQUIRE ?V3
   \   000000   74F4         MOV       A,#-0xc
   \   000002   12....       LCALL     ?BANKED_ENTER_XDATA
   \   000005                ; Saved register size: 12
   \   000005                ; Auto size: 10
   \   000005   74F6         MOV       A,#-0xa
   \   000007   12....       LCALL     ?ALLOC_XSTACK8
    100            enum
    101            {
    102              DEBUG_DATA_RSTACK_HIGH_OFS,
    103              DEBUG_DATA_RSTACK_LOW_OFS,
    104              DEBUG_DATA_TX_ACTIVE_OFS,
    105              DEBUG_DATA_RX_ACTIVE_OFS,
    106          
    107          #if (defined HAL_MCU_AVR) || (defined HAL_MCU_CC2430)
    108              DEBUG_DATA_INT_MASK_OFS,
    109          #elif (defined HAL_MCU_CC2530) || (defined HAL_MCU_CC2533)
    110              DEBUG_DATA_INT_MASK0_OFS,
    111              DEBUG_DATA_INT_MASK1_OFS,
    112          #endif
    113          
    114              DEBUG_DATA_SIZE
    115            };
    116          
    117            uint8 buttonHeld;
    118            uint8 debugData[DEBUG_DATA_SIZE];
    119          
    120            /* disable all interrupts before anything else */
    121            HAL_DISABLE_INTERRUPTS();
   \   00000A   C2AF         CLR       0xa8.7
    122          
    123            /*-------------------------------------------------------------------------------
    124             *  Initialize LEDs and turn them off.
    125             */
    126            HAL_BOARD_INIT();
   \   00000C   53BEFB       ANL       0xbe,#0xfb
   \                     ??halAssertHazardLights_0:
   \   00000F   E59D         MOV       A,0x9d
   \   000011   A2E6         MOV       C,0xE0 /* A   */.6
   \   000013   50FA         JNC       ??halAssertHazardLights_0
   \   000015   00           NOP
   \   000016   78F8         MOV       R0,#-0x8
   \   000018   7901         MOV       R1,#0x1
   \                     ??halAssertHazardLights_1:
   \   00001A   00           NOP
   \   00001B   E8           MOV       A,R0
   \   00001C   24FF         ADD       A,#-0x1
   \   00001E   18           DEC       R0
   \   00001F   E9           MOV       A,R1
   \   000020   34FF         ADDC      A,#-0x1
   \   000022   F9           MOV       R1,A
   \   000023   E8           MOV       A,R0
   \   000024   49           ORL       A,R1
   \   000025   70F3         JNZ       ??halAssertHazardLights_1
   \   000027   75C600       MOV       0xc6,#0x0
   \                     ??halAssertHazardLights_2:
   \   00002A   E59E         MOV       A,0x9e
   \   00002C   70FC         JNZ       ??halAssertHazardLights_2
   \   00002E   43BE04       ORL       0xbe,#0x4
   \   000031   906270       MOV       DPTR,#0x6270
   \   000034   7408         MOV       A,#0x8
   \   000036   F0           MOVX      @DPTR,A
   \   000037   D2A0         SETB      0xa0.0
   \   000039   43FF01       ORL       0xff,#0x1
   \   00003C   D291         SETB      0x90.1
   \   00003E   43FE02       ORL       0xfe,#0x2
   \   000041   C294         CLR       0x90.4
   \   000043   43FE10       ORL       0xfe,#0x10
   \   000046   438F01       ORL       0x8f,#0x1
    127          
    128            HAL_TURN_OFF_LED1();
   \   000049   D2A0         SETB      0xa0.0
    129            HAL_TURN_OFF_LED2();
   \   00004B   D291         SETB      0x90.1
    130            HAL_TURN_OFF_LED3();
   \   00004D   C294         CLR       0x90.4
    131            HAL_TURN_OFF_LED4();
   \   00004F   8017         SJMP      ??halAssertHazardLights_3
    132          
    133            /*-------------------------------------------------------------------------------
    134             *  Master infinite loop.
    135             */
    136            for (;;)
    137            {
    138              buttonHeld = 0;
    139          
    140              /*-------------------------------------------------------------------------------
    141               *  "Hazard lights" loop.  A held keypress will exit this loop.
    142               */
    143              do
    144              {
    145                HAL_LED_BLINK_DELAY();
    146          
    147                /* toggle LEDS, the #ifdefs are in case HAL has logically remapped non-existent LEDs */
    148          #if (HAL_NUM_LEDS >= 1)
    149                HAL_TOGGLE_LED1();
    150          #if (HAL_NUM_LEDS >= 2)
    151                HAL_TOGGLE_LED2();
    152          #if (HAL_NUM_LEDS >= 3)
    153                HAL_TOGGLE_LED3();
    154          #if (HAL_NUM_LEDS >= 4)
    155                HAL_TOGGLE_LED4();
    156          #endif
    157          #endif
    158          #endif
    159          #endif
    160          
    161                /* escape hatch to continue execution, set escape to '1' to continue execution */
    162                {
    163                  static uint8 escape = 0;
    164                  if (escape)
    165                  {
    166                    escape = 0;
    167                    return;
    168                  }
    169                }
    170          
    171                /* break out of loop if button is held long enough */
    172                if (HAL_PUSH_BUTTON1())
    173                {
    174                  buttonHeld++;
    175                }
    176                else
    177                {
    178                  buttonHeld = 0;
    179                }
    180              }
    181              while (buttonHeld != 10);  /* loop until button is held specified number of loops */
    182          
    183              /*-------------------------------------------------------------------------------
    184               *  Just exited from "hazard lights" loop.
    185               */
    186          
    187              /* turn off all LEDs */
    188              HAL_TURN_OFF_LED1();
    189              HAL_TURN_OFF_LED2();
    190              HAL_TURN_OFF_LED3();
    191              HAL_TURN_OFF_LED4();
    192          
    193              /* wait for button release */
    194              HAL_DEBOUNCE(!HAL_PUSH_BUTTON1());
    195          
    196              /*-------------------------------------------------------------------------------
    197               *  Load debug data into memory.
    198               */
    199          #ifdef HAL_MCU_AVR
    200              {
    201                uint8 * pStack;
    202                pStack = (uint8 *) SP;
    203                pStack++; /* point to return address on stack */
    204                debugData[DEBUG_DATA_RSTACK_HIGH_OFS] = *pStack;
    205                pStack++;
    206                debugData[DEBUG_DATA_RSTACK_LOW_OFS] = *pStack;
    207              }
    208              debugData[DEBUG_DATA_INT_MASK_OFS] = EIMSK;
    209          #endif
    210          
    211          #if (defined HAL_MCU_CC2430)
    212              debugData[DEBUG_DATA_INT_MASK_OFS] = RFIM;
    213          #elif (defined HAL_MCU_CC2530) || (defined HAL_MCU_CC2533)
    214              debugData[DEBUG_DATA_INT_MASK0_OFS] = RFIRQM0;
    215              debugData[DEBUG_DATA_INT_MASK1_OFS] = RFIRQM1;
    216          #endif
    217          
    218          
    219          #if (defined HAL_MCU_AVR) || (defined HAL_MCU_CC2430) || (defined HAL_MCU_CC2530) || \
    220              (defined HAL_MCU_CC2533) || (defined HAL_MCU_MSP430)
    221              debugData[DEBUG_DATA_TX_ACTIVE_OFS] = macTxActive;
    222              debugData[DEBUG_DATA_RX_ACTIVE_OFS] = macRxActive;
    223          #endif
    224          
    225             /* initialize for data dump loop */
    226              {
    227                uint8 iBit;
    228                uint8 iByte;
    229          
    230                iBit  = 0;
    231                iByte = 0;
    232          
    233                /*-------------------------------------------------------------------------------
    234                 *  Data dump loop.  A button press cycles data bits to an LED.
    235                 */
    236                while (iByte < DEBUG_DATA_SIZE)
    237                {
    238                  /* wait for key press */
    239                  while(!HAL_PUSH_BUTTON1());
    240          
    241                  /* turn on all LEDs for first bit of byte, turn on three LEDs if not first bit */
    242                  HAL_TURN_ON_LED1();
    243                  HAL_TURN_ON_LED2();
    244                  HAL_TURN_ON_LED3();
    245                  if (iBit == 0)
    246                  {
    247                    HAL_TURN_ON_LED4();
    248                  }
    249                  else
    250                  {
    251                    HAL_TURN_OFF_LED4();
    252                  }
    253          
    254                  /* wait for debounced key release */
    255                  HAL_DEBOUNCE(!HAL_PUSH_BUTTON1());
    256          
    257                  /* turn off all LEDs */
    258                  HAL_TURN_OFF_LED1();
    259                  HAL_TURN_OFF_LED2();
    260                  HAL_TURN_OFF_LED3();
    261                  HAL_TURN_OFF_LED4();
    262          
    263                  /* output value of data bit to LED1 */
    264                  if (debugData[iByte] & (1 << (7 - iBit)))
    265                  {
    266                    HAL_TURN_ON_LED1();
    267                  }
    268                  else
    269                  {
    270                    HAL_TURN_OFF_LED1();
   \                     ??halAssertHazardLights_4:
   \   000051   D2A0         SETB      0xa0.0
    271                  }
    272          
    273                  /* advance to next bit */
    274                  iBit++;
   \                     ??halAssertHazardLights_5:
   \   000053   09           INC       R1
    275                  if (iBit == 8)
   \   000054   7408         MOV       A,#0x8
   \   000056   69           XRL       A,R1
   \   000057   6003         JZ        $+5
   \   000059   02....       LJMP      ??halAssertHazardLights_6 & 0xFFFF
    276                  {
    277                    iBit = 0;
   \   00005C   7900         MOV       R1,#0x0
    278                    iByte++;
   \   00005E   0C           INC       R4
    279                  }
   \   00005F   EC           MOV       A,R4
   \   000060   C3           CLR       C
   \   000061   9406         SUBB      A,#0x6
   \   000063   5003         JNC       $+5
   \   000065   02....       LJMP      ??halAssertHazardLights_6 & 0xFFFF
    280                }
    281              }
    282          
    283              /*
    284               *  About to enter "hazard lights" loop again.  Turn off LED1 in case the last bit
    285               *  displayed happened to be one.  This guarantees all LEDs are off at the start of
    286               *  the flashing loop which uses a toggle operation to change LED states.
    287               */
    288              HAL_TURN_OFF_LED1();
   \                     ??halAssertHazardLights_3:
   \   000068   D2A0         SETB      0xa0.0
   \                     ??halAssertHazardLights_7:
   \   00006A   7900         MOV       R1,#0x0
   \                     ??halAssertHazardLights_8:
   \   00006C   7406         MOV       A,#0x6
   \   00006E   12....       LCALL     ?XSTACK_DISP0_8
   \   000071   E4           CLR       A
   \   000072   F0           MOVX      @DPTR,A
   \   000073   A3           INC       DPTR
   \   000074   F0           MOVX      @DPTR,A
   \   000075   A3           INC       DPTR
   \   000076   F0           MOVX      @DPTR,A
   \   000077   A3           INC       DPTR
   \   000078   F0           MOVX      @DPTR,A
   \   000079   8012         SJMP      ??halAssertHazardLights_9
   \                     ??halAssertHazardLights_10:
   \   00007B   90....       MOV       DPTR,#__Constant_1
   \   00007E   78..         MOV       R0,#?V0
   \   000080   12....       LCALL     ?L_MOV_X
   \   000083   7406         MOV       A,#0x6
   \   000085   12....       LCALL     ?XSTACK_DISP0_8
   \   000088   78..         MOV       R0,#?V0
   \   00008A   12....       LCALL     ?L_ADD_TO_X
   \                     ??halAssertHazardLights_9:
   \   00008D   90....       MOV       DPTR,#__Constant_5800
   \   000090   78..         MOV       R0,#?V0
   \   000092   12....       LCALL     ?L_MOV_X
   \   000095   7406         MOV       A,#0x6
   \   000097   12....       LCALL     ?XSTACK_DISP0_8
   \   00009A   78..         MOV       R0,#?V0
   \   00009C   12....       LCALL     ?UL_GT_X
   \   00009F   40DA         JC        ??halAssertHazardLights_10
   \   0000A1   A2A0         MOV       C,0xa0.0
   \   0000A3   5004         JNC       ??halAssertHazardLights_11
   \   0000A5   C2A0         CLR       0xa0.0
   \   0000A7   8002         SJMP      ??halAssertHazardLights_12
   \                     ??halAssertHazardLights_11:
   \   0000A9   D2A0         SETB      0xa0.0
   \                     ??halAssertHazardLights_12:
   \   0000AB   A291         MOV       C,0x90.1
   \   0000AD   5004         JNC       ??halAssertHazardLights_13
   \   0000AF   C291         CLR       0x90.1
   \   0000B1   8002         SJMP      ??halAssertHazardLights_14
   \                     ??halAssertHazardLights_13:
   \   0000B3   D291         SETB      0x90.1
   \                     ??halAssertHazardLights_14:
   \   0000B5   A294         MOV       C,0x90.4
   \   0000B7   5004         JNC       ??halAssertHazardLights_15
   \   0000B9   C294         CLR       0x90.4
   \   0000BB   8002         SJMP      ??halAssertHazardLights_16
   \                     ??halAssertHazardLights_15:
   \   0000BD   D294         SETB      0x90.4
   \                     ??halAssertHazardLights_16:
   \   0000BF   90....       MOV       DPTR,#??escape
   \   0000C2   E0           MOVX      A,@DPTR
   \   0000C3   600C         JZ        ??halAssertHazardLights_17
   \   0000C5   E4           CLR       A
   \   0000C6   F0           MOVX      @DPTR,A
   \   0000C7   740A         MOV       A,#0xa
   \   0000C9   12....       LCALL     ?DEALLOC_XSTACK8
   \   0000CC   7F04         MOV       R7,#0x4
   \   0000CE   02....       LJMP      ?BANKED_LEAVE_XDATA
   \                     ??halAssertHazardLights_17:
   \   0000D1   A281         MOV       C,0x80.1
   \   0000D3   5095         JNC       ??halAssertHazardLights_7
   \   0000D5   09           INC       R1
   \   0000D6   740A         MOV       A,#0xa
   \   0000D8   69           XRL       A,R1
   \   0000D9   7091         JNZ       ??halAssertHazardLights_8
   \   0000DB   D2A0         SETB      0xa0.0
   \   0000DD   D291         SETB      0x90.1
   \   0000DF   C294         CLR       0x90.4
   \   0000E1   D2A0         SETB      0xa0.0
   \   0000E3   7800         MOV       R0,#0x0
   \   0000E5   7900         MOV       R1,#0x0
   \                     ??halAssertHazardLights_18:
   \   0000E7   A281         MOV       C,0x80.1
   \   0000E9   5004         JNC       ??halAssertHazardLights_19
   \   0000EB   7800         MOV       R0,#0x0
   \   0000ED   7900         MOV       R1,#0x0
   \                     ??halAssertHazardLights_19:
   \   0000EF   08           INC       R0
   \   0000F0   E8           MOV       A,R0
   \   0000F1   7001         JNZ       ??halAssertHazardLights_20
   \   0000F3   09           INC       R1
   \                     ??halAssertHazardLights_20:
   \   0000F4   C3           CLR       C
   \   0000F5   94F4         SUBB      A,#-0xc
   \   0000F7   E9           MOV       A,R1
   \   0000F8   9401         SUBB      A,#0x1
   \   0000FA   A2D2         MOV       C,0xD0 /* PSW */.2
   \   0000FC   65D0         XRL       A,PSW
   \   0000FE   33           RLC       A
   \   0000FF   40E6         JC        ??halAssertHazardLights_18
   \   000101   9061A3       MOV       DPTR,#0x61a3
   \   000104   E0           MOVX      A,@DPTR
   \   000105   C0E0         PUSH      A
   \   000107   7404         MOV       A,#0x4
   \   000109   12....       LCALL     ?XSTACK_DISP0_8
   \   00010C   D0E0         POP       A
   \   00010E   F0           MOVX      @DPTR,A
   \   00010F   9061A4       MOV       DPTR,#0x61a4
   \   000112   E0           MOVX      A,@DPTR
   \   000113   C0E0         PUSH      A
   \   000115   7405         MOV       A,#0x5
   \   000117   12....       LCALL     ?XSTACK_DISP0_8
   \   00011A   D0E0         POP       A
   \   00011C   F0           MOVX      @DPTR,A
   \   00011D   90....       MOV       DPTR,#macTxActive
   \   000120   E0           MOVX      A,@DPTR
   \   000121   C0E0         PUSH      A
   \   000123   7402         MOV       A,#0x2
   \   000125   12....       LCALL     ?XSTACK_DISP0_8
   \   000128   D0E0         POP       A
   \   00012A   F0           MOVX      @DPTR,A
   \   00012B   90....       MOV       DPTR,#macRxActive
   \   00012E   E0           MOVX      A,@DPTR
   \   00012F   C0E0         PUSH      A
   \   000131   7403         MOV       A,#0x3
   \   000133   12....       LCALL     ?XSTACK_DISP0_8
   \   000136   D0E0         POP       A
   \   000138   F0           MOVX      @DPTR,A
   \   000139   7900         MOV       R1,#0x0
   \   00013B   7C00         MOV       R4,#0x0
   \                     ??halAssertHazardLights_6:
   \   00013D   A281         MOV       C,0x80.1
   \   00013F   50FC         JNC       ??halAssertHazardLights_6
   \   000141   C2A0         CLR       0xa0.0
   \   000143   C291         CLR       0x90.1
   \   000145   D294         SETB      0x90.4
   \   000147   E9           MOV       A,R1
   \   000148   7004         JNZ       ??halAssertHazardLights_21
   \   00014A   C2A0         CLR       0xa0.0
   \   00014C   8002         SJMP      ??halAssertHazardLights_22
   \                     ??halAssertHazardLights_21:
   \   00014E   D2A0         SETB      0xa0.0
   \                     ??halAssertHazardLights_22:
   \   000150   7A00         MOV       R2,#0x0
   \   000152   7B00         MOV       R3,#0x0
   \                     ??halAssertHazardLights_23:
   \   000154   A281         MOV       C,0x80.1
   \   000156   5004         JNC       ??halAssertHazardLights_24
   \   000158   7A00         MOV       R2,#0x0
   \   00015A   7B00         MOV       R3,#0x0
   \                     ??halAssertHazardLights_24:
   \   00015C   0A           INC       R2
   \   00015D   EA           MOV       A,R2
   \   00015E   7001         JNZ       ??halAssertHazardLights_25
   \   000160   0B           INC       R3
   \                     ??halAssertHazardLights_25:
   \   000161   C3           CLR       C
   \   000162   94F4         SUBB      A,#-0xc
   \   000164   EB           MOV       A,R3
   \   000165   9401         SUBB      A,#0x1
   \   000167   A2D2         MOV       C,0xD0 /* PSW */.2
   \   000169   65D0         XRL       A,PSW
   \   00016B   33           RLC       A
   \   00016C   40E6         JC        ??halAssertHazardLights_23
   \   00016E   D2A0         SETB      0xa0.0
   \   000170   D291         SETB      0x90.1
   \   000172   C294         CLR       0x90.4
   \   000174   D2A0         SETB      0xa0.0
   \   000176   75..01       MOV       ?V0,#0x1
   \   000179   75..00       MOV       ?V1,#0x0
   \   00017C   7407         MOV       A,#0x7
   \   00017E   C3           CLR       C
   \   00017F   99           SUBB      A,R1
   \   000180   78..         MOV       R0,#?V0
   \   000182   12....       LCALL     ?S_SHL
   \   000185   EC           MOV       A,R4
   \   000186   FA           MOV       R2,A
   \   000187   85..82       MOV       DPL,?XSP + 0
   \   00018A   85..83       MOV       DPH,?XSP + 1
   \   00018D   E582         MOV       A,DPL
   \   00018F   2A           ADD       A,R2
   \   000190   F582         MOV       DPL,A
   \   000192   E4           CLR       A
   \   000193   3583         ADDC      A,DPH
   \   000195   F583         MOV       DPH,A
   \   000197   E0           MOVX      A,@DPTR
   \   000198   55..         ANL       A,?V0
   \   00019A   7003         JNZ       $+5
   \   00019C   02....       LJMP      ??halAssertHazardLights_4 & 0xFFFF
   \   00019F   C2A0         CLR       0xa0.0
   \   0001A1   02....       LJMP      ??halAssertHazardLights_5 & 0xFFFF
   \   0001A4                REQUIRE _A_IEN0
   \   0001A4                REQUIRE SLEEPCMD
   \   0001A4                REQUIRE SLEEPSTA
   \   0001A4                REQUIRE CLKCONCMD
   \   0001A4                REQUIRE CLKCONSTA
   \   0001A4                REQUIRE _A_P2
   \   0001A4                REQUIRE P2DIR
   \   0001A4                REQUIRE _A_P1
   \   0001A4                REQUIRE P1DIR
   \   0001A4                REQUIRE P0INP
   \   0001A4                REQUIRE _A_P0
    289            }
    290          }

   \                                 In  segment XDATA_Z, align 1, keep-with-next
   \                     ??escape:
   \   000000                DS 1
   \   000001                REQUIRE __INIT_XDATA_Z

   \                                 In  segment XDATA_ROM_C, align 1
   \                     __Constant_1:
   \   000000   01000000     DD 1

   \                                 In  segment XDATA_ROM_C, align 1
   \                     __Constant_5800:
   \   000000   00580000     DD 22528
    291          #endif
    292          
    293          /* ------------------------------------------------------------------------------------------------
    294           *                                    Compile Time Assertions
    295           * ------------------------------------------------------------------------------------------------
    296           */
    297          
    298          /* integrity check of type sizes */
    299          HAL_ASSERT_SIZE(  int8, 1);
    300          HAL_ASSERT_SIZE( uint8, 1);
    301          HAL_ASSERT_SIZE( int16, 2);
    302          HAL_ASSERT_SIZE(uint16, 2);
    303          HAL_ASSERT_SIZE( int32, 4);
    304          HAL_ASSERT_SIZE(uint32, 4);
    305          
    306          
    307          /**************************************************************************************************
    308          */

   Maximum stack usage in bytes:

   ISTACK XSTACK Function
   ------ ------ --------
      2      0   halAssertHandler
        2      0   -> halAssertHazardLights
      1     22   halAssertHazardLights


   Segment part sizes:

   Bytes  Function/Label
   -----  --------------
       1  CLKCONCMD
       1  CLKCONSTA
       1  P0INP
       1  P1DIR
       1  P2DIR
       1  SLEEPCMD
       1  SLEEPSTA
       1  _A_IEN0
       1  _A_P0
       1  _A_P1
       1  _A_P2
       4  __Constant_1
       4  __Constant_5800
       1  escape
      14  halAssertHandler
     420  halAssertHazardLights
      12  -- Other

 
 434 bytes in segment BANKED_CODE
  12 bytes in segment BANK_RELAYS
  11 bytes in segment SFR_AN
   8 bytes in segment XDATA_ROM_C
   1 byte  in segment XDATA_Z
 
  12 bytes of CODE     memory
   0 bytes of CONST    memory (+  8 bytes shared)
   0 bytes of DATA     memory (+ 11 bytes shared)
 434 bytes of HUGECODE memory
   1 byte  of XDATA    memory

Errors: none
Warnings: none
