###############################################################################
#
# IAR C/C++ Compiler V10.30.1.6000 for 8051               23/Aug/2019  12:13:01
# Copyright 2004-2018 IAR Systems AB.
# PC-locked license - IAR Embedded Workbench for 8051
#
#    Core               =  plain
#    Code model         =  banked
#    Data model         =  large
#    Calling convention =  xdata reentrant
#    Constant location  =  data_rom
#    Dptr setup         =  1,16
#                          
#    Source file        =  
#        E:\qqобтьнд╪Ч\ZStack-CC2530-r200\ZStack-CC2530-r200\Components\hal\target\CC2530EB\hal_dma.c
#    Command line       =  
#        -f C:\Users\VULCAN\AppData\Local\Temp\EWC30D.tmp
#        (E:\qqобтьнд╪Ч\ZStack-CC2530-r200\ZStack-CC2530-r200\Components\hal\target\CC2530EB\hal_dma.c
#        -D ZIGBEEPRO -D ZTOOL_P1 -D MT_TASK -D MT_SYS_FUNC -D MT_ZDO_FUNC -D
#        LCD_SUPPORTED=DEBUG -D SAPP_ZSTACK -lC
#        E:\qqобтьнд╪Ч\ZStack-CC2530-r200\ZStack-CC2530-r200\Projects\SappWsn\RouterEB\List
#        -lA
#        E:\qqобтьнд╪Ч\ZStack-CC2530-r200\ZStack-CC2530-r200\Projects\SappWsn\RouterEB\List
#        --diag_suppress Pe001,Pa010 -o
#        E:\qqобтьнд╪Ч\ZStack-CC2530-r200\ZStack-CC2530-r200\Projects\SappWsn\RouterEB\Obj
#        -e --debug --core=plain --dptr=16,1 --data_model=large
#        --code_model=banked --calling_convention=xdata_reentrant
#        --place_constants=data_rom --nr_virtual_regs 8 -f
#        E:\qqобтьнд╪Ч\ZStack-CC2530-r200\ZStack-CC2530-r200\Projects\SappWsn\..\zstack\Tools\CC2530DB\f8wRouter.cfg
#        (-DCPU32MHZ -DROOT=__near_func -DMAC_CFG_APP_PENDING_QUEUE=TRUE
#        -DMAC_CFG_TX_DATA_MAX=5 -DMAC_CFG_TX_MAX=8 -DMAC_CFG_RX_MAX=5
#        -DRTR_NWK) -f
#        E:\qqобтьнд╪Ч\ZStack-CC2530-r200\ZStack-CC2530-r200\Projects\SappWsn\..\zstack\Tools\CC2530DB\f8wConfig.cfg
#        (-DZIGBEEPRO -DSECURE=0 -DZG_SECURE_DYNAMIC=0 -DREFLECTOR
#        -DDEFAULT_CHANLIST=0x00800000 -DZDAPP_CONFIG_PAN_ID=0x0057
#        -DNWK_START_DELAY=100 -DEXTENDED_JOINING_RANDOM_MASK=0x007F
#        -DBEACON_REQUEST_DELAY=100 -DBEACON_REQ_DELAY_MASK=0x00FF
#        -DLINK_STATUS_JITTER_MASK=0x007F -DROUTE_EXPIRY_TIME=30
#        -DAPSC_ACK_WAIT_DURATION_POLLED=3000 -DNWK_INDIRECT_MSG_TIMEOUT=7
#        -DMAX_RREQ_ENTRIES=8 -DAPSC_MAX_FRAME_RETRIES=3
#        -DNWK_MAX_DATA_RETRIES=2 -DMAX_POLL_FAILURE_RETRIES=2 -DMAX_BCAST=9
#        -DAPS_MAX_GROUPS=16 -DMAX_RTG_ENTRIES=40 -DNWK_MAX_BINDING_ENTRIES=4
#        -DMAX_BINDING_CLUSTER_IDS=4 "-DDEFAULT_KEY={0x01, 0x03, 0x05, 0x07,
#        0x09, 0x0B, 0x0D, 0x0F, 0x00, 0x02, 0x04, 0x06, 0x08, 0x0A, 0x0C,
#        0x0D}" -DMAC_MAX_FRAME_SIZE=116 -DZDNWKMGR_MIN_TRANSMISSIONS=20
#        "-DCONST=const __code" -DGENERIC=__generic -DRFD_RCVC_ALWAYS_ON=FALSE
#        -DPOLL_RATE=1000 -DQUEUED_POLL_RATE=100 -DRESPONSE_POLL_RATE=100
#        -DREJOIN_POLL_RATE=440) -I
#        E:\qqобтьнд╪Ч\ZStack-CC2530-r200\ZStack-CC2530-r200\Projects\SappWsn\
#        -I
#        E:\qqобтьнд╪Ч\ZStack-CC2530-r200\ZStack-CC2530-r200\Projects\SappWsn\Source\
#        -I
#        E:\qqобтьнд╪Ч\ZStack-CC2530-r200\ZStack-CC2530-r200\Projects\SappWsn\..\zstack\ZMain\TI2530DB\
#        -I
#        E:\qqобтьнд╪Ч\ZStack-CC2530-r200\ZStack-CC2530-r200\Projects\SappWsn\..\..\Components\hal\include\
#        -I
#        E:\qqобтьнд╪Ч\ZStack-CC2530-r200\ZStack-CC2530-r200\Projects\SappWsn\..\..\Components\hal\target\CC2530EB\
#        -I
#        E:\qqобтьнд╪Ч\ZStack-CC2530-r200\ZStack-CC2530-r200\Projects\SappWsn\..\..\Components\mac\include\
#        -I
#        E:\qqобтьнд╪Ч\ZStack-CC2530-r200\ZStack-CC2530-r200\Projects\SappWsn\..\..\Components\mac\high_level\
#        -I
#        E:\qqобтьнд╪Ч\ZStack-CC2530-r200\ZStack-CC2530-r200\Projects\SappWsn\..\..\Components\mac\low_level\srf04\
#        -I
#        E:\qqобтьнд╪Ч\ZStack-CC2530-r200\ZStack-CC2530-r200\Projects\SappWsn\..\..\Components\mac\low_level\srf04\single_chip\
#        -I
#        E:\qqобтьнд╪Ч\ZStack-CC2530-r200\ZStack-CC2530-r200\Projects\SappWsn\..\..\Components\mt\
#        -I
#        E:\qqобтьнд╪Ч\ZStack-CC2530-r200\ZStack-CC2530-r200\Projects\SappWsn\..\..\Components\osal\include\
#        -I
#        E:\qqобтьнд╪Ч\ZStack-CC2530-r200\ZStack-CC2530-r200\Projects\SappWsn\..\..\Components\services\saddr\
#        -I
#        E:\qqобтьнд╪Ч\ZStack-CC2530-r200\ZStack-CC2530-r200\Projects\SappWsn\..\..\Components\services\sdata\
#        -I
#        E:\qqобтьнд╪Ч\ZStack-CC2530-r200\ZStack-CC2530-r200\Projects\SappWsn\..\..\Components\stack\af\
#        -I
#        E:\qqобтьнд╪Ч\ZStack-CC2530-r200\ZStack-CC2530-r200\Projects\SappWsn\..\..\Components\stack\nwk\
#        -I
#        E:\qqобтьнд╪Ч\ZStack-CC2530-r200\ZStack-CC2530-r200\Projects\SappWsn\..\..\Components\stack\sapi\
#        -I
#        E:\qqобтьнд╪Ч\ZStack-CC2530-r200\ZStack-CC2530-r200\Projects\SappWsn\..\..\Components\stack\sec\
#        -I
#        E:\qqобтьнд╪Ч\ZStack-CC2530-r200\ZStack-CC2530-r200\Projects\SappWsn\..\..\Components\stack\sys\
#        -I
#        E:\qqобтьнд╪Ч\ZStack-CC2530-r200\ZStack-CC2530-r200\Projects\SappWsn\..\..\Components\stack\zdo\
#        -I
#        E:\qqобтьнд╪Ч\ZStack-CC2530-r200\ZStack-CC2530-r200\Projects\SappWsn\..\..\Components\zmac\
#        -I
#        E:\qqобтьнд╪Ч\ZStack-CC2530-r200\ZStack-CC2530-r200\Projects\SappWsn\..\..\Components\zmac\f8w\
#        -Ohz --require_prototypes --no_code_motion)
#    Locale             =  Chinese (Simplified)_CHN.936
#    List file          =  
#        E:\qqобтьнд╪Ч\ZStack-CC2530-r200\ZStack-CC2530-r200\Projects\SappWsn\RouterEB\List\hal_dma.lst
#    Object file        =  
#        E:\qqобтьнд╪Ч\ZStack-CC2530-r200\ZStack-CC2530-r200\Projects\SappWsn\RouterEB\Obj\hal_dma.r51
#
###############################################################################

E:\qqобтьнд╪Ч\ZStack-CC2530-r200\ZStack-CC2530-r200\Components\hal\target\CC2530EB\hal_dma.c
      1          /**************************************************************************************************
      2            Filename:       hal_dma.c
      3            Revised:        $Date: 2010-07-21 16:20:44 -0700 (Wed, 21 Jul 2010) $
      4            Revision:       $Revision: 23090 $
      5          
      6            Description:    This file contains the interface to the DMA.
      7          
      8          
      9            Copyright 2007-2010 Texas Instruments Incorporated. All rights reserved.
     10          
     11            IMPORTANT: Your use of this Software is limited to those specific rights
     12            granted under the terms of a software license agreement between the user
     13            who downloaded the software, his/her employer (which must be your employer)
     14            and Texas Instruments Incorporated (the "License").  You may not use this
     15            Software unless you agree to abide by the terms of the License. The License
     16            limits your use, and you acknowledge, that the Software may not be modified,
     17            copied or distributed unless embedded on a Texas Instruments microcontroller
     18            or used solely and exclusively in conjunction with a Texas Instruments radio
     19            frequency transceiver, which is integrated into your product.  Other than for
     20            the foregoing purpose, you may not use, reproduce, copy, prepare derivative
     21            works of, modify, distribute, perform, display or sell this Software and/or
     22            its documentation for any purpose.
     23          
     24            YOU FURTHER ACKNOWLEDGE AND AGREE THAT THE SOFTWARE AND DOCUMENTATION ARE
     25            PROVIDED ⌠AS IS■ WITHOUT WARRANTY OF ANY KIND, EITHER EXPRESS OR IMPLIED, 
     26            INCLUDING WITHOUT LIMITATION, ANY WARRANTY OF MERCHANTABILITY, TITLE, 
     27            NON-INFRINGEMENT AND FITNESS FOR A PARTICULAR PURPOSE. IN NO EVENT SHALL
     28            TEXAS INSTRUMENTS OR ITS LICENSORS BE LIABLE OR OBLIGATED UNDER CONTRACT,
     29            NEGLIGENCE, STRICT LIABILITY, CONTRIBUTION, BREACH OF WARRANTY, OR OTHER
     30            LEGAL EQUITABLE THEORY ANY DIRECT OR INDIRECT DAMAGES OR EXPENSES
     31            INCLUDING BUT NOT LIMITED TO ANY INCIDENTAL, SPECIAL, INDIRECT, PUNITIVE
     32            OR CONSEQUENTIAL DAMAGES, LOST PROFITS OR LOST DATA, COST OF PROCUREMENT
     33            OF SUBSTITUTE GOODS, TECHNOLOGY, SERVICES, OR ANY CLAIMS BY THIRD PARTIES
     34            (INCLUDING BUT NOT LIMITED TO ANY DEFENSE THEREOF), OR OTHER SIMILAR COSTS.
     35          
     36            Should you have any questions regarding your right to use this Software,
     37            contact Texas Instruments Incorporated at www.TI.com. 
     38          **************************************************************************************************/
     39          
     40          /*********************************************************************
     41           * INCLUDES
     42           */
     43          
     44          #include "hal_types.h"
     45          #include "hal_defs.h"
     46          #include "hal_dma.h"

   \                                 In  segment SFR_AN, at 0xa8
   \   union <unnamed> volatile __sfr _A_IEN0
   \                     _A_IEN0:
   \   000000                DS 1

   \                                 In  segment SFR_AN, at 0xb8
   \   union <unnamed> volatile __sfr _A_IEN1
   \                     _A_IEN1:
   \   000000                DS 1

   \                                 In  segment SFR_AN, at 0xc0
   \   union <unnamed> volatile __sfr _A_IRCON
   \                     _A_IRCON:
   \   000000                DS 1

   \                                 In  segment SFR_AN, at 0xd1
   \   unsigned char volatile __sfr DMAIRQ
   \                     DMAIRQ:
   \   000000                DS 1

   \                                 In  segment SFR_AN, at 0xd2
   \   unsigned char volatile __sfr DMA1CFGL
   \                     DMA1CFGL:
   \   000000                DS 1

   \                                 In  segment SFR_AN, at 0xd3
   \   unsigned char volatile __sfr DMA1CFGH
   \                     DMA1CFGH:
   \   000000                DS 1

   \                                 In  segment SFR_AN, at 0xd4
   \   unsigned char volatile __sfr DMA0CFGL
   \                     DMA0CFGL:
   \   000000                DS 1

   \                                 In  segment SFR_AN, at 0xd5
   \   unsigned char volatile __sfr DMA0CFGH
   \                     DMA0CFGH:
   \   000000                DS 1
     47          #include "hal_mcu.h"
     48          #include "hal_uart.h"
     49          
     50          #if (defined HAL_IRGEN) && (HAL_IRGEN == TRUE)
     51          #include "hal_irgen.h"
     52          #endif
     53          
     54          #if (defined HAL_SPI) && (HAL_SPI == TRUE)
     55          #include "hal_spi.h"
     56          #endif
     57          
     58          
     59          #if ((defined HAL_DMA) && (HAL_DMA == TRUE))
     60          
     61          /*********************************************************************
     62           * MACROS
     63           */
     64          
     65          /*********************************************************************
     66           * CONSTANTS
     67           */
     68          
     69          /*********************************************************************
     70           * TYPEDEFS
     71           */
     72          
     73          /*********************************************************************
     74           * GLOBAL VARIABLES
     75           */
     76          

   \                                 In  segment XDATA_Z, align 1, keep-with-next
     77          halDMADesc_t dmaCh0;
   \                     dmaCh0:
   \   000000                DS 8
   \   000008                REQUIRE __INIT_XDATA_Z

   \                                 In  segment XDATA_Z, align 1, keep-with-next
     78          halDMADesc_t dmaCh1234[4];
   \                     dmaCh1234:
   \   000000                DS 32
   \   000020                REQUIRE __INIT_XDATA_Z
     79          
     80          /*********************************************************************
     81           * GLOBAL FUNCTIONS
     82           */
     83          
     84          /*********************************************************************
     85           * LOCAL VARIABLES
     86           */
     87          
     88          /*********************************************************************
     89           * LOCAL FUNCTIONS
     90           */
     91          
     92          /******************************************************************************
     93           * @fn      HalDMAInit
     94           *
     95           * @brief   DMA Interrupt Service Routine
     96           *
     97           * @param   None
     98           *
     99           * @return  None
    100           *****************************************************************************/

   \                                 In  segment BANKED_CODE, align 1, keep-with-next
    101          void HalDmaInit( void )
   \                     HalDmaInit:
    102          {
   \   000000                ; Saved register size: 0
   \   000000                ; Auto size: 0
    103            HAL_DMA_SET_ADDR_DESC0( &dmaCh0 );
   \   000000   74..         MOV       A,#(dmaCh0 >> 8) & 0xff
   \   000002   F5D5         MOV       0xd5,A
   \   000004   74..         MOV       A,#dmaCh0 & 0xff
   \   000006   F5D4         MOV       0xd4,A
    104            HAL_DMA_SET_ADDR_DESC1234( dmaCh1234 );
   \   000008   74..         MOV       A,#(dmaCh1234 >> 8) & 0xff
   \   00000A   F5D3         MOV       0xd3,A
   \   00000C   74..         MOV       A,#dmaCh1234 & 0xff
   \   00000E   F5D2         MOV       0xd2,A
    105          #if (HAL_UART_DMA || \
    106             ((defined HAL_SPI) && (HAL_SPI == TRUE))  || \
    107             ((defined HAL_IRGEN) && (HAL_IRGEN == TRUE)))
    108            DMAIE = 1;
   \   000010   D2B8         SETB      0xb8.0
    109          #endif
    110          }
   \   000012   02....       LJMP      ?BRET
   \   000015                REQUIRE DMA0CFGH
   \   000015                REQUIRE DMA0CFGL
   \   000015                REQUIRE DMA1CFGH
   \   000015                REQUIRE DMA1CFGL
   \   000015                REQUIRE _A_IEN1
    111          
    112          #if (HAL_UART_DMA || \
    113             ((defined HAL_SPI) && (HAL_SPI == TRUE))  || \
    114             ((defined HAL_IRGEN) && (HAL_IRGEN == TRUE)))
    115          /******************************************************************************
    116           * @fn      HalDMAInit
    117           *
    118           * @brief   DMA Interrupt Service Routine
    119           *
    120           * @param   None
    121           *
    122           * @return  None
    123           *****************************************************************************/

   \                                 In  segment NEAR_CODE, align 1, keep-with-next
    124          HAL_ISR_FUNCTION( halDmaIsr, DMA_VECTOR )
   \                     halDmaIsr:
    125          {
   \   000000   C0E0         PUSH      A
   \   000002   74F2         MOV       A,#-0xe
   \   000004   12....       LCALL     ?INTERRUPT_ENTER_XSP
   \   000007                ; Saved register size: 14
   \   000007                ; Auto size: 0
    126            extern void HalUARTIsrDMA(void);
    127          
    128            HAL_ENTER_ISR();
   \   000007   A2AF         MOV       C,0xa8.7
   \   000009   E4           CLR       A
   \   00000A   33           RLC       A
   \   00000B   FE           MOV       R6,A
   \   00000C   D2AF         SETB      0xa8.7
    129          
    130            DMAIF = 0;
   \   00000E   C2C0         CLR       0xc0.0
    131          
    132          #if HAL_UART_DMA
    133            if (HAL_DMA_CHECK_IRQ(HAL_DMA_CH_TX))
   \   000010   E5D1         MOV       A,0xd1
   \   000012   A2E4         MOV       C,0xE0 /* A   */.4
   \   000014   5003         JNC       ??halDmaIsr_0
    134            {
    135              HalUARTIsrDMA();
   \   000016                ; Setup parameters for call to function HalUARTIsrDMA
   \   000016   12....       LCALL     `??HalUARTIsrDMA::?relay`; Banked call to: HalUARTIsrDMA
    136            }
    137          #endif // HAL_UART_DMA
    138          
    139          #if (defined HAL_SPI) && (HAL_SPI == TRUE)
    140            if ( HAL_DMA_CHECK_IRQ( HAL_DMA_CH_RX ) )
    141            {
    142              HAL_DMA_CLEAR_IRQ( HAL_DMA_CH_RX );
    143              HalSpiRxIsr();
    144            }
    145          
    146            if ( HAL_DMA_CHECK_IRQ( HAL_DMA_CH_TX ) )
    147            {
    148              HAL_DMA_CLEAR_IRQ( HAL_DMA_CH_TX );
    149              HalSpiTxIsr();
    150            }
    151          #endif // (defined HAL_SPI) && (HAL_SPI == TRUE)
    152          
    153          #if (defined HAL_IRGEN) && (HAL_IRGEN == TRUE)
    154            if ( HAL_IRGEN == TRUE && HAL_DMA_CHECK_IRQ( HAL_IRGEN_DMA_CH ) )
    155            {
    156              HAL_DMA_CLEAR_IRQ( HAL_IRGEN_DMA_CH );
    157              HalIrGenDmaIsr();
    158            }
    159          #endif // (defined HAL_IRGEN) && (HAL_IRGEN == TRUE)
    160          
    161            CLEAR_SLEEP_MODE();
    162            HAL_EXIT_ISR();
   \                     ??halDmaIsr_0:
   \   000019   EE           MOV       A,R6
   \   00001A   A2E0         MOV       C,0xE0 /* A   */.0
   \   00001C   92AF         MOV       0xa8.7,C
    163          }
   \   00001E   7F01         MOV       R7,#0x1
   \   000020   02....       LJMP      ?INTERRUPT_LEAVE_XSP
   \   000023                REQUIRE _A_IEN0
   \   000023                REQUIRE _A_IRCON
   \   000023                REQUIRE DMAIRQ

   \                                 In  segment INTVEC, offset 0x43, root
   \                     `??halDmaIsr::??INTVEC 67`:
   \   000043   02....       LJMP       (halDmaIsr)
    164          #endif
    165          #endif  // #if ((defined HAL_DMA) && (HAL_DMA == TRUE))
    166          /******************************************************************************
    167          ******************************************************************************/

   Maximum stack usage in bytes:

   XSTACK Function
   ------ --------
      0   HalDmaInit
     14   halDmaIsr
       14   -> HalUARTIsrDMA


   Segment part sizes:

   Bytes  Function/Label
   -----  --------------
       1  DMA0CFGH
       1  DMA0CFGL
       1  DMA1CFGH
       1  DMA1CFGL
       1  DMAIRQ
      21  HalDmaInit
       1  _A_IEN0
       1  _A_IEN1
       1  _A_IRCON
       8  dmaCh0
      32  dmaCh1234
      35  halDmaIsr
       3  halDmaIsr::??INTVEC 67
       6  -- Other

 
 21 bytes in segment BANKED_CODE
  6 bytes in segment BANK_RELAYS
  3 bytes in segment INTVEC
 35 bytes in segment NEAR_CODE
  8 bytes in segment SFR_AN
 40 bytes in segment XDATA_Z
 
 41 bytes of CODE     memory (+ 3 bytes shared)
  0 bytes of DATA     memory (+ 8 bytes shared)
 21 bytes of HUGECODE memory
 40 bytes of XDATA    memory

Errors: none
Warnings: none
